[ 2016-01-27T09:42:08+08:00 ] 127.0.0.1 /
INFO: [ app_init ] --START--
INFO: Run Behavior\BuildLiteBehavior [ RunTime:0.000000s ]
INFO: [ app_init ] --END-- [ RunTime:0.000000s ]
INFO: [ app_begin ] --START--
INFO: Run Behavior\ReadHtmlCacheBehavior [ RunTime:0.000000s ]
INFO: [ app_begin ] --END-- [ RunTime:0.000000s ]
INFO: [ action_begin ] --START--
SQL: SHOW COLUMNS FROM `ecs_hooks` [ RunTime:0.0890s ]
SQL: SELECT `name`,`addons` FROM `ecs_hooks`  [ RunTime:0.0000s ]
SQL: SHOW COLUMNS FROM `ecs_addons` [ RunTime:0.1230s ]
SQL: SELECT `id`,`name` FROM `ecs_addons` WHERE `status` = 1 AND `name` IN ('SiteStat')  [ RunTime:0.1800s ]
INFO: Run Common\Behavior\InitHookBehavior [ RunTime:0.416024s ]
INFO: [ action_begin ] --END-- [ RunTime:0.416024s ]

[ 2016-01-27T09:42:09+08:00 ] 127.0.0.1 /index.php?m=Admin&c=Public&a=login
INFO: [ app_init ] --START--
INFO: Run Behavior\BuildLiteBehavior [ RunTime:0.000000s ]
INFO: [ app_init ] --END-- [ RunTime:0.000000s ]
INFO: [ app_begin ] --START--
INFO: Run Behavior\ReadHtmlCacheBehavior [ RunTime:0.000000s ]
INFO: [ app_begin ] --END-- [ RunTime:0.000000s ]
INFO: [ action_begin ] --START--
SQL: SHOW COLUMNS FROM `ecs_hooks` [ RunTime:0.0020s ]
SQL: SELECT `name`,`addons` FROM `ecs_hooks`  [ RunTime:0.0000s ]
SQL: SHOW COLUMNS FROM `ecs_addons` [ RunTime:0.0030s ]
SQL: SELECT `id`,`name` FROM `ecs_addons` WHERE `status` = 1 AND `name` IN ('SiteStat')  [ RunTime:0.0000s ]
INFO: Run Common\Behavior\InitHookBehavior [ RunTime:0.013001s ]
INFO: [ action_begin ] --END-- [ RunTime:0.013001s ]
INFO: [ view_parse ] --START--
INFO: [ template_filter ] --START--
INFO: Run Behavior\ContentReplaceBehavior [ RunTime:0.001001s ]
INFO: [ template_filter ] --END-- [ RunTime:0.001001s ]
INFO: Run Behavior\ParseTemplateBehavior [ RunTime:0.077004s ]
INFO: [ view_parse ] --END-- [ RunTime:0.077004s ]
INFO: [ view_filter ] --START--
INFO: Run Behavior\WriteHtmlCacheBehavior [ RunTime:0.001000s ]
INFO: [ view_filter ] --END-- [ RunTime:0.001000s ]
INFO: [ app_end ] --START--
INFO: Run Behavior\ShowPageTraceBehavior [ RunTime:0.001000s ]
INFO: [ app_end ] --END-- [ RunTime:0.001000s ]

[ 2016-01-27T09:42:20+08:00 ] 127.0.0.1 /index.php?m=Admin&c=Public&a=login
INFO: [ app_init ] --START--
INFO: Run Behavior\BuildLiteBehavior [ RunTime:0.000000s ]
INFO: [ app_init ] --END-- [ RunTime:0.002000s ]
INFO: [ app_begin ] --START--
INFO: Run Behavior\ReadHtmlCacheBehavior [ RunTime:0.000000s ]
INFO: [ app_begin ] --END-- [ RunTime:0.000000s ]
INFO: [ action_begin ] --START--
SQL: SHOW COLUMNS FROM `ecs_hooks` [ RunTime:0.0030s ]
SQL: SELECT `name`,`addons` FROM `ecs_hooks`  [ RunTime:0.0000s ]
SQL: SHOW COLUMNS FROM `ecs_addons` [ RunTime:0.0020s ]
SQL: SELECT `id`,`name` FROM `ecs_addons` WHERE `status` = 1 AND `name` IN ('SiteStat')  [ RunTime:0.0000s ]
INFO: Run Common\Behavior\InitHookBehavior [ RunTime:0.027001s ]
INFO: [ action_begin ] --END-- [ RunTime:0.027001s ]
SQL: SHOW COLUMNS FROM `ecs_users` [ RunTime:0.1500s ]
SQL: SELECT * FROM `ecs_users` WHERE `user_name` = 'admin' AND `password` = 'e99a18c428cb38d5f260853678922e03' LIMIT 1   [ RunTime:0.2170s ]
SQL: UPDATE `ecs_users` SET `last_login`='1453858940' WHERE ( user_id=65 ) [ RunTime:0.3790s ]
SQL: SHOW COLUMNS FROM `ecs_action` [ RunTime:0.0660s ]
SQL: SELECT * FROM `ecs_action` WHERE `name` = 'Admin_Login' LIMIT 1   [ RunTime:0.0000s ]
NOTIC: [2] call_user_func() expects parameter 1 to be a valid callback, function 'get_nickname' not found or invalid function name C:\Users\Edric\Desktop\ywy2\App\Common\Common\function.php 第 159 行.
NOTIC: [2] call_user_func() expects parameter 1 to be a valid callback, function 'time_format' not found or invalid function name C:\Users\Edric\Desktop\ywy2\App\Common\Common\function.php 第 159 行.
SQL: SHOW COLUMNS FROM `ecs_action_log` [ RunTime:0.0170s ]
SQL: INSERT INTO `ecs_action_log` (`action_id`,`user_id`,`action_ip`,`model`,`record_id`,`create_time`,`remark`) VALUES ('1','65','127.0.0.1','Users','65','1453858939','在登录了后台') [ RunTime:0.0530s ]
INFO: [ view_parse ] --START--
INFO: [ template_filter ] --START--
INFO: Run Behavior\ContentReplaceBehavior [ RunTime:0.000000s ]
INFO: [ template_filter ] --END-- [ RunTime:0.000000s ]
INFO: Run Behavior\ParseTemplateBehavior [ RunTime:0.026001s ]
INFO: [ view_parse ] --END-- [ RunTime:0.026001s ]
INFO: [ view_filter ] --START--
INFO: Run Behavior\WriteHtmlCacheBehavior [ RunTime:0.000000s ]
INFO: [ view_filter ] --END-- [ RunTime:0.000000s ]
INFO: [ app_end ] --START--
INFO: Run Behavior\ShowPageTraceBehavior [ RunTime:0.000000s ]
INFO: [ app_end ] --END-- [ RunTime:0.000000s ]

[ 2016-01-27T09:42:23+08:00 ] 127.0.0.1 /index.php?m=Admin&c=Index&a=index
INFO: [ app_init ] --START--
INFO: Run Behavior\BuildLiteBehavior [ RunTime:0.000000s ]
INFO: [ app_init ] --END-- [ RunTime:0.000000s ]
INFO: [ app_begin ] --START--
INFO: Run Behavior\ReadHtmlCacheBehavior [ RunTime:0.000000s ]
INFO: [ app_begin ] --END-- [ RunTime:0.000000s ]
INFO: [ action_begin ] --START--
SQL: SHOW COLUMNS FROM `ecs_hooks` [ RunTime:0.0020s ]
SQL: SELECT `name`,`addons` FROM `ecs_hooks`  [ RunTime:0.0000s ]
SQL: SHOW COLUMNS FROM `ecs_addons` [ RunTime:0.0020s ]
SQL: SELECT `id`,`name` FROM `ecs_addons` WHERE `status` = 1 AND `name` IN ('SiteStat')  [ RunTime:0.0000s ]
INFO: Run Common\Behavior\InitHookBehavior [ RunTime:0.021001s ]
INFO: [ action_begin ] --END-- [ RunTime:0.021001s ]
SQL: SHOW COLUMNS FROM `ecs_auth_group_access` [ RunTime:0.0870s ]
SQL: SELECT `uid`,`group_id`,`title`,`rules` FROM ecs_auth_group_access a INNER JOIN ecs_auth_group g on a.group_id=g.id  WHERE ( a.uid='65' and g.status='1' )  [ RunTime:0.1400s ]
SQL: SHOW COLUMNS FROM `ecs_auth_rule` [ RunTime:0.0410s ]
SQL: SELECT `id`,`pid`,`name`,`title`,`type`,`show_type`,`icon` FROM `ecs_auth_rule` WHERE `id` IN ('1','2','3','4','5','6','7','8','9','10','11','12','13','14','15','16','17','18','19','20','21','22','23','24','25','26','27','28','29','30','31','32','33','34','35','36','37','38','39','40','41','42','43','44','45','46','47','48','49','50','51','52','53','54','55','56','57','58','59','60','61','62','63','64','65','66','67','68','69','70','71','72','73','74','75','76','77','78','79','80','81','82','83','84','85','86','87','88','89','90','91','92','93','94','95','96','97','98','99','100','101','102','103','104','105','106','107','113') AND `hide` = 0 AND `status` = 1 ORDER BY sort asc  [ RunTime:0.2630s ]
SQL: SHOW COLUMNS FROM `ecs_users` [ RunTime:0.0650s ]
SQL: SELECT * FROM `ecs_users` WHERE ( user_id=65 ) LIMIT 1   [ RunTime:0.0010s ]
INFO: [ view_parse ] --START--
INFO: [ template_filter ] --START--
INFO: Run Behavior\ContentReplaceBehavior [ RunTime:0.000000s ]
INFO: [ template_filter ] --END-- [ RunTime:0.000000s ]
INFO: [ AdminIndex ] --START--
NOTIC: [2] mysql_get_server_info() [<a href='function.mysql-get-server-info'>function.mysql-get-server-info</a>]: Access denied for user ''@'localhost' (using password: NO) C:\Users\Edric\Desktop\ywy2\App\Addons\SiteStat\SiteStatAddon.class.php 第 43 行.
NOTIC: [2] mysql_get_server_info() [<a href='function.mysql-get-server-info'>function.mysql-get-server-info</a>]: A link to the server could not be established C:\Users\Edric\Desktop\ywy2\App\Addons\SiteStat\SiteStatAddon.class.php 第 43 行.
INFO: [ view_parse ] --START--
INFO: [ template_filter ] --START--
INFO: Run Behavior\ContentReplaceBehavior [ RunTime:0.000000s ]
INFO: [ template_filter ] --END-- [ RunTime:-1.288073s ]
INFO: Run Behavior\ParseTemplateBehavior [ RunTime:0.084005s ]
INFO: [ view_parse ] --END-- [ RunTime:0.084005s ]
INFO: [ view_filter ] --START--
INFO: Run Behavior\WriteHtmlCacheBehavior [ RunTime:0.000000s ]
INFO: [ view_filter ] --END-- [ RunTime:0.000000s ]
INFO: Run Addons\SiteStat\SiteStatAddon [ RunTime:1.290074s ]
INFO: [ AdminIndex ] --END-- [ RunTime:1.290074s ]
INFO: Run Behavior\ParseTemplateBehavior [ RunTime:0.084005s ]
INFO: [ view_parse ] --END-- [ RunTime:0.084005s ]
INFO: [ view_filter ] --START--
INFO: Run Behavior\WriteHtmlCacheBehavior [ RunTime:0.000000s ]
INFO: [ view_filter ] --END-- [ RunTime:0.000000s ]
INFO: [ app_end ] --START--
INFO: Run Behavior\ShowPageTraceBehavior [ RunTime:0.001000s ]
INFO: [ app_end ] --END-- [ RunTime:0.001000s ]

[ 2016-01-27T09:42:25+08:00 ] 127.0.0.1 /index.php?m=Admin&c=Index&a=menu&pid=1
INFO: [ app_init ] --START--
INFO: Run Behavior\BuildLiteBehavior [ RunTime:0.000000s ]
INFO: [ app_init ] --END-- [ RunTime:0.001000s ]
INFO: [ app_begin ] --START--
INFO: Run Behavior\ReadHtmlCacheBehavior [ RunTime:0.001000s ]
INFO: [ app_begin ] --END-- [ RunTime:0.001000s ]
INFO: [ action_begin ] --START--
SQL: SHOW COLUMNS FROM `ecs_hooks` [ RunTime:0.0040s ]
SQL: SELECT `name`,`addons` FROM `ecs_hooks`  [ RunTime:0.0010s ]
SQL: SHOW COLUMNS FROM `ecs_addons` [ RunTime:0.0050s ]
SQL: SELECT `id`,`name` FROM `ecs_addons` WHERE `status` = 1 AND `name` IN ('SiteStat')  [ RunTime:0.0010s ]
INFO: Run Common\Behavior\InitHookBehavior [ RunTime:0.024001s ]
INFO: [ action_begin ] --END-- [ RunTime:0.024001s ]
SQL: SHOW COLUMNS FROM `ecs_auth_group_access` [ RunTime:0.0060s ]
SQL: SELECT `uid`,`group_id`,`title`,`rules` FROM ecs_auth_group_access a INNER JOIN ecs_auth_group g on a.group_id=g.id  WHERE ( a.uid='65' and g.status='1' )  [ RunTime:0.0010s ]
SQL: SHOW COLUMNS FROM `ecs_auth_rule` [ RunTime:0.0070s ]
SQL: SELECT `id`,`pid`,`name`,`title`,`type`,`show_type`,`icon` FROM `ecs_auth_rule` WHERE `id` IN ('1','2','3','4','5','6','7','8','9','10','11','12','13','14','15','16','17','18','19','20','21','22','23','24','25','26','27','28','29','30','31','32','33','34','35','36','37','38','39','40','41','42','43','44','45','46','47','48','49','50','51','52','53','54','55','56','57','58','59','60','61','62','63','64','65','66','67','68','69','70','71','72','73','74','75','76','77','78','79','80','81','82','83','84','85','86','87','88','89','90','91','92','93','94','95','96','97','98','99','100','101','102','103','104','105','106','107','113') AND `hide` = 0 AND `status` = 1 ORDER BY sort asc  [ RunTime:0.0010s ]
INFO: [ view_parse ] --START--
INFO: [ template_filter ] --START--
INFO: Run Behavior\ContentReplaceBehavior [ RunTime:0.000000s ]
INFO: [ template_filter ] --END-- [ RunTime:0.000000s ]
INFO: Run Behavior\ParseTemplateBehavior [ RunTime:0.032002s ]
INFO: [ view_parse ] --END-- [ RunTime:0.032002s ]
INFO: [ view_filter ] --START--
INFO: Run Behavior\WriteHtmlCacheBehavior [ RunTime:0.001000s ]
INFO: [ view_filter ] --END-- [ RunTime:0.001000s ]
INFO: [ app_end ] --START--
INFO: Run Behavior\ShowPageTraceBehavior [ RunTime:0.000000s ]
INFO: [ app_end ] --END-- [ RunTime:0.000000s ]

[ 2016-01-27T09:42:27+08:00 ] 127.0.0.1 /index.php?m=Admin&c=Index&a=menu&pid=93
INFO: [ app_init ] --START--
INFO: Run Behavior\BuildLiteBehavior [ RunTime:0.000000s ]
INFO: [ app_init ] --END-- [ RunTime:0.001000s ]
INFO: [ app_begin ] --START--
INFO: Run Behavior\ReadHtmlCacheBehavior [ RunTime:0.001000s ]
INFO: [ app_begin ] --END-- [ RunTime:0.001000s ]
INFO: [ action_begin ] --START--
SQL: SHOW COLUMNS FROM `ecs_hooks` [ RunTime:0.0020s ]
SQL: SELECT `name`,`addons` FROM `ecs_hooks`  [ RunTime:0.0010s ]
SQL: SHOW COLUMNS FROM `ecs_addons` [ RunTime:0.0010s ]
SQL: SELECT `id`,`name` FROM `ecs_addons` WHERE `status` = 1 AND `name` IN ('SiteStat')  [ RunTime:0.0000s ]
INFO: Run Common\Behavior\InitHookBehavior [ RunTime:0.014001s ]
INFO: [ action_begin ] --END-- [ RunTime:0.014001s ]
SQL: SHOW COLUMNS FROM `ecs_auth_group_access` [ RunTime:0.0020s ]
SQL: SELECT `uid`,`group_id`,`title`,`rules` FROM ecs_auth_group_access a INNER JOIN ecs_auth_group g on a.group_id=g.id  WHERE ( a.uid='65' and g.status='1' )  [ RunTime:0.0000s ]
SQL: SHOW COLUMNS FROM `ecs_auth_rule` [ RunTime:0.0020s ]
SQL: SELECT `id`,`pid`,`name`,`title`,`type`,`show_type`,`icon` FROM `ecs_auth_rule` WHERE `id` IN ('1','2','3','4','5','6','7','8','9','10','11','12','13','14','15','16','17','18','19','20','21','22','23','24','25','26','27','28','29','30','31','32','33','34','35','36','37','38','39','40','41','42','43','44','45','46','47','48','49','50','51','52','53','54','55','56','57','58','59','60','61','62','63','64','65','66','67','68','69','70','71','72','73','74','75','76','77','78','79','80','81','82','83','84','85','86','87','88','89','90','91','92','93','94','95','96','97','98','99','100','101','102','103','104','105','106','107','113') AND `hide` = 0 AND `status` = 1 ORDER BY sort asc  [ RunTime:0.0000s ]
INFO: [ view_parse ] --START--
INFO: [ template_filter ] --START--
INFO: Run Behavior\ContentReplaceBehavior [ RunTime:0.000000s ]
INFO: [ template_filter ] --END-- [ RunTime:0.000000s ]
INFO: Run Behavior\ParseTemplateBehavior [ RunTime:0.007001s ]
INFO: [ view_parse ] --END-- [ RunTime:0.007001s ]
INFO: [ view_filter ] --START--
INFO: Run Behavior\WriteHtmlCacheBehavior [ RunTime:0.000000s ]
INFO: [ view_filter ] --END-- [ RunTime:0.001000s ]
INFO: [ app_end ] --START--
INFO: Run Behavior\ShowPageTraceBehavior [ RunTime:0.000000s ]
INFO: [ app_end ] --END-- [ RunTime:0.000000s ]

[ 2016-01-27T09:42:28+08:00 ] 127.0.0.1 /index.php?m=Admin&c=DepCenter&a=index&_=1453858944112
INFO: [ app_init ] --START--
INFO: Run Behavior\BuildLiteBehavior [ RunTime:0.000000s ]
INFO: [ app_init ] --END-- [ RunTime:0.000000s ]
INFO: [ app_begin ] --START--
INFO: Run Behavior\ReadHtmlCacheBehavior [ RunTime:0.000000s ]
INFO: [ app_begin ] --END-- [ RunTime:0.000000s ]
INFO: [ action_begin ] --START--
SQL: SHOW COLUMNS FROM `ecs_hooks` [ RunTime:0.0050s ]
SQL: SELECT `name`,`addons` FROM `ecs_hooks`  [ RunTime:0.0010s ]
SQL: SHOW COLUMNS FROM `ecs_addons` [ RunTime:0.0020s ]
SQL: SELECT `id`,`name` FROM `ecs_addons` WHERE `status` = 1 AND `name` IN ('SiteStat')  [ RunTime:0.0000s ]
INFO: Run Common\Behavior\InitHookBehavior [ RunTime:0.017000s ]
INFO: [ action_begin ] --END-- [ RunTime:0.017000s ]
SQL: SHOW COLUMNS FROM `ecs_auth_group_access` [ RunTime:0.0030s ]
SQL: SELECT `uid`,`group_id`,`title`,`rules` FROM ecs_auth_group_access a INNER JOIN ecs_auth_group g on a.group_id=g.id  WHERE ( a.uid='65' and g.status='1' )  [ RunTime:0.0010s ]
SQL: SHOW COLUMNS FROM `ecs_auth_rule` [ RunTime:0.0020s ]
SQL: SELECT `condition`,`name` FROM `ecs_auth_rule` WHERE `id` IN ('1','2','3','4','5','6','7','8','9','10','11','12','13','14','15','16','17','18','19','20','21','22','23','24','25','26','27','28','29','30','31','32','33','34','35','36','37','38','39','40','41','42','43','44','45','46','47','48','49','50','51','52','53','54','55','56','57','58','59','60','61','62','63','64','65','66','67','68','69','70','71','72','73','74','75','76','77','78','79','80','81','82','83','84','85','86','87','88','89','90','91','92','93','94','95','96','97','98','99','100','101','102','103','104','105','106','107','113') AND `type` = 1 AND `status` = 1  [ RunTime:0.0000s ]
SQL: SHOW COLUMNS FROM `ecs_users` [ RunTime:0.0020s ]
INFO: [ view_parse ] --START--
INFO: [ template_filter ] --START--
INFO: Run Behavior\ContentReplaceBehavior [ RunTime:0.000000s ]
INFO: [ template_filter ] --END-- [ RunTime:0.000000s ]
NOTIC: [8] Undefined variable: total C:\Users\Edric\Desktop\ywy2\Runtime\Cache\Admin\1b029a9bb4ffbd60b7ad134d989fc5fd.php 第 23 行.
INFO: Run Behavior\ParseTemplateBehavior [ RunTime:0.004000s ]
INFO: [ view_parse ] --END-- [ RunTime:0.004000s ]
INFO: [ view_filter ] --START--
INFO: Run Behavior\WriteHtmlCacheBehavior [ RunTime:0.000000s ]
INFO: [ view_filter ] --END-- [ RunTime:0.000000s ]
INFO: [ app_end ] --START--
INFO: Run Behavior\ShowPageTraceBehavior [ RunTime:0.000000s ]
INFO: [ app_end ] --END-- [ RunTime:0.000000s ]

[ 2016-01-27T09:42:28+08:00 ] 127.0.0.1 /index.php?m=Admin&c=DepCenter&a=index
INFO: [ app_init ] --START--
INFO: Run Behavior\BuildLiteBehavior [ RunTime:0.000000s ]
INFO: [ app_init ] --END-- [ RunTime:0.001000s ]
INFO: [ app_begin ] --START--
INFO: Run Behavior\ReadHtmlCacheBehavior [ RunTime:0.001000s ]
INFO: [ app_begin ] --END-- [ RunTime:0.001000s ]
INFO: [ action_begin ] --START--
SQL: SHOW COLUMNS FROM `ecs_hooks` [ RunTime:0.0030s ]
SQL: SELECT `name`,`addons` FROM `ecs_hooks`  [ RunTime:0.0000s ]
SQL: SHOW COLUMNS FROM `ecs_addons` [ RunTime:0.0040s ]
SQL: SELECT `id`,`name` FROM `ecs_addons` WHERE `status` = 1 AND `name` IN ('SiteStat')  [ RunTime:0.0010s ]
INFO: Run Common\Behavior\InitHookBehavior [ RunTime:0.022002s ]
INFO: [ action_begin ] --END-- [ RunTime:0.022002s ]
SQL: SHOW COLUMNS FROM `ecs_auth_group_access` [ RunTime:0.0030s ]
SQL: SELECT `uid`,`group_id`,`title`,`rules` FROM ecs_auth_group_access a INNER JOIN ecs_auth_group g on a.group_id=g.id  WHERE ( a.uid='65' and g.status='1' )  [ RunTime:0.0000s ]
SQL: SHOW COLUMNS FROM `ecs_auth_rule` [ RunTime:0.0060s ]
SQL: SELECT `condition`,`name` FROM `ecs_auth_rule` WHERE `id` IN ('1','2','3','4','5','6','7','8','9','10','11','12','13','14','15','16','17','18','19','20','21','22','23','24','25','26','27','28','29','30','31','32','33','34','35','36','37','38','39','40','41','42','43','44','45','46','47','48','49','50','51','52','53','54','55','56','57','58','59','60','61','62','63','64','65','66','67','68','69','70','71','72','73','74','75','76','77','78','79','80','81','82','83','84','85','86','87','88','89','90','91','92','93','94','95','96','97','98','99','100','101','102','103','104','105','106','107','113') AND `type` = 1 AND `status` = 1  [ RunTime:0.0010s ]
SQL: SHOW COLUMNS FROM `ecs_users` [ RunTime:0.0030s ]
SQL: SELECT COUNT(*) AS tp_count FROM `ecs_users` LIMIT 1   [ RunTime:0.0520s ]
SQL: SELECT * FROM `ecs_users` ORDER BY user_id asc LIMIT 0,20   [ RunTime:0.0010s ]

[ 2016-01-27T10:05:48+08:00 ] 127.0.0.1 /index.php?m=Admin&c=Index&a=menu&pid=79
INFO: [ app_init ] --START--
INFO: Run Behavior\BuildLiteBehavior [ RunTime:0.000000s ]
INFO: [ app_init ] --END-- [ RunTime:0.001001s ]
INFO: [ app_begin ] --START--
INFO: Run Behavior\ReadHtmlCacheBehavior [ RunTime:0.002000s ]
INFO: [ app_begin ] --END-- [ RunTime:0.002000s ]
INFO: [ action_begin ] --START--
SQL: SHOW COLUMNS FROM `ecs_hooks` [ RunTime:2.4461s ]
SQL: SELECT `name`,`addons` FROM `ecs_hooks`  [ RunTime:0.2000s ]
SQL: SHOW COLUMNS FROM `ecs_addons` [ RunTime:0.4340s ]
SQL: SELECT `id`,`name` FROM `ecs_addons` WHERE `status` = 1 AND `name` IN ('SiteStat')  [ RunTime:0.3860s ]
INFO: Run Common\Behavior\InitHookBehavior [ RunTime:10.082577s ]
INFO: [ action_begin ] --END-- [ RunTime:10.082577s ]
SQL: SHOW COLUMNS FROM `ecs_auth_group_access` [ RunTime:0.3100s ]
SQL: SELECT `uid`,`group_id`,`title`,`rules` FROM ecs_auth_group_access a INNER JOIN ecs_auth_group g on a.group_id=g.id  WHERE ( a.uid='65' and g.status='1' )  [ RunTime:0.3560s ]
SQL: SHOW COLUMNS FROM `ecs_auth_rule` [ RunTime:0.4590s ]
SQL: SELECT `id`,`pid`,`name`,`title`,`type`,`show_type`,`icon` FROM `ecs_auth_rule` WHERE `id` IN ('1','2','3','4','5','6','7','8','9','10','11','12','13','14','15','16','17','18','19','20','21','22','23','24','25','26','27','28','29','30','31','32','33','34','35','36','37','38','39','40','41','42','43','44','45','46','47','48','49','50','51','52','53','54','55','56','57','58','59','60','61','62','63','64','65','66','67','68','69','70','71','72','73','74','75','76','77','78','79','80','81','82','83','84','85','86','87','88','89','90','91','92','93','94','95','96','97','98','99','100','101','102','103','104','105','106','107','113') AND `hide` = 0 AND `status` = 1 ORDER BY sort asc  [ RunTime:0.4870s ]
INFO: [ view_parse ] --START--
INFO: [ template_filter ] --START--
INFO: Run Behavior\ContentReplaceBehavior [ RunTime:0.000000s ]
INFO: [ template_filter ] --END-- [ RunTime:0.000000s ]
INFO: Run Behavior\ParseTemplateBehavior [ RunTime:0.374021s ]
INFO: [ view_parse ] --END-- [ RunTime:0.374021s ]
INFO: [ view_filter ] --START--
INFO: Run Behavior\WriteHtmlCacheBehavior [ RunTime:0.001000s ]
INFO: [ view_filter ] --END-- [ RunTime:0.002000s ]
INFO: [ app_end ] --START--
INFO: Run Behavior\ShowPageTraceBehavior [ RunTime:0.002000s ]
INFO: [ app_end ] --END-- [ RunTime:0.002000s ]

[ 2016-01-27T10:05:49+08:00 ] 127.0.0.1 /index.php?m=Admin&c=Index&a=menu&pid=93
INFO: [ app_init ] --START--
INFO: Run Behavior\BuildLiteBehavior [ RunTime:0.000000s ]
INFO: [ app_init ] --END-- [ RunTime:0.000000s ]
INFO: [ app_begin ] --START--
INFO: Run Behavior\ReadHtmlCacheBehavior [ RunTime:0.001000s ]
INFO: [ app_begin ] --END-- [ RunTime:0.001000s ]
INFO: [ action_begin ] --START--
SQL: SHOW COLUMNS FROM `ecs_hooks` [ RunTime:0.1270s ]
SQL: SELECT `name`,`addons` FROM `ecs_hooks`  [ RunTime:0.0010s ]
SQL: SHOW COLUMNS FROM `ecs_addons` [ RunTime:0.5680s ]
SQL: SELECT `id`,`name` FROM `ecs_addons` WHERE `status` = 1 AND `name` IN ('SiteStat')  [ RunTime:0.0000s ]
INFO: Run Common\Behavior\InitHookBehavior [ RunTime:0.763044s ]
INFO: [ action_begin ] --END-- [ RunTime:0.763044s ]
SQL: SHOW COLUMNS FROM `ecs_auth_group_access` [ RunTime:0.0030s ]
SQL: SELECT `uid`,`group_id`,`title`,`rules` FROM ecs_auth_group_access a INNER JOIN ecs_auth_group g on a.group_id=g.id  WHERE ( a.uid='65' and g.status='1' )  [ RunTime:0.0000s ]
SQL: SHOW COLUMNS FROM `ecs_auth_rule` [ RunTime:0.0030s ]
SQL: SELECT `id`,`pid`,`name`,`title`,`type`,`show_type`,`icon` FROM `ecs_auth_rule` WHERE `id` IN ('1','2','3','4','5','6','7','8','9','10','11','12','13','14','15','16','17','18','19','20','21','22','23','24','25','26','27','28','29','30','31','32','33','34','35','36','37','38','39','40','41','42','43','44','45','46','47','48','49','50','51','52','53','54','55','56','57','58','59','60','61','62','63','64','65','66','67','68','69','70','71','72','73','74','75','76','77','78','79','80','81','82','83','84','85','86','87','88','89','90','91','92','93','94','95','96','97','98','99','100','101','102','103','104','105','106','107','113') AND `hide` = 0 AND `status` = 1 ORDER BY sort asc  [ RunTime:0.0000s ]
INFO: [ view_parse ] --START--
INFO: [ template_filter ] --START--
INFO: Run Behavior\ContentReplaceBehavior [ RunTime:0.000000s ]
INFO: [ template_filter ] --END-- [ RunTime:0.000000s ]
INFO: Run Behavior\ParseTemplateBehavior [ RunTime:0.020002s ]
INFO: [ view_parse ] --END-- [ RunTime:0.020002s ]
INFO: [ view_filter ] --START--
INFO: Run Behavior\WriteHtmlCacheBehavior [ RunTime:0.000000s ]
INFO: [ view_filter ] --END-- [ RunTime:0.000000s ]
INFO: [ app_end ] --START--
INFO: Run Behavior\ShowPageTraceBehavior [ RunTime:0.000000s ]
INFO: [ app_end ] --END-- [ RunTime:0.000000s ]

[ 2016-01-27T10:07:54+08:00 ] 127.0.0.1 /
INFO: [ app_init ] --START--
INFO: Run Behavior\BuildLiteBehavior [ RunTime:0.000000s ]
INFO: [ app_init ] --END-- [ RunTime:0.066004s ]
INFO: [ app_begin ] --START--
INFO: Run Behavior\ReadHtmlCacheBehavior [ RunTime:0.221013s ]
INFO: [ app_begin ] --END-- [ RunTime:0.221013s ]
INFO: [ action_begin ] --START--
SQL: SHOW COLUMNS FROM `ecs_hooks` [ RunTime:0.0030s ]
SQL: SELECT `name`,`addons` FROM `ecs_hooks`  [ RunTime:0.0000s ]
SQL: SHOW COLUMNS FROM `ecs_addons` [ RunTime:0.0030s ]
SQL: SELECT `id`,`name` FROM `ecs_addons` WHERE `status` = 1 AND `name` IN ('SiteStat')  [ RunTime:0.0010s ]
INFO: Run Common\Behavior\InitHookBehavior [ RunTime:1.343077s ]
INFO: [ action_begin ] --END-- [ RunTime:1.343077s ]

[ 2016-01-27T10:07:56+08:00 ] 127.0.0.1 /index.php?m=Admin&c=Public&a=login
INFO: [ app_init ] --START--
INFO: Run Behavior\BuildLiteBehavior [ RunTime:0.000000s ]
INFO: [ app_init ] --END-- [ RunTime:0.001000s ]
INFO: [ app_begin ] --START--
INFO: Run Behavior\ReadHtmlCacheBehavior [ RunTime:0.001000s ]
INFO: [ app_begin ] --END-- [ RunTime:0.001000s ]
INFO: [ action_begin ] --START--
SQL: SHOW COLUMNS FROM `ecs_hooks` [ RunTime:0.0020s ]
SQL: SELECT `name`,`addons` FROM `ecs_hooks`  [ RunTime:0.0010s ]
SQL: SHOW COLUMNS FROM `ecs_addons` [ RunTime:0.0020s ]
SQL: SELECT `id`,`name` FROM `ecs_addons` WHERE `status` = 1 AND `name` IN ('SiteStat')  [ RunTime:0.0010s ]
INFO: Run Common\Behavior\InitHookBehavior [ RunTime:0.019001s ]
INFO: [ action_begin ] --END-- [ RunTime:0.019001s ]
INFO: [ view_parse ] --START--
INFO: [ template_filter ] --START--
INFO: Run Behavior\ContentReplaceBehavior [ RunTime:0.000000s ]
INFO: [ template_filter ] --END-- [ RunTime:0.000000s ]
INFO: Run Behavior\ParseTemplateBehavior [ RunTime:0.500029s ]
INFO: [ view_parse ] --END-- [ RunTime:0.500029s ]
INFO: [ view_filter ] --START--
INFO: Run Behavior\WriteHtmlCacheBehavior [ RunTime:0.176010s ]
INFO: [ view_filter ] --END-- [ RunTime:0.176010s ]
INFO: [ app_end ] --START--
INFO: Run Behavior\ShowPageTraceBehavior [ RunTime:0.291017s ]
INFO: [ app_end ] --END-- [ RunTime:0.291017s ]

[ 2016-01-27T10:08:40+08:00 ] 127.0.0.1 /index.php?m=Admin&c=Public&a=login
INFO: [ app_init ] --START--
INFO: Run Behavior\BuildLiteBehavior [ RunTime:0.000000s ]
INFO: [ app_init ] --END-- [ RunTime:0.000000s ]
INFO: [ app_begin ] --START--
INFO: Run Behavior\ReadHtmlCacheBehavior [ RunTime:0.001000s ]
INFO: [ app_begin ] --END-- [ RunTime:0.001000s ]
INFO: [ action_begin ] --START--
SQL: SHOW COLUMNS FROM `ecs_hooks` [ RunTime:0.0010s ]
SQL: SELECT `name`,`addons` FROM `ecs_hooks`  [ RunTime:0.0000s ]
SQL: SHOW COLUMNS FROM `ecs_addons` [ RunTime:0.0020s ]
SQL: SELECT `id`,`name` FROM `ecs_addons` WHERE `status` = 1 AND `name` IN ('SiteStat')  [ RunTime:0.0000s ]
INFO: Run Common\Behavior\InitHookBehavior [ RunTime:0.013001s ]
INFO: [ action_begin ] --END-- [ RunTime:0.013001s ]
SQL: SHOW COLUMNS FROM `ecs_users` [ RunTime:0.0830s ]
SQL: SELECT * FROM `ecs_users` WHERE `user_name` = 'admin' AND `password` = 'e99a18c428cb38d5f260853678922e03' LIMIT 1   [ RunTime:0.1170s ]
SQL: UPDATE `ecs_users` SET `last_login`='1453860520' WHERE ( user_id=65 ) [ RunTime:0.0870s ]
SQL: SHOW COLUMNS FROM `ecs_action` [ RunTime:0.0820s ]
SQL: SELECT * FROM `ecs_action` WHERE `name` = 'Admin_Login' LIMIT 1   [ RunTime:0.0010s ]
NOTIC: [2] call_user_func() expects parameter 1 to be a valid callback, function 'get_nickname' not found or invalid function name C:\Users\Edric\Desktop\ywy2\App\Common\Common\function.php 第 159 行.
NOTIC: [2] call_user_func() expects parameter 1 to be a valid callback, function 'time_format' not found or invalid function name C:\Users\Edric\Desktop\ywy2\App\Common\Common\function.php 第 159 行.
SQL: SHOW COLUMNS FROM `ecs_action_log` [ RunTime:0.0530s ]
SQL: INSERT INTO `ecs_action_log` (`action_id`,`user_id`,`action_ip`,`model`,`record_id`,`create_time`,`remark`) VALUES ('1','65','127.0.0.1','Users','65','1453860519','在登录了后台') [ RunTime:0.0350s ]
INFO: [ view_parse ] --START--
INFO: [ template_filter ] --START--
INFO: Run Behavior\ContentReplaceBehavior [ RunTime:0.000000s ]
INFO: [ template_filter ] --END-- [ RunTime:0.001000s ]
INFO: Run Behavior\ParseTemplateBehavior [ RunTime:0.049003s ]
INFO: [ view_parse ] --END-- [ RunTime:0.049003s ]
INFO: [ view_filter ] --START--
INFO: Run Behavior\WriteHtmlCacheBehavior [ RunTime:0.000000s ]
INFO: [ view_filter ] --END-- [ RunTime:0.000000s ]
INFO: [ app_end ] --START--
INFO: Run Behavior\ShowPageTraceBehavior [ RunTime:0.001000s ]
INFO: [ app_end ] --END-- [ RunTime:0.001000s ]

[ 2016-01-27T10:08:44+08:00 ] 127.0.0.1 /index.php?m=Admin&c=Index&a=index
INFO: [ app_init ] --START--
INFO: Run Behavior\BuildLiteBehavior [ RunTime:0.000000s ]
INFO: [ app_init ] --END-- [ RunTime:0.000000s ]
INFO: [ app_begin ] --START--
INFO: Run Behavior\ReadHtmlCacheBehavior [ RunTime:0.000000s ]
INFO: [ app_begin ] --END-- [ RunTime:0.000000s ]
INFO: [ action_begin ] --START--
SQL: SHOW COLUMNS FROM `ecs_hooks` [ RunTime:0.0020s ]
SQL: SELECT `name`,`addons` FROM `ecs_hooks`  [ RunTime:0.0000s ]
SQL: SHOW COLUMNS FROM `ecs_addons` [ RunTime:0.0020s ]
SQL: SELECT `id`,`name` FROM `ecs_addons` WHERE `status` = 1 AND `name` IN ('SiteStat')  [ RunTime:0.0000s ]
INFO: Run Common\Behavior\InitHookBehavior [ RunTime:0.015000s ]
INFO: [ action_begin ] --END-- [ RunTime:0.015000s ]
SQL: SHOW COLUMNS FROM `ecs_auth_group_access` [ RunTime:0.0080s ]
SQL: SELECT `uid`,`group_id`,`title`,`rules` FROM ecs_auth_group_access a INNER JOIN ecs_auth_group g on a.group_id=g.id  WHERE ( a.uid='65' and g.status='1' )  [ RunTime:0.0010s ]
SQL: SHOW COLUMNS FROM `ecs_auth_rule` [ RunTime:0.0040s ]
SQL: SELECT `id`,`pid`,`name`,`title`,`type`,`show_type`,`icon` FROM `ecs_auth_rule` WHERE `id` IN ('1','2','3','4','5','6','7','8','9','10','11','12','13','14','15','16','17','18','19','20','21','22','23','24','25','26','27','28','29','30','31','32','33','34','35','36','37','38','39','40','41','42','43','44','45','46','47','48','49','50','51','52','53','54','55','56','57','58','59','60','61','62','63','64','65','66','67','68','69','70','71','72','73','74','75','76','77','78','79','80','81','82','83','84','85','86','87','88','89','90','91','92','93','94','95','96','97','98','99','100','101','102','103','104','105','106','107','113') AND `hide` = 0 AND `status` = 1 ORDER BY sort asc  [ RunTime:0.0010s ]
SQL: SHOW COLUMNS FROM `ecs_users` [ RunTime:0.0050s ]
SQL: SELECT * FROM `ecs_users` WHERE ( user_id=65 ) LIMIT 1   [ RunTime:0.0010s ]
INFO: [ view_parse ] --START--
INFO: [ template_filter ] --START--
INFO: Run Behavior\ContentReplaceBehavior [ RunTime:0.000000s ]
INFO: [ template_filter ] --END-- [ RunTime:0.001000s ]
INFO: [ AdminIndex ] --START--
NOTIC: [2] mysql_get_server_info() [<a href='function.mysql-get-server-info'>function.mysql-get-server-info</a>]: Access denied for user ''@'localhost' (using password: NO) C:\Users\Edric\Desktop\ywy2\App\Addons\SiteStat\SiteStatAddon.class.php 第 43 行.
NOTIC: [2] mysql_get_server_info() [<a href='function.mysql-get-server-info'>function.mysql-get-server-info</a>]: A link to the server could not be established C:\Users\Edric\Desktop\ywy2\App\Addons\SiteStat\SiteStatAddon.class.php 第 43 行.
INFO: [ view_parse ] --START--
INFO: [ template_filter ] --START--
INFO: Run Behavior\ContentReplaceBehavior [ RunTime:0.000000s ]
INFO: [ template_filter ] --END-- [ RunTime:-1.545088s ]
INFO: Run Behavior\ParseTemplateBehavior [ RunTime:0.160009s ]
INFO: [ view_parse ] --END-- [ RunTime:0.161009s ]
INFO: [ view_filter ] --START--
INFO: Run Behavior\WriteHtmlCacheBehavior [ RunTime:0.000000s ]
INFO: [ view_filter ] --END-- [ RunTime:0.000000s ]
INFO: Run Addons\SiteStat\SiteStatAddon [ RunTime:1.464084s ]
INFO: [ AdminIndex ] --END-- [ RunTime:1.464084s ]
INFO: Run Behavior\ParseTemplateBehavior [ RunTime:0.161009s ]
INFO: [ view_parse ] --END-- [ RunTime:0.161009s ]
INFO: [ view_filter ] --START--
INFO: Run Behavior\WriteHtmlCacheBehavior [ RunTime:0.000000s ]
INFO: [ view_filter ] --END-- [ RunTime:-0.001000s ]
INFO: [ app_end ] --START--
INFO: Run Behavior\ShowPageTraceBehavior [ RunTime:0.001000s ]
INFO: [ app_end ] --END-- [ RunTime:0.001000s ]

[ 2016-01-27T10:09:12+08:00 ] 127.0.0.1 /index.php?m=Admin&c=Index&a=menu&pid=1
INFO: [ app_init ] --START--
INFO: Run Behavior\BuildLiteBehavior [ RunTime:0.000000s ]
INFO: [ app_init ] --END-- [ RunTime:0.000000s ]
INFO: [ app_begin ] --START--
INFO: Run Behavior\ReadHtmlCacheBehavior [ RunTime:0.001000s ]
INFO: [ app_begin ] --END-- [ RunTime:0.001000s ]
INFO: [ action_begin ] --START--
SQL: SHOW COLUMNS FROM `ecs_hooks` [ RunTime:0.0020s ]
SQL: SELECT `name`,`addons` FROM `ecs_hooks`  [ RunTime:0.0000s ]
SQL: SHOW COLUMNS FROM `ecs_addons` [ RunTime:0.0030s ]
SQL: SELECT `id`,`name` FROM `ecs_addons` WHERE `status` = 1 AND `name` IN ('SiteStat')  [ RunTime:0.0010s ]
INFO: Run Common\Behavior\InitHookBehavior [ RunTime:0.021001s ]
INFO: [ action_begin ] --END-- [ RunTime:0.021001s ]
SQL: SHOW COLUMNS FROM `ecs_auth_group_access` [ RunTime:0.0030s ]
SQL: SELECT `uid`,`group_id`,`title`,`rules` FROM ecs_auth_group_access a INNER JOIN ecs_auth_group g on a.group_id=g.id  WHERE ( a.uid='65' and g.status='1' )  [ RunTime:0.0000s ]
SQL: SHOW COLUMNS FROM `ecs_auth_rule` [ RunTime:0.0040s ]
SQL: SELECT `id`,`pid`,`name`,`title`,`type`,`show_type`,`icon` FROM `ecs_auth_rule` WHERE `id` IN ('1','2','3','4','5','6','7','8','9','10','11','12','13','14','15','16','17','18','19','20','21','22','23','24','25','26','27','28','29','30','31','32','33','34','35','36','37','38','39','40','41','42','43','44','45','46','47','48','49','50','51','52','53','54','55','56','57','58','59','60','61','62','63','64','65','66','67','68','69','70','71','72','73','74','75','76','77','78','79','80','81','82','83','84','85','86','87','88','89','90','91','92','93','94','95','96','97','98','99','100','101','102','103','104','105','106','107','113') AND `hide` = 0 AND `status` = 1 ORDER BY sort asc  [ RunTime:0.0010s ]
INFO: [ view_parse ] --START--
INFO: [ template_filter ] --START--
INFO: Run Behavior\ContentReplaceBehavior [ RunTime:0.000000s ]
INFO: [ template_filter ] --END-- [ RunTime:0.000000s ]
INFO: Run Behavior\ParseTemplateBehavior [ RunTime:0.090005s ]
INFO: [ view_parse ] --END-- [ RunTime:0.091005s ]
INFO: [ view_filter ] --START--
INFO: Run Behavior\WriteHtmlCacheBehavior [ RunTime:0.000000s ]
INFO: [ view_filter ] --END-- [ RunTime:0.001000s ]
INFO: [ app_end ] --START--
INFO: Run Behavior\ShowPageTraceBehavior [ RunTime:0.000000s ]
INFO: [ app_end ] --END-- [ RunTime:0.000000s ]

[ 2016-01-27T10:16:03+08:00 ] 127.0.0.1 /index.php?m=Admin&c=Index&a=menu&pid=93
INFO: [ app_init ] --START--
INFO: Run Behavior\BuildLiteBehavior [ RunTime:0.000000s ]
INFO: [ app_init ] --END-- [ RunTime:0.018001s ]
INFO: [ app_begin ] --START--
INFO: Run Behavior\ReadHtmlCacheBehavior [ RunTime:0.096005s ]
INFO: [ app_begin ] --END-- [ RunTime:0.096005s ]
INFO: [ action_begin ] --START--
SQL: SHOW COLUMNS FROM `ecs_hooks` [ RunTime:0.0520s ]
SQL: SELECT `name`,`addons` FROM `ecs_hooks`  [ RunTime:0.0000s ]
SQL: SHOW COLUMNS FROM `ecs_addons` [ RunTime:0.0030s ]
SQL: SELECT `id`,`name` FROM `ecs_addons` WHERE `status` = 1 AND `name` IN ('SiteStat')  [ RunTime:0.0000s ]
INFO: Run Common\Behavior\InitHookBehavior [ RunTime:0.330019s ]
INFO: [ action_begin ] --END-- [ RunTime:0.331019s ]
SQL: SHOW COLUMNS FROM `ecs_auth_group_access` [ RunTime:0.0070s ]
SQL: SELECT `uid`,`group_id`,`title`,`rules` FROM ecs_auth_group_access a INNER JOIN ecs_auth_group g on a.group_id=g.id  WHERE ( a.uid='65' and g.status='1' )  [ RunTime:0.0010s ]
SQL: SHOW COLUMNS FROM `ecs_auth_rule` [ RunTime:0.0030s ]
SQL: SELECT `id`,`pid`,`name`,`title`,`type`,`show_type`,`icon` FROM `ecs_auth_rule` WHERE `id` IN ('1','2','3','4','5','6','7','8','9','10','11','12','13','14','15','16','17','18','19','20','21','22','23','24','25','26','27','28','29','30','31','32','33','34','35','36','37','38','39','40','41','42','43','44','45','46','47','48','49','50','51','52','53','54','55','56','57','58','59','60','61','62','63','64','65','66','67','68','69','70','71','72','73','74','75','76','77','78','79','80','81','82','83','84','85','86','87','88','89','90','91','92','93','94','95','96','97','98','99','100','101','102','103','104','105','106','107','113') AND `hide` = 0 AND `status` = 1 ORDER BY sort asc  [ RunTime:0.0010s ]
INFO: [ view_parse ] --START--
INFO: [ template_filter ] --START--
INFO: Run Behavior\ContentReplaceBehavior [ RunTime:0.000000s ]
INFO: [ template_filter ] --END-- [ RunTime:0.000000s ]
INFO: Run Behavior\ParseTemplateBehavior [ RunTime:0.180010s ]
INFO: [ view_parse ] --END-- [ RunTime:0.180010s ]
INFO: [ view_filter ] --START--
INFO: Run Behavior\WriteHtmlCacheBehavior [ RunTime:0.053003s ]
INFO: [ view_filter ] --END-- [ RunTime:0.054003s ]
INFO: [ app_end ] --START--
INFO: Run Behavior\ShowPageTraceBehavior [ RunTime:0.009001s ]
INFO: [ app_end ] --END-- [ RunTime:0.009001s ]

[ 2016-01-27T10:16:03+08:00 ] 127.0.0.1 /index.php?m=Admin&c=Index&a=menu&pid=93
INFO: [ app_init ] --START--
INFO: Run Behavior\BuildLiteBehavior [ RunTime:0.000000s ]
INFO: [ app_init ] --END-- [ RunTime:0.000000s ]
INFO: [ app_begin ] --START--
INFO: Run Behavior\ReadHtmlCacheBehavior [ RunTime:0.001000s ]
INFO: [ app_begin ] --END-- [ RunTime:0.001000s ]
INFO: [ action_begin ] --START--
SQL: SHOW COLUMNS FROM `ecs_hooks` [ RunTime:0.0440s ]
SQL: SELECT `name`,`addons` FROM `ecs_hooks`  [ RunTime:0.0000s ]
SQL: SHOW COLUMNS FROM `ecs_addons` [ RunTime:0.0280s ]
SQL: SELECT `id`,`name` FROM `ecs_addons` WHERE `status` = 1 AND `name` IN ('SiteStat')  [ RunTime:0.0000s ]
INFO: Run Common\Behavior\InitHookBehavior [ RunTime:0.080005s ]
INFO: [ action_begin ] --END-- [ RunTime:0.081005s ]
SQL: SHOW COLUMNS FROM `ecs_auth_group_access` [ RunTime:0.0110s ]
SQL: SELECT `uid`,`group_id`,`title`,`rules` FROM ecs_auth_group_access a INNER JOIN ecs_auth_group g on a.group_id=g.id  WHERE ( a.uid='65' and g.status='1' )  [ RunTime:0.0000s ]
SQL: SHOW COLUMNS FROM `ecs_auth_rule` [ RunTime:0.0330s ]
SQL: SELECT `id`,`pid`,`name`,`title`,`type`,`show_type`,`icon` FROM `ecs_auth_rule` WHERE `id` IN ('1','2','3','4','5','6','7','8','9','10','11','12','13','14','15','16','17','18','19','20','21','22','23','24','25','26','27','28','29','30','31','32','33','34','35','36','37','38','39','40','41','42','43','44','45','46','47','48','49','50','51','52','53','54','55','56','57','58','59','60','61','62','63','64','65','66','67','68','69','70','71','72','73','74','75','76','77','78','79','80','81','82','83','84','85','86','87','88','89','90','91','92','93','94','95','96','97','98','99','100','101','102','103','104','105','106','107','113') AND `hide` = 0 AND `status` = 1 ORDER BY sort asc  [ RunTime:0.0020s ]
INFO: [ view_parse ] --START--
INFO: [ template_filter ] --START--
INFO: Run Behavior\ContentReplaceBehavior [ RunTime:0.000000s ]
INFO: [ template_filter ] --END-- [ RunTime:0.000000s ]
INFO: Run Behavior\ParseTemplateBehavior [ RunTime:0.014001s ]
INFO: [ view_parse ] --END-- [ RunTime:0.014001s ]
INFO: [ view_filter ] --START--
INFO: Run Behavior\WriteHtmlCacheBehavior [ RunTime:0.000000s ]
INFO: [ view_filter ] --END-- [ RunTime:0.000000s ]
INFO: [ app_end ] --START--
INFO: Run Behavior\ShowPageTraceBehavior [ RunTime:0.001000s ]
INFO: [ app_end ] --END-- [ RunTime:0.001000s ]

[ 2016-01-27T10:16:03+08:00 ] 127.0.0.1 /index.php?m=Admin&c=Index&a=menu&pid=79
INFO: [ app_init ] --START--
INFO: Run Behavior\BuildLiteBehavior [ RunTime:0.000000s ]
INFO: [ app_init ] --END-- [ RunTime:0.001000s ]
INFO: [ app_begin ] --START--
INFO: Run Behavior\ReadHtmlCacheBehavior [ RunTime:0.000000s ]
INFO: [ app_begin ] --END-- [ RunTime:0.000000s ]
INFO: [ action_begin ] --START--
SQL: SHOW COLUMNS FROM `ecs_hooks` [ RunTime:0.0280s ]
SQL: SELECT `name`,`addons` FROM `ecs_hooks`  [ RunTime:0.0000s ]
SQL: SHOW COLUMNS FROM `ecs_addons` [ RunTime:0.0020s ]
SQL: SELECT `id`,`name` FROM `ecs_addons` WHERE `status` = 1 AND `name` IN ('SiteStat')  [ RunTime:0.0000s ]
INFO: Run Common\Behavior\InitHookBehavior [ RunTime:0.043002s ]
INFO: [ action_begin ] --END-- [ RunTime:0.043002s ]
SQL: SHOW COLUMNS FROM `ecs_auth_group_access` [ RunTime:0.0020s ]
SQL: SELECT `uid`,`group_id`,`title`,`rules` FROM ecs_auth_group_access a INNER JOIN ecs_auth_group g on a.group_id=g.id  WHERE ( a.uid='65' and g.status='1' )  [ RunTime:0.0000s ]
SQL: SHOW COLUMNS FROM `ecs_auth_rule` [ RunTime:0.0020s ]
SQL: SELECT `id`,`pid`,`name`,`title`,`type`,`show_type`,`icon` FROM `ecs_auth_rule` WHERE `id` IN ('1','2','3','4','5','6','7','8','9','10','11','12','13','14','15','16','17','18','19','20','21','22','23','24','25','26','27','28','29','30','31','32','33','34','35','36','37','38','39','40','41','42','43','44','45','46','47','48','49','50','51','52','53','54','55','56','57','58','59','60','61','62','63','64','65','66','67','68','69','70','71','72','73','74','75','76','77','78','79','80','81','82','83','84','85','86','87','88','89','90','91','92','93','94','95','96','97','98','99','100','101','102','103','104','105','106','107','113') AND `hide` = 0 AND `status` = 1 ORDER BY sort asc  [ RunTime:0.0010s ]
INFO: [ view_parse ] --START--
INFO: [ template_filter ] --START--
INFO: Run Behavior\ContentReplaceBehavior [ RunTime:0.000000s ]
INFO: [ template_filter ] --END-- [ RunTime:0.000000s ]
INFO: Run Behavior\ParseTemplateBehavior [ RunTime:0.015001s ]
INFO: [ view_parse ] --END-- [ RunTime:0.016001s ]
INFO: [ view_filter ] --START--
INFO: Run Behavior\WriteHtmlCacheBehavior [ RunTime:0.000000s ]
INFO: [ view_filter ] --END-- [ RunTime:0.000000s ]
INFO: [ app_end ] --START--
INFO: Run Behavior\ShowPageTraceBehavior [ RunTime:0.000000s ]
INFO: [ app_end ] --END-- [ RunTime:0.000000s ]

[ 2016-01-27T10:16:04+08:00 ] 127.0.0.1 /index.php?m=Admin&c=Config&a=group&_=1453860525624
INFO: [ app_init ] --START--
INFO: Run Behavior\BuildLiteBehavior [ RunTime:0.000000s ]
INFO: [ app_init ] --END-- [ RunTime:0.000000s ]
INFO: [ app_begin ] --START--
INFO: Run Behavior\ReadHtmlCacheBehavior [ RunTime:0.001000s ]
INFO: [ app_begin ] --END-- [ RunTime:0.001000s ]
INFO: [ action_begin ] --START--
SQL: SHOW COLUMNS FROM `ecs_hooks` [ RunTime:0.1390s ]
SQL: SELECT `name`,`addons` FROM `ecs_hooks`  [ RunTime:0.0000s ]
SQL: SHOW COLUMNS FROM `ecs_addons` [ RunTime:0.0070s ]
SQL: SELECT `id`,`name` FROM `ecs_addons` WHERE `status` = 1 AND `name` IN ('SiteStat')  [ RunTime:0.0000s ]
INFO: Run Common\Behavior\InitHookBehavior [ RunTime:0.159009s ]
INFO: [ action_begin ] --END-- [ RunTime:0.159009s ]
SQL: SHOW COLUMNS FROM `ecs_auth_group_access` [ RunTime:0.0220s ]
SQL: SELECT `uid`,`group_id`,`title`,`rules` FROM ecs_auth_group_access a INNER JOIN ecs_auth_group g on a.group_id=g.id  WHERE ( a.uid='65' and g.status='1' )  [ RunTime:0.0010s ]
SQL: SHOW COLUMNS FROM `ecs_auth_rule` [ RunTime:0.0050s ]
SQL: SELECT `condition`,`name` FROM `ecs_auth_rule` WHERE `id` IN ('1','2','3','4','5','6','7','8','9','10','11','12','13','14','15','16','17','18','19','20','21','22','23','24','25','26','27','28','29','30','31','32','33','34','35','36','37','38','39','40','41','42','43','44','45','46','47','48','49','50','51','52','53','54','55','56','57','58','59','60','61','62','63','64','65','66','67','68','69','70','71','72','73','74','75','76','77','78','79','80','81','82','83','84','85','86','87','88','89','90','91','92','93','94','95','96','97','98','99','100','101','102','103','104','105','106','107','113') AND `type` = 1 AND `status` = 1  [ RunTime:0.0010s ]
NOTIC: [2048] Declaration of Admin\Model\ConfigModel::cache() should be compatible with that of Think\Model::cache() C:\Users\Edric\Desktop\ywy2\App\Admin\Model\ConfigModel.class.php 第 29 行.
SQL: SHOW COLUMNS FROM `ecs_config` [ RunTime:0.3210s ]
SQL: SHOW COLUMNS FROM `ecs_config` [ RunTime:0.0100s ]
SQL: SELECT `id`,`name`,`title`,`extra`,`value`,`remark`,`type` FROM `ecs_config` WHERE `status` = 1 AND `group` = 1 ORDER BY sort  [ RunTime:0.0930s ]
INFO: [ view_parse ] --START--
INFO: [ template_filter ] --START--
INFO: Run Behavior\ContentReplaceBehavior [ RunTime:0.000000s ]
INFO: [ template_filter ] --END-- [ RunTime:0.000000s ]
INFO: Run Behavior\ParseTemplateBehavior [ RunTime:0.135008s ]
INFO: [ view_parse ] --END-- [ RunTime:0.136008s ]
INFO: [ view_filter ] --START--
INFO: Run Behavior\WriteHtmlCacheBehavior [ RunTime:0.000000s ]
INFO: [ view_filter ] --END-- [ RunTime:0.000000s ]
INFO: [ app_end ] --START--
INFO: Run Behavior\ShowPageTraceBehavior [ RunTime:0.001000s ]
INFO: [ app_end ] --END-- [ RunTime:0.001000s ]

[ 2016-01-27T10:16:04+08:00 ] 127.0.0.1 /index.php?m=Admin&c=Index&a=menu&pid=79
INFO: [ app_init ] --START--
INFO: Run Behavior\BuildLiteBehavior [ RunTime:0.000000s ]
INFO: [ app_init ] --END-- [ RunTime:0.000000s ]
INFO: [ app_begin ] --START--
INFO: Run Behavior\ReadHtmlCacheBehavior [ RunTime:0.001000s ]
INFO: [ app_begin ] --END-- [ RunTime:0.001000s ]
INFO: [ action_begin ] --START--
SQL: SHOW COLUMNS FROM `ecs_hooks` [ RunTime:0.0630s ]
SQL: SELECT `name`,`addons` FROM `ecs_hooks`  [ RunTime:0.0010s ]
SQL: SHOW COLUMNS FROM `ecs_addons` [ RunTime:0.0080s ]
SQL: SELECT `id`,`name` FROM `ecs_addons` WHERE `status` = 1 AND `name` IN ('SiteStat')  [ RunTime:0.0000s ]
INFO: Run Common\Behavior\InitHookBehavior [ RunTime:0.090006s ]
INFO: [ action_begin ] --END-- [ RunTime:0.090006s ]
SQL: SHOW COLUMNS FROM `ecs_auth_group_access` [ RunTime:0.0040s ]
SQL: SELECT `uid`,`group_id`,`title`,`rules` FROM ecs_auth_group_access a INNER JOIN ecs_auth_group g on a.group_id=g.id  WHERE ( a.uid='65' and g.status='1' )  [ RunTime:0.0010s ]
SQL: SHOW COLUMNS FROM `ecs_auth_rule` [ RunTime:0.0040s ]
SQL: SELECT `id`,`pid`,`name`,`title`,`type`,`show_type`,`icon` FROM `ecs_auth_rule` WHERE `id` IN ('1','2','3','4','5','6','7','8','9','10','11','12','13','14','15','16','17','18','19','20','21','22','23','24','25','26','27','28','29','30','31','32','33','34','35','36','37','38','39','40','41','42','43','44','45','46','47','48','49','50','51','52','53','54','55','56','57','58','59','60','61','62','63','64','65','66','67','68','69','70','71','72','73','74','75','76','77','78','79','80','81','82','83','84','85','86','87','88','89','90','91','92','93','94','95','96','97','98','99','100','101','102','103','104','105','106','107','113') AND `hide` = 0 AND `status` = 1 ORDER BY sort asc  [ RunTime:0.0010s ]
INFO: [ view_parse ] --START--
INFO: [ template_filter ] --START--
INFO: Run Behavior\ContentReplaceBehavior [ RunTime:0.000000s ]
INFO: [ template_filter ] --END-- [ RunTime:0.000000s ]
INFO: Run Behavior\ParseTemplateBehavior [ RunTime:0.011001s ]
INFO: [ view_parse ] --END-- [ RunTime:0.011001s ]
INFO: [ view_filter ] --START--
INFO: Run Behavior\WriteHtmlCacheBehavior [ RunTime:0.000000s ]
INFO: [ view_filter ] --END-- [ RunTime:0.000000s ]
INFO: [ app_end ] --START--
INFO: Run Behavior\ShowPageTraceBehavior [ RunTime:0.001000s ]
INFO: [ app_end ] --END-- [ RunTime:0.001000s ]

[ 2016-01-27T10:16:05+08:00 ] 127.0.0.1 /index.php?m=Admin&c=Index&a=menu&pid=79
INFO: [ app_init ] --START--
INFO: Run Behavior\BuildLiteBehavior [ RunTime:0.000000s ]
INFO: [ app_init ] --END-- [ RunTime:0.000000s ]
INFO: [ app_begin ] --START--
INFO: Run Behavior\ReadHtmlCacheBehavior [ RunTime:0.000000s ]
INFO: [ app_begin ] --END-- [ RunTime:0.000000s ]
INFO: [ action_begin ] --START--
SQL: SHOW COLUMNS FROM `ecs_hooks` [ RunTime:0.0020s ]
SQL: SELECT `name`,`addons` FROM `ecs_hooks`  [ RunTime:0.0000s ]
SQL: SHOW COLUMNS FROM `ecs_addons` [ RunTime:0.0020s ]
SQL: SELECT `id`,`name` FROM `ecs_addons` WHERE `status` = 1 AND `name` IN ('SiteStat')  [ RunTime:0.0000s ]
INFO: Run Common\Behavior\InitHookBehavior [ RunTime:0.013001s ]
INFO: [ action_begin ] --END-- [ RunTime:0.013001s ]
SQL: SHOW COLUMNS FROM `ecs_auth_group_access` [ RunTime:0.0020s ]
SQL: SELECT `uid`,`group_id`,`title`,`rules` FROM ecs_auth_group_access a INNER JOIN ecs_auth_group g on a.group_id=g.id  WHERE ( a.uid='65' and g.status='1' )  [ RunTime:0.0010s ]
SQL: SHOW COLUMNS FROM `ecs_auth_rule` [ RunTime:0.0020s ]
SQL: SELECT `id`,`pid`,`name`,`title`,`type`,`show_type`,`icon` FROM `ecs_auth_rule` WHERE `id` IN ('1','2','3','4','5','6','7','8','9','10','11','12','13','14','15','16','17','18','19','20','21','22','23','24','25','26','27','28','29','30','31','32','33','34','35','36','37','38','39','40','41','42','43','44','45','46','47','48','49','50','51','52','53','54','55','56','57','58','59','60','61','62','63','64','65','66','67','68','69','70','71','72','73','74','75','76','77','78','79','80','81','82','83','84','85','86','87','88','89','90','91','92','93','94','95','96','97','98','99','100','101','102','103','104','105','106','107','113') AND `hide` = 0 AND `status` = 1 ORDER BY sort asc  [ RunTime:0.0000s ]
INFO: [ view_parse ] --START--
INFO: [ template_filter ] --START--
INFO: Run Behavior\ContentReplaceBehavior [ RunTime:0.000000s ]
INFO: [ template_filter ] --END-- [ RunTime:0.000000s ]
INFO: Run Behavior\ParseTemplateBehavior [ RunTime:0.005001s ]
INFO: [ view_parse ] --END-- [ RunTime:0.005001s ]
INFO: [ view_filter ] --START--
INFO: Run Behavior\WriteHtmlCacheBehavior [ RunTime:0.000000s ]
INFO: [ view_filter ] --END-- [ RunTime:0.000000s ]
INFO: [ app_end ] --START--
INFO: Run Behavior\ShowPageTraceBehavior [ RunTime:0.001000s ]
INFO: [ app_end ] --END-- [ RunTime:0.001000s ]

[ 2016-01-27T10:16:06+08:00 ] 127.0.0.1 /index.php?m=Admin&c=Index&a=menu&pid=79
INFO: [ app_init ] --START--
INFO: Run Behavior\BuildLiteBehavior [ RunTime:0.000000s ]
INFO: [ app_init ] --END-- [ RunTime:0.000000s ]
INFO: [ app_begin ] --START--
INFO: Run Behavior\ReadHtmlCacheBehavior [ RunTime:0.000000s ]
INFO: [ app_begin ] --END-- [ RunTime:0.000000s ]
INFO: [ action_begin ] --START--
SQL: SHOW COLUMNS FROM `ecs_hooks` [ RunTime:0.0040s ]
SQL: SELECT `name`,`addons` FROM `ecs_hooks`  [ RunTime:0.0000s ]
SQL: SHOW COLUMNS FROM `ecs_addons` [ RunTime:0.0020s ]
SQL: SELECT `id`,`name` FROM `ecs_addons` WHERE `status` = 1 AND `name` IN ('SiteStat')  [ RunTime:0.0000s ]
INFO: Run Common\Behavior\InitHookBehavior [ RunTime:0.024001s ]
INFO: [ action_begin ] --END-- [ RunTime:0.024001s ]
SQL: SHOW COLUMNS FROM `ecs_auth_group_access` [ RunTime:0.0990s ]
SQL: SELECT `uid`,`group_id`,`title`,`rules` FROM ecs_auth_group_access a INNER JOIN ecs_auth_group g on a.group_id=g.id  WHERE ( a.uid='65' and g.status='1' )  [ RunTime:0.0010s ]
SQL: SHOW COLUMNS FROM `ecs_auth_rule` [ RunTime:0.0030s ]
SQL: SELECT `id`,`pid`,`name`,`title`,`type`,`show_type`,`icon` FROM `ecs_auth_rule` WHERE `id` IN ('1','2','3','4','5','6','7','8','9','10','11','12','13','14','15','16','17','18','19','20','21','22','23','24','25','26','27','28','29','30','31','32','33','34','35','36','37','38','39','40','41','42','43','44','45','46','47','48','49','50','51','52','53','54','55','56','57','58','59','60','61','62','63','64','65','66','67','68','69','70','71','72','73','74','75','76','77','78','79','80','81','82','83','84','85','86','87','88','89','90','91','92','93','94','95','96','97','98','99','100','101','102','103','104','105','106','107','113') AND `hide` = 0 AND `status` = 1 ORDER BY sort asc  [ RunTime:0.0010s ]
INFO: [ view_parse ] --START--
INFO: [ template_filter ] --START--
INFO: Run Behavior\ContentReplaceBehavior [ RunTime:0.000000s ]
INFO: [ template_filter ] --END-- [ RunTime:0.000000s ]
INFO: Run Behavior\ParseTemplateBehavior [ RunTime:0.006000s ]
INFO: [ view_parse ] --END-- [ RunTime:0.007000s ]
INFO: [ view_filter ] --START--
INFO: Run Behavior\WriteHtmlCacheBehavior [ RunTime:0.000000s ]
INFO: [ view_filter ] --END-- [ RunTime:0.000000s ]
INFO: [ app_end ] --START--
INFO: Run Behavior\ShowPageTraceBehavior [ RunTime:0.000000s ]
INFO: [ app_end ] --END-- [ RunTime:0.000000s ]

[ 2016-01-27T10:16:07+08:00 ] 127.0.0.1 /index.php?m=Admin&c=UserCenter&a=index&_=1453860525625
INFO: [ app_init ] --START--
INFO: Run Behavior\BuildLiteBehavior [ RunTime:0.000000s ]
INFO: [ app_init ] --END-- [ RunTime:0.000000s ]
INFO: [ app_begin ] --START--
INFO: Run Behavior\ReadHtmlCacheBehavior [ RunTime:0.001000s ]
INFO: [ app_begin ] --END-- [ RunTime:0.001000s ]
INFO: [ action_begin ] --START--
SQL: SHOW COLUMNS FROM `ecs_hooks` [ RunTime:0.0020s ]
SQL: SELECT `name`,`addons` FROM `ecs_hooks`  [ RunTime:0.0000s ]
SQL: SHOW COLUMNS FROM `ecs_addons` [ RunTime:0.0020s ]
SQL: SELECT `id`,`name` FROM `ecs_addons` WHERE `status` = 1 AND `name` IN ('SiteStat')  [ RunTime:0.0000s ]
INFO: Run Common\Behavior\InitHookBehavior [ RunTime:0.021001s ]
INFO: [ action_begin ] --END-- [ RunTime:0.021001s ]
SQL: SHOW COLUMNS FROM `ecs_auth_group_access` [ RunTime:0.0020s ]
SQL: SELECT `uid`,`group_id`,`title`,`rules` FROM ecs_auth_group_access a INNER JOIN ecs_auth_group g on a.group_id=g.id  WHERE ( a.uid='65' and g.status='1' )  [ RunTime:0.0010s ]
SQL: SHOW COLUMNS FROM `ecs_auth_rule` [ RunTime:0.0020s ]
SQL: SELECT `condition`,`name` FROM `ecs_auth_rule` WHERE `id` IN ('1','2','3','4','5','6','7','8','9','10','11','12','13','14','15','16','17','18','19','20','21','22','23','24','25','26','27','28','29','30','31','32','33','34','35','36','37','38','39','40','41','42','43','44','45','46','47','48','49','50','51','52','53','54','55','56','57','58','59','60','61','62','63','64','65','66','67','68','69','70','71','72','73','74','75','76','77','78','79','80','81','82','83','84','85','86','87','88','89','90','91','92','93','94','95','96','97','98','99','100','101','102','103','104','105','106','107','113') AND `type` = 1 AND `status` = 1  [ RunTime:0.0000s ]
SQL: SHOW COLUMNS FROM `ecs_users` [ RunTime:0.0020s ]
SQL: SHOW COLUMNS FROM `ecs_users` [ RunTime:0.0020s ]
SQL: SELECT * FROM `ecs_users` WHERE ( user_id=65 ) LIMIT 1   [ RunTime:0.0010s ]
INFO: [ view_parse ] --START--
INFO: [ template_filter ] --START--
INFO: Run Behavior\ContentReplaceBehavior [ RunTime:0.000000s ]
INFO: [ template_filter ] --END-- [ RunTime:0.000000s ]
INFO: Run Behavior\ParseTemplateBehavior [ RunTime:0.064003s ]
INFO: [ view_parse ] --END-- [ RunTime:0.065003s ]
INFO: [ view_filter ] --START--
INFO: Run Behavior\WriteHtmlCacheBehavior [ RunTime:0.000000s ]
INFO: [ view_filter ] --END-- [ RunTime:0.000000s ]
INFO: [ app_end ] --START--
INFO: Run Behavior\ShowPageTraceBehavior [ RunTime:0.002000s ]
INFO: [ app_end ] --END-- [ RunTime:0.002000s ]

[ 2016-01-27T10:16:08+08:00 ] 127.0.0.1 /index.php?m=Admin&c=Index&a=menu&_=1453860525626
INFO: [ app_init ] --START--
INFO: Run Behavior\BuildLiteBehavior [ RunTime:0.001000s ]
INFO: [ app_init ] --END-- [ RunTime:0.001000s ]
INFO: [ app_begin ] --START--
INFO: Run Behavior\ReadHtmlCacheBehavior [ RunTime:0.001000s ]
INFO: [ app_begin ] --END-- [ RunTime:0.001000s ]
INFO: [ action_begin ] --START--
SQL: SHOW COLUMNS FROM `ecs_hooks` [ RunTime:0.0020s ]
SQL: SELECT `name`,`addons` FROM `ecs_hooks`  [ RunTime:0.0000s ]
SQL: SHOW COLUMNS FROM `ecs_addons` [ RunTime:0.0020s ]
SQL: SELECT `id`,`name` FROM `ecs_addons` WHERE `status` = 1 AND `name` IN ('SiteStat')  [ RunTime:0.0010s ]
INFO: Run Common\Behavior\InitHookBehavior [ RunTime:0.012001s ]
INFO: [ action_begin ] --END-- [ RunTime:0.012001s ]
SQL: SHOW COLUMNS FROM `ecs_auth_group_access` [ RunTime:0.0020s ]
SQL: SELECT `uid`,`group_id`,`title`,`rules` FROM ecs_auth_group_access a INNER JOIN ecs_auth_group g on a.group_id=g.id  WHERE ( a.uid='65' and g.status='1' )  [ RunTime:0.0000s ]
SQL: SHOW COLUMNS FROM `ecs_auth_rule` [ RunTime:0.0020s ]
SQL: SELECT `id`,`pid`,`name`,`title`,`type`,`show_type`,`icon` FROM `ecs_auth_rule` WHERE `id` IN ('1','2','3','4','5','6','7','8','9','10','11','12','13','14','15','16','17','18','19','20','21','22','23','24','25','26','27','28','29','30','31','32','33','34','35','36','37','38','39','40','41','42','43','44','45','46','47','48','49','50','51','52','53','54','55','56','57','58','59','60','61','62','63','64','65','66','67','68','69','70','71','72','73','74','75','76','77','78','79','80','81','82','83','84','85','86','87','88','89','90','91','92','93','94','95','96','97','98','99','100','101','102','103','104','105','106','107','113') AND `hide` = 0 AND `status` = 1 ORDER BY sort asc  [ RunTime:0.0010s ]
NOTIC: [8] Undefined offset: 0 C:\Users\Edric\Desktop\ywy2\App\Admin\Controller\IndexController.class.php 第 29 行.
INFO: [ view_parse ] --START--
INFO: [ template_filter ] --START--
INFO: Run Behavior\ContentReplaceBehavior [ RunTime:0.000000s ]
INFO: [ template_filter ] --END-- [ RunTime:0.000000s ]
INFO: Run Behavior\ParseTemplateBehavior [ RunTime:0.005000s ]
INFO: [ view_parse ] --END-- [ RunTime:0.005000s ]
INFO: [ view_filter ] --START--
INFO: Run Behavior\WriteHtmlCacheBehavior [ RunTime:0.000000s ]
INFO: [ view_filter ] --END-- [ RunTime:0.000000s ]
INFO: [ app_end ] --START--
INFO: Run Behavior\ShowPageTraceBehavior [ RunTime:0.000000s ]
INFO: [ app_end ] --END-- [ RunTime:0.000000s ]

[ 2016-01-27T10:16:11+08:00 ] 127.0.0.1 /index.php?m=Admin&c=Index&a=menu&_=1453860525627
INFO: [ app_init ] --START--
INFO: Run Behavior\BuildLiteBehavior [ RunTime:0.000000s ]
INFO: [ app_init ] --END-- [ RunTime:0.001000s ]
INFO: [ app_begin ] --START--
INFO: Run Behavior\ReadHtmlCacheBehavior [ RunTime:0.000000s ]
INFO: [ app_begin ] --END-- [ RunTime:0.000000s ]
INFO: [ action_begin ] --START--
SQL: SHOW COLUMNS FROM `ecs_hooks` [ RunTime:0.0040s ]
SQL: SELECT `name`,`addons` FROM `ecs_hooks`  [ RunTime:0.0000s ]
SQL: SHOW COLUMNS FROM `ecs_addons` [ RunTime:0.0030s ]
SQL: SELECT `id`,`name` FROM `ecs_addons` WHERE `status` = 1 AND `name` IN ('SiteStat')  [ RunTime:0.0010s ]
INFO: Run Common\Behavior\InitHookBehavior [ RunTime:0.017001s ]
INFO: [ action_begin ] --END-- [ RunTime:0.017001s ]
SQL: SHOW COLUMNS FROM `ecs_auth_group_access` [ RunTime:0.0020s ]
SQL: SELECT `uid`,`group_id`,`title`,`rules` FROM ecs_auth_group_access a INNER JOIN ecs_auth_group g on a.group_id=g.id  WHERE ( a.uid='65' and g.status='1' )  [ RunTime:0.0000s ]
SQL: SHOW COLUMNS FROM `ecs_auth_rule` [ RunTime:0.0020s ]
SQL: SELECT `id`,`pid`,`name`,`title`,`type`,`show_type`,`icon` FROM `ecs_auth_rule` WHERE `id` IN ('1','2','3','4','5','6','7','8','9','10','11','12','13','14','15','16','17','18','19','20','21','22','23','24','25','26','27','28','29','30','31','32','33','34','35','36','37','38','39','40','41','42','43','44','45','46','47','48','49','50','51','52','53','54','55','56','57','58','59','60','61','62','63','64','65','66','67','68','69','70','71','72','73','74','75','76','77','78','79','80','81','82','83','84','85','86','87','88','89','90','91','92','93','94','95','96','97','98','99','100','101','102','103','104','105','106','107','113') AND `hide` = 0 AND `status` = 1 ORDER BY sort asc  [ RunTime:0.0000s ]
NOTIC: [8] Undefined offset: 0 C:\Users\Edric\Desktop\ywy2\App\Admin\Controller\IndexController.class.php 第 29 行.
INFO: [ view_parse ] --START--
INFO: [ template_filter ] --START--
INFO: Run Behavior\ContentReplaceBehavior [ RunTime:0.000000s ]
INFO: [ template_filter ] --END-- [ RunTime:0.001000s ]
INFO: Run Behavior\ParseTemplateBehavior [ RunTime:0.006000s ]
INFO: [ view_parse ] --END-- [ RunTime:0.006000s ]
INFO: [ view_filter ] --START--
INFO: Run Behavior\WriteHtmlCacheBehavior [ RunTime:0.000000s ]
INFO: [ view_filter ] --END-- [ RunTime:0.000000s ]
INFO: [ app_end ] --START--
INFO: Run Behavior\ShowPageTraceBehavior [ RunTime:0.000000s ]
INFO: [ app_end ] --END-- [ RunTime:0.000000s ]

[ 2016-01-27T10:34:19+08:00 ] 127.0.0.1 /index.php?m=Admin&c=Index&a=menu&pid=93
INFO: [ app_init ] --START--
INFO: Run Behavior\BuildLiteBehavior [ RunTime:0.000000s ]
INFO: [ app_init ] --END-- [ RunTime:0.000000s ]
INFO: [ app_begin ] --START--
INFO: Run Behavior\ReadHtmlCacheBehavior [ RunTime:0.005000s ]
INFO: [ app_begin ] --END-- [ RunTime:0.005000s ]
INFO: [ action_begin ] --START--
SQL: SHOW COLUMNS FROM `ecs_hooks` [ RunTime:0.0880s ]
SQL: SELECT `name`,`addons` FROM `ecs_hooks`  [ RunTime:0.0010s ]
SQL: SHOW COLUMNS FROM `ecs_addons` [ RunTime:0.0710s ]
SQL: SELECT `id`,`name` FROM `ecs_addons` WHERE `status` = 1 AND `name` IN ('SiteStat')  [ RunTime:0.0130s ]
INFO: Run Common\Behavior\InitHookBehavior [ RunTime:0.952054s ]
INFO: [ action_begin ] --END-- [ RunTime:0.952054s ]
SQL: SHOW COLUMNS FROM `ecs_auth_group_access` [ RunTime:0.0180s ]
SQL: SELECT `uid`,`group_id`,`title`,`rules` FROM ecs_auth_group_access a INNER JOIN ecs_auth_group g on a.group_id=g.id  WHERE ( a.uid='65' and g.status='1' )  [ RunTime:0.0100s ]
SQL: SHOW COLUMNS FROM `ecs_auth_rule` [ RunTime:0.0030s ]
SQL: SELECT `id`,`pid`,`name`,`title`,`type`,`show_type`,`icon` FROM `ecs_auth_rule` WHERE `id` IN ('1','2','3','4','5','6','7','8','9','10','11','12','13','14','15','16','17','18','19','20','21','22','23','24','25','26','27','28','29','30','31','32','33','34','35','36','37','38','39','40','41','42','43','44','45','46','47','48','49','50','51','52','53','54','55','56','57','58','59','60','61','62','63','64','65','66','67','68','69','70','71','72','73','74','75','76','77','78','79','80','81','82','83','84','85','86','87','88','89','90','91','92','93','94','95','96','97','98','99','100','101','102','103','104','105','106','107','113') AND `hide` = 0 AND `status` = 1 ORDER BY sort asc  [ RunTime:0.0030s ]
INFO: [ view_parse ] --START--
INFO: [ template_filter ] --START--
INFO: Run Behavior\ContentReplaceBehavior [ RunTime:0.000000s ]
INFO: [ template_filter ] --END-- [ RunTime:0.000000s ]
INFO: Run Behavior\ParseTemplateBehavior [ RunTime:0.105006s ]
INFO: [ view_parse ] --END-- [ RunTime:0.106006s ]
INFO: [ view_filter ] --START--
INFO: Run Behavior\WriteHtmlCacheBehavior [ RunTime:0.006001s ]
INFO: [ view_filter ] --END-- [ RunTime:0.006001s ]
INFO: [ app_end ] --START--
INFO: Run Behavior\ShowPageTraceBehavior [ RunTime:0.007000s ]
INFO: [ app_end ] --END-- [ RunTime:0.007000s ]

[ 2016-01-27T11:35:29+08:00 ] 127.0.0.1 /index.php?m=Admin&c=Index&a=menu&pid=93
INFO: [ app_init ] --START--
INFO: Run Behavior\BuildLiteBehavior [ RunTime:0.000000s ]
INFO: [ app_init ] --END-- [ RunTime:0.001000s ]
INFO: [ app_begin ] --START--
INFO: Run Behavior\ReadHtmlCacheBehavior [ RunTime:0.042003s ]
INFO: [ app_begin ] --END-- [ RunTime:0.042003s ]
INFO: [ action_begin ] --START--
SQL: SHOW COLUMNS FROM `ecs_hooks` [ RunTime:0.9591s ]
SQL: SELECT `name`,`addons` FROM `ecs_hooks`  [ RunTime:0.0360s ]
SQL: SHOW COLUMNS FROM `ecs_addons` [ RunTime:0.2120s ]
SQL: SELECT `id`,`name` FROM `ecs_addons` WHERE `status` = 1 AND `name` IN ('SiteStat')  [ RunTime:0.3470s ]
INFO: Run Common\Behavior\InitHookBehavior [ RunTime:5.586320s ]
INFO: [ action_begin ] --END-- [ RunTime:5.586320s ]
SQL: SHOW COLUMNS FROM `ecs_auth_group_access` [ RunTime:0.1960s ]
SQL: SELECT `uid`,`group_id`,`title`,`rules` FROM ecs_auth_group_access a INNER JOIN ecs_auth_group g on a.group_id=g.id  WHERE ( a.uid='65' and g.status='1' )  [ RunTime:0.1070s ]
SQL: SHOW COLUMNS FROM `ecs_auth_rule` [ RunTime:0.0470s ]
SQL: SELECT `id`,`pid`,`name`,`title`,`type`,`show_type`,`icon` FROM `ecs_auth_rule` WHERE `id` IN ('1','2','3','4','5','6','7','8','9','10','11','12','13','14','15','16','17','18','19','20','21','22','23','24','25','26','27','28','29','30','31','32','33','34','35','36','37','38','39','40','41','42','43','44','45','46','47','48','49','50','51','52','53','54','55','56','57','58','59','60','61','62','63','64','65','66','67','68','69','70','71','72','73','74','75','76','77','78','79','80','81','82','83','84','85','86','87','88','89','90','91','92','93','94','95','96','97','98','99','100','101','102','103','104','105','106','107','113') AND `hide` = 0 AND `status` = 1 ORDER BY sort asc  [ RunTime:0.0620s ]
INFO: [ view_parse ] --START--
INFO: [ template_filter ] --START--
INFO: Run Behavior\ContentReplaceBehavior [ RunTime:0.000000s ]
INFO: [ template_filter ] --END-- [ RunTime:0.001000s ]
INFO: Run Behavior\ParseTemplateBehavior [ RunTime:0.230013s ]
INFO: [ view_parse ] --END-- [ RunTime:0.230013s ]
INFO: [ view_filter ] --START--
INFO: Run Behavior\WriteHtmlCacheBehavior [ RunTime:0.052003s ]
INFO: [ view_filter ] --END-- [ RunTime:0.052003s ]
INFO: [ app_end ] --START--
INFO: Run Behavior\ShowPageTraceBehavior [ RunTime:0.007001s ]
INFO: [ app_end ] --END-- [ RunTime:0.007001s ]

[ 2016-01-27T11:35:30+08:00 ] 127.0.0.1 /index.php?m=Admin&c=DepCenter&a=index&_=1453860525628
INFO: [ app_init ] --START--
INFO: Run Behavior\BuildLiteBehavior [ RunTime:0.000000s ]
INFO: [ app_init ] --END-- [ RunTime:0.000000s ]
INFO: [ app_begin ] --START--
INFO: Run Behavior\ReadHtmlCacheBehavior [ RunTime:0.000000s ]
INFO: [ app_begin ] --END-- [ RunTime:0.000000s ]
INFO: [ action_begin ] --START--
SQL: SHOW COLUMNS FROM `ecs_hooks` [ RunTime:0.0140s ]
SQL: SELECT `name`,`addons` FROM `ecs_hooks`  [ RunTime:0.0010s ]
SQL: SHOW COLUMNS FROM `ecs_addons` [ RunTime:0.0080s ]
SQL: SELECT `id`,`name` FROM `ecs_addons` WHERE `status` = 1 AND `name` IN ('SiteStat')  [ RunTime:0.0010s ]
INFO: Run Common\Behavior\InitHookBehavior [ RunTime:0.171010s ]
INFO: [ action_begin ] --END-- [ RunTime:0.171010s ]
SQL: SHOW COLUMNS FROM `ecs_auth_group_access` [ RunTime:0.0070s ]
SQL: SELECT `uid`,`group_id`,`title`,`rules` FROM ecs_auth_group_access a INNER JOIN ecs_auth_group g on a.group_id=g.id  WHERE ( a.uid='65' and g.status='1' )  [ RunTime:0.0000s ]
SQL: SHOW COLUMNS FROM `ecs_auth_rule` [ RunTime:0.0040s ]
SQL: SELECT `condition`,`name` FROM `ecs_auth_rule` WHERE `id` IN ('1','2','3','4','5','6','7','8','9','10','11','12','13','14','15','16','17','18','19','20','21','22','23','24','25','26','27','28','29','30','31','32','33','34','35','36','37','38','39','40','41','42','43','44','45','46','47','48','49','50','51','52','53','54','55','56','57','58','59','60','61','62','63','64','65','66','67','68','69','70','71','72','73','74','75','76','77','78','79','80','81','82','83','84','85','86','87','88','89','90','91','92','93','94','95','96','97','98','99','100','101','102','103','104','105','106','107','113') AND `type` = 1 AND `status` = 1  [ RunTime:0.0000s ]
SQL: SHOW COLUMNS FROM `ecs_users` [ RunTime:0.3570s ]
INFO: [ view_parse ] --START--
INFO: [ template_filter ] --START--
INFO: Run Behavior\ContentReplaceBehavior [ RunTime:0.000000s ]
INFO: [ template_filter ] --END-- [ RunTime:0.000000s ]
NOTIC: [8] Undefined variable: total C:\Users\Edric\Desktop\ywy2\Runtime\Cache\Admin\1b029a9bb4ffbd60b7ad134d989fc5fd.php 第 23 行.
INFO: Run Behavior\ParseTemplateBehavior [ RunTime:0.086005s ]
INFO: [ view_parse ] --END-- [ RunTime:0.086005s ]
INFO: [ view_filter ] --START--
INFO: Run Behavior\WriteHtmlCacheBehavior [ RunTime:0.001000s ]
INFO: [ view_filter ] --END-- [ RunTime:0.001000s ]
INFO: [ app_end ] --START--
INFO: Run Behavior\ShowPageTraceBehavior [ RunTime:0.002000s ]
INFO: [ app_end ] --END-- [ RunTime:0.002000s ]

[ 2016-01-27T11:35:33+08:00 ] 127.0.0.1 /index.php?m=Admin&c=DepCenter&a=index
INFO: [ app_init ] --START--
INFO: Run Behavior\BuildLiteBehavior [ RunTime:0.000000s ]
INFO: [ app_init ] --END-- [ RunTime:0.001000s ]
INFO: [ app_begin ] --START--
INFO: Run Behavior\ReadHtmlCacheBehavior [ RunTime:0.001000s ]
INFO: [ app_begin ] --END-- [ RunTime:0.001000s ]
INFO: [ action_begin ] --START--
SQL: SHOW COLUMNS FROM `ecs_hooks` [ RunTime:0.0030s ]
SQL: SELECT `name`,`addons` FROM `ecs_hooks`  [ RunTime:0.0000s ]
SQL: SHOW COLUMNS FROM `ecs_addons` [ RunTime:0.0030s ]
SQL: SELECT `id`,`name` FROM `ecs_addons` WHERE `status` = 1 AND `name` IN ('SiteStat')  [ RunTime:0.0000s ]
INFO: Run Common\Behavior\InitHookBehavior [ RunTime:0.020001s ]
INFO: [ action_begin ] --END-- [ RunTime:0.020001s ]
SQL: SHOW COLUMNS FROM `ecs_auth_group_access` [ RunTime:0.0020s ]
SQL: SELECT `uid`,`group_id`,`title`,`rules` FROM ecs_auth_group_access a INNER JOIN ecs_auth_group g on a.group_id=g.id  WHERE ( a.uid='65' and g.status='1' )  [ RunTime:0.0000s ]
SQL: SHOW COLUMNS FROM `ecs_auth_rule` [ RunTime:0.0020s ]
SQL: SELECT `condition`,`name` FROM `ecs_auth_rule` WHERE `id` IN ('1','2','3','4','5','6','7','8','9','10','11','12','13','14','15','16','17','18','19','20','21','22','23','24','25','26','27','28','29','30','31','32','33','34','35','36','37','38','39','40','41','42','43','44','45','46','47','48','49','50','51','52','53','54','55','56','57','58','59','60','61','62','63','64','65','66','67','68','69','70','71','72','73','74','75','76','77','78','79','80','81','82','83','84','85','86','87','88','89','90','91','92','93','94','95','96','97','98','99','100','101','102','103','104','105','106','107','113') AND `type` = 1 AND `status` = 1  [ RunTime:0.0010s ]
SQL: SHOW COLUMNS FROM `ecs_users` [ RunTime:0.0020s ]
SQL: SELECT COUNT(*) AS tp_count FROM `ecs_users` LIMIT 1   [ RunTime:0.1440s ]
SQL: SELECT * FROM `ecs_users` ORDER BY user_id asc LIMIT 0,20   [ RunTime:0.0860s ]

[ 2016-01-27T11:42:41+08:00 ] 127.0.0.1 /index.php?m=Admin&c=DepCenter&a=index
INFO: [ app_init ] --START--
INFO: Run Behavior\BuildLiteBehavior [ RunTime:0.000000s ]
INFO: [ app_init ] --END-- [ RunTime:0.001000s ]
INFO: [ app_begin ] --START--
INFO: Run Behavior\ReadHtmlCacheBehavior [ RunTime:0.002000s ]
INFO: [ app_begin ] --END-- [ RunTime:0.003000s ]
INFO: [ action_begin ] --START--
SQL: SHOW COLUMNS FROM `ecs_hooks` [ RunTime:0.0040s ]
SQL: SELECT `name`,`addons` FROM `ecs_hooks`  [ RunTime:0.0000s ]
SQL: SHOW COLUMNS FROM `ecs_addons` [ RunTime:0.0040s ]
SQL: SELECT `id`,`name` FROM `ecs_addons` WHERE `status` = 1 AND `name` IN ('SiteStat')  [ RunTime:0.0010s ]
INFO: Run Common\Behavior\InitHookBehavior [ RunTime:0.070004s ]
INFO: [ action_begin ] --END-- [ RunTime:0.070004s ]
SQL: SHOW COLUMNS FROM `ecs_auth_group_access` [ RunTime:0.0040s ]
SQL: SELECT `uid`,`group_id`,`title`,`rules` FROM ecs_auth_group_access a INNER JOIN ecs_auth_group g on a.group_id=g.id  WHERE ( a.uid='65' and g.status='1' )  [ RunTime:0.0010s ]
SQL: SHOW COLUMNS FROM `ecs_auth_rule` [ RunTime:0.0040s ]
SQL: SELECT `condition`,`name` FROM `ecs_auth_rule` WHERE `id` IN ('1','2','3','4','5','6','7','8','9','10','11','12','13','14','15','16','17','18','19','20','21','22','23','24','25','26','27','28','29','30','31','32','33','34','35','36','37','38','39','40','41','42','43','44','45','46','47','48','49','50','51','52','53','54','55','56','57','58','59','60','61','62','63','64','65','66','67','68','69','70','71','72','73','74','75','76','77','78','79','80','81','82','83','84','85','86','87','88','89','90','91','92','93','94','95','96','97','98','99','100','101','102','103','104','105','106','107','113') AND `type` = 1 AND `status` = 1  [ RunTime:0.0010s ]
SQL: SHOW COLUMNS FROM `ecs_users` [ RunTime:0.0060s ]
SQL: SELECT COUNT(*) AS tp_count FROM `ecs_users` LIMIT 1   [ RunTime:0.0000s ]
SQL: SELECT * FROM `ecs_users` ORDER BY user_id asc LIMIT 0,20   [ RunTime:0.0010s ]

[ 2016-01-27T17:15:02+08:00 ] 127.0.0.1 /index.php?m=Admin&c=Index&a=index
INFO: [ app_init ] --START--
INFO: Run Behavior\BuildLiteBehavior [ RunTime:0.000000s ]
INFO: [ app_init ] --END-- [ RunTime:0.269016s ]
INFO: [ app_begin ] --START--
INFO: Run Behavior\ReadHtmlCacheBehavior [ RunTime:0.222013s ]
INFO: [ app_begin ] --END-- [ RunTime:0.222013s ]
INFO: [ action_begin ] --START--
SQL: SHOW COLUMNS FROM `ecs_hooks` [ RunTime:2.1371s ]
SQL: SELECT `name`,`addons` FROM `ecs_hooks`  [ RunTime:0.0420s ]
SQL: SHOW COLUMNS FROM `ecs_addons` [ RunTime:0.1310s ]
SQL: SELECT `id`,`name` FROM `ecs_addons` WHERE `status` = 1 AND `name` IN ('SiteStat')  [ RunTime:0.1050s ]
INFO: Run Common\Behavior\InitHookBehavior [ RunTime:11.678668s ]
INFO: [ action_begin ] --END-- [ RunTime:11.678668s ]
SQL: SHOW COLUMNS FROM `ecs_auth_group_access` [ RunTime:0.1250s ]
SQL: SELECT `uid`,`group_id`,`title`,`rules` FROM ecs_auth_group_access a INNER JOIN ecs_auth_group g on a.group_id=g.id  WHERE ( a.uid='65' and g.status='1' )  [ RunTime:0.2040s ]
SQL: SHOW COLUMNS FROM `ecs_auth_rule` [ RunTime:0.1180s ]
SQL: SELECT `id`,`pid`,`name`,`title`,`type`,`show_type`,`icon` FROM `ecs_auth_rule` WHERE `id` IN ('1','2','3','4','5','6','7','8','9','10','11','12','13','14','15','16','17','18','19','20','21','22','23','24','25','26','27','28','29','30','31','32','33','34','35','36','37','38','39','40','41','42','43','44','45','46','47','48','49','50','51','52','53','54','55','56','57','58','59','60','61','62','63','64','65','66','67','68','69','70','71','72','73','74','75','76','77','78','79','80','81','82','83','84','85','86','87','88','89','90','91','92','93','94','95','96','97','98','99','100','101','102','103','104','105','106','107','113') AND `hide` = 0 AND `status` = 1 ORDER BY sort asc  [ RunTime:0.0210s ]
SQL: SHOW COLUMNS FROM `ecs_users` [ RunTime:0.0710s ]
SQL: SELECT * FROM `ecs_users` WHERE ( user_id=65 ) LIMIT 1   [ RunTime:0.0150s ]
INFO: [ view_parse ] --START--
INFO: [ template_filter ] --START--
INFO: Run Behavior\ContentReplaceBehavior [ RunTime:0.001000s ]
INFO: [ template_filter ] --END-- [ RunTime:0.001000s ]
INFO: [ AdminIndex ] --START--
NOTIC: [2] mysql_get_server_info() [<a href='function.mysql-get-server-info'>function.mysql-get-server-info</a>]: Access denied for user ''@'localhost' (using password: NO) C:\Users\Edric\Desktop\ywy2\App\Addons\SiteStat\SiteStatAddon.class.php 第 43 行.
NOTIC: [2] mysql_get_server_info() [<a href='function.mysql-get-server-info'>function.mysql-get-server-info</a>]: A link to the server could not be established C:\Users\Edric\Desktop\ywy2\App\Addons\SiteStat\SiteStatAddon.class.php 第 43 行.
INFO: [ view_parse ] --START--
INFO: [ template_filter ] --START--
INFO: Run Behavior\ContentReplaceBehavior [ RunTime:0.000000s ]
INFO: [ template_filter ] --END-- [ RunTime:-1.315075s ]
INFO: Run Behavior\ParseTemplateBehavior [ RunTime:0.064004s ]
INFO: [ view_parse ] --END-- [ RunTime:0.064004s ]
INFO: [ view_filter ] --START--
INFO: Run Behavior\WriteHtmlCacheBehavior [ RunTime:0.173009s ]
INFO: [ view_filter ] --END-- [ RunTime:0.173009s ]
INFO: Run Addons\SiteStat\SiteStatAddon [ RunTime:1.503086s ]
INFO: [ AdminIndex ] --END-- [ RunTime:1.504086s ]
INFO: Run Behavior\ParseTemplateBehavior [ RunTime:0.238013s ]
INFO: [ view_parse ] --END-- [ RunTime:0.064004s ]
INFO: [ view_filter ] --START--
INFO: Run Behavior\WriteHtmlCacheBehavior [ RunTime:0.000000s ]
INFO: [ view_filter ] --END-- [ RunTime:-0.001000s ]
INFO: [ app_end ] --START--
INFO: Run Behavior\ShowPageTraceBehavior [ RunTime:0.007001s ]
INFO: [ app_end ] --END-- [ RunTime:0.007001s ]

[ 2016-01-27T17:15:04+08:00 ] 127.0.0.1 /index.php?m=Admin&c=Index&a=menu&pid=1
INFO: [ app_init ] --START--
INFO: Run Behavior\BuildLiteBehavior [ RunTime:0.000000s ]
INFO: [ app_init ] --END-- [ RunTime:0.000000s ]
INFO: [ app_begin ] --START--
INFO: Run Behavior\ReadHtmlCacheBehavior [ RunTime:0.001000s ]
INFO: [ app_begin ] --END-- [ RunTime:0.001000s ]
INFO: [ action_begin ] --START--
SQL: SHOW COLUMNS FROM `ecs_hooks` [ RunTime:0.0020s ]
SQL: SELECT `name`,`addons` FROM `ecs_hooks`  [ RunTime:0.0000s ]
SQL: SHOW COLUMNS FROM `ecs_addons` [ RunTime:0.0020s ]
SQL: SELECT `id`,`name` FROM `ecs_addons` WHERE `status` = 1 AND `name` IN ('SiteStat')  [ RunTime:0.0010s ]
INFO: Run Common\Behavior\InitHookBehavior [ RunTime:0.013001s ]
INFO: [ action_begin ] --END-- [ RunTime:0.013001s ]
SQL: SHOW COLUMNS FROM `ecs_auth_group_access` [ RunTime:0.0020s ]
SQL: SELECT `uid`,`group_id`,`title`,`rules` FROM ecs_auth_group_access a INNER JOIN ecs_auth_group g on a.group_id=g.id  WHERE ( a.uid='65' and g.status='1' )  [ RunTime:0.0000s ]
SQL: SHOW COLUMNS FROM `ecs_auth_rule` [ RunTime:0.0020s ]
SQL: SELECT `id`,`pid`,`name`,`title`,`type`,`show_type`,`icon` FROM `ecs_auth_rule` WHERE `id` IN ('1','2','3','4','5','6','7','8','9','10','11','12','13','14','15','16','17','18','19','20','21','22','23','24','25','26','27','28','29','30','31','32','33','34','35','36','37','38','39','40','41','42','43','44','45','46','47','48','49','50','51','52','53','54','55','56','57','58','59','60','61','62','63','64','65','66','67','68','69','70','71','72','73','74','75','76','77','78','79','80','81','82','83','84','85','86','87','88','89','90','91','92','93','94','95','96','97','98','99','100','101','102','103','104','105','106','107','113') AND `hide` = 0 AND `status` = 1 ORDER BY sort asc  [ RunTime:0.0250s ]
INFO: [ view_parse ] --START--
INFO: [ template_filter ] --START--
INFO: Run Behavior\ContentReplaceBehavior [ RunTime:0.001000s ]
INFO: [ template_filter ] --END-- [ RunTime:0.001000s ]
INFO: Run Behavior\ParseTemplateBehavior [ RunTime:0.046003s ]
INFO: [ view_parse ] --END-- [ RunTime:0.047003s ]
INFO: [ view_filter ] --START--
INFO: Run Behavior\WriteHtmlCacheBehavior [ RunTime:0.000000s ]
INFO: [ view_filter ] --END-- [ RunTime:0.000000s ]
INFO: [ app_end ] --START--
INFO: Run Behavior\ShowPageTraceBehavior [ RunTime:0.002000s ]
INFO: [ app_end ] --END-- [ RunTime:0.002000s ]

