[ 2016-02-03T09:08:31+08:00 ] 127.0.0.1 /
INFO: [ app_init ] --START--
INFO: Run Behavior\BuildLiteBehavior [ RunTime:0.000000s ]
INFO: [ app_init ] --END-- [ RunTime:0.001000s ]
INFO: [ app_begin ] --START--
INFO: Run Behavior\ReadHtmlCacheBehavior [ RunTime:0.001000s ]
INFO: [ app_begin ] --END-- [ RunTime:0.001000s ]
INFO: [ action_begin ] --START--
SQL: SHOW COLUMNS FROM `ecs_hooks` [ RunTime:0.0270s ]
SQL: SELECT `name`,`addons` FROM `ecs_hooks`  [ RunTime:0.0000s ]
SQL: SHOW COLUMNS FROM `ecs_addons` [ RunTime:0.0170s ]
SQL: SELECT `id`,`name` FROM `ecs_addons` WHERE `status` = 1 AND `name` IN ('SiteStat')  [ RunTime:0.0000s ]
INFO: Run Common\Behavior\InitHookBehavior [ RunTime:0.059004s ]
INFO: [ action_begin ] --END-- [ RunTime:0.059004s ]

[ 2016-02-03T09:08:32+08:00 ] 127.0.0.1 /
INFO: [ app_init ] --START--
INFO: Run Behavior\BuildLiteBehavior [ RunTime:0.000000s ]
INFO: [ app_init ] --END-- [ RunTime:0.001000s ]
INFO: [ app_begin ] --START--
INFO: Run Behavior\ReadHtmlCacheBehavior [ RunTime:0.001000s ]
INFO: [ app_begin ] --END-- [ RunTime:0.001000s ]
INFO: [ action_begin ] --START--
SQL: SHOW COLUMNS FROM `ecs_hooks` [ RunTime:0.0040s ]
SQL: SELECT `name`,`addons` FROM `ecs_hooks`  [ RunTime:0.0000s ]
SQL: SHOW COLUMNS FROM `ecs_addons` [ RunTime:0.0030s ]
SQL: SELECT `id`,`name` FROM `ecs_addons` WHERE `status` = 1 AND `name` IN ('SiteStat')  [ RunTime:0.0000s ]
INFO: Run Common\Behavior\InitHookBehavior [ RunTime:0.018001s ]
INFO: [ action_begin ] --END-- [ RunTime:0.019001s ]

[ 2016-02-03T09:08:32+08:00 ] 127.0.0.1 /index.php?m=Admin&c=Public&a=login
INFO: [ app_init ] --START--
INFO: Run Behavior\BuildLiteBehavior [ RunTime:0.000000s ]
INFO: [ app_init ] --END-- [ RunTime:0.000000s ]
INFO: [ app_begin ] --START--
INFO: Run Behavior\ReadHtmlCacheBehavior [ RunTime:0.000000s ]
INFO: [ app_begin ] --END-- [ RunTime:0.000000s ]
INFO: [ action_begin ] --START--
SQL: SHOW COLUMNS FROM `ecs_hooks` [ RunTime:0.0030s ]
SQL: SELECT `name`,`addons` FROM `ecs_hooks`  [ RunTime:0.0000s ]
SQL: SHOW COLUMNS FROM `ecs_addons` [ RunTime:0.0020s ]
SQL: SELECT `id`,`name` FROM `ecs_addons` WHERE `status` = 1 AND `name` IN ('SiteStat')  [ RunTime:0.0000s ]
INFO: Run Common\Behavior\InitHookBehavior [ RunTime:0.011001s ]
INFO: [ action_begin ] --END-- [ RunTime:0.011001s ]
INFO: [ view_parse ] --START--
INFO: [ template_filter ] --START--
INFO: Run Behavior\ContentReplaceBehavior [ RunTime:0.000000s ]
INFO: [ template_filter ] --END-- [ RunTime:0.000000s ]
INFO: Run Behavior\ParseTemplateBehavior [ RunTime:0.106006s ]
INFO: [ view_parse ] --END-- [ RunTime:0.106006s ]
INFO: [ view_filter ] --START--
INFO: Run Behavior\WriteHtmlCacheBehavior [ RunTime:0.000000s ]
INFO: [ view_filter ] --END-- [ RunTime:0.000000s ]
INFO: [ app_end ] --START--
INFO: Run Behavior\ShowPageTraceBehavior [ RunTime:0.001000s ]
INFO: [ app_end ] --END-- [ RunTime:0.002000s ]

[ 2016-02-03T09:08:40+08:00 ] 127.0.0.1 /index.php?m=Admin&c=Public&a=login
INFO: [ app_init ] --START--
INFO: Run Behavior\BuildLiteBehavior [ RunTime:0.000000s ]
INFO: [ app_init ] --END-- [ RunTime:0.000000s ]
INFO: [ app_begin ] --START--
INFO: Run Behavior\ReadHtmlCacheBehavior [ RunTime:0.000000s ]
INFO: [ app_begin ] --END-- [ RunTime:0.000000s ]
INFO: [ action_begin ] --START--
SQL: SHOW COLUMNS FROM `ecs_hooks` [ RunTime:0.0020s ]
SQL: SELECT `name`,`addons` FROM `ecs_hooks`  [ RunTime:0.0000s ]
SQL: SHOW COLUMNS FROM `ecs_addons` [ RunTime:0.0020s ]
SQL: SELECT `id`,`name` FROM `ecs_addons` WHERE `status` = 1 AND `name` IN ('SiteStat')  [ RunTime:0.0000s ]
INFO: Run Common\Behavior\InitHookBehavior [ RunTime:0.010000s ]
INFO: [ action_begin ] --END-- [ RunTime:0.010000s ]
SQL: SHOW COLUMNS FROM `ecs_users` [ RunTime:0.0400s ]
SQL: SELECT * FROM `ecs_users` WHERE `user_name` = 'admin' AND `password` = 'e99a18c428cb38d5f260853678922e03' LIMIT 1   [ RunTime:0.0350s ]
SQL: UPDATE `ecs_users` SET `last_login`='1454461720' WHERE ( user_id=65 ) [ RunTime:0.0010s ]
SQL: SHOW COLUMNS FROM `ecs_action` [ RunTime:0.0710s ]
SQL: SELECT * FROM `ecs_action` WHERE `name` = 'Admin_Login' LIMIT 1   [ RunTime:0.0000s ]
NOTIC: [2] call_user_func() expects parameter 1 to be a valid callback, function 'get_nickname' not found or invalid function name C:\Users\Edric\Desktop\ywy2\App\Common\Common\function.php 第 159 行.
NOTIC: [2] call_user_func() expects parameter 1 to be a valid callback, function 'time_format' not found or invalid function name C:\Users\Edric\Desktop\ywy2\App\Common\Common\function.php 第 159 行.
SQL: SHOW COLUMNS FROM `ecs_action_log` [ RunTime:0.0110s ]
SQL: INSERT INTO `ecs_action_log` (`action_id`,`user_id`,`action_ip`,`model`,`record_id`,`create_time`,`remark`) VALUES ('1','65','127.0.0.1','Users','65','1454461720','在登录了后台') [ RunTime:0.0120s ]
INFO: [ view_parse ] --START--
INFO: [ template_filter ] --START--
INFO: Run Behavior\ContentReplaceBehavior [ RunTime:0.000000s ]
INFO: [ template_filter ] --END-- [ RunTime:0.000000s ]
INFO: Run Behavior\ParseTemplateBehavior [ RunTime:0.028002s ]
INFO: [ view_parse ] --END-- [ RunTime:0.028002s ]
INFO: [ view_filter ] --START--
INFO: Run Behavior\WriteHtmlCacheBehavior [ RunTime:0.000000s ]
INFO: [ view_filter ] --END-- [ RunTime:0.000000s ]
INFO: [ app_end ] --START--
INFO: Run Behavior\ShowPageTraceBehavior [ RunTime:0.001000s ]
INFO: [ app_end ] --END-- [ RunTime:0.001000s ]

[ 2016-02-03T09:08:43+08:00 ] 127.0.0.1 /index.php?m=Admin&c=Index&a=index
INFO: [ app_init ] --START--
INFO: Run Behavior\BuildLiteBehavior [ RunTime:0.000000s ]
INFO: [ app_init ] --END-- [ RunTime:0.000000s ]
INFO: [ app_begin ] --START--
INFO: Run Behavior\ReadHtmlCacheBehavior [ RunTime:0.000000s ]
INFO: [ app_begin ] --END-- [ RunTime:0.000000s ]
INFO: [ action_begin ] --START--
SQL: SHOW COLUMNS FROM `ecs_hooks` [ RunTime:0.0010s ]
SQL: SELECT `name`,`addons` FROM `ecs_hooks`  [ RunTime:0.0000s ]
SQL: SHOW COLUMNS FROM `ecs_addons` [ RunTime:0.0010s ]
SQL: SELECT `id`,`name` FROM `ecs_addons` WHERE `status` = 1 AND `name` IN ('SiteStat')  [ RunTime:0.0000s ]
INFO: Run Common\Behavior\InitHookBehavior [ RunTime:0.011001s ]
INFO: [ action_begin ] --END-- [ RunTime:0.011001s ]
SQL: SHOW COLUMNS FROM `ecs_auth_group_access` [ RunTime:0.0690s ]
SQL: SELECT `uid`,`group_id`,`title`,`rules` FROM ecs_auth_group_access a INNER JOIN ecs_auth_group g on a.group_id=g.id  WHERE ( a.uid='65' and g.status='1' )  [ RunTime:0.0690s ]
SQL: SHOW COLUMNS FROM `ecs_auth_rule` [ RunTime:0.0080s ]
SQL: SELECT `id`,`pid`,`name`,`title`,`type`,`show_type`,`icon` FROM `ecs_auth_rule` WHERE `id` IN ('1','2','3','4','5','6','7','8','9','10','11','12','13','14','15','16','17','18','19','20','21','22','23','24','25','26','27','28','29','30','31','32','33','34','35','36','37','38','39','40','41','42','43','44','45','46','47','48','49','50','51','52','53','54','55','56','57','58','59','60','61','62','63','64','65','66','67','68','69','70','71','72','73','74','75','76','77','78','79','80','81','82','83','84','85','86','87','88','89','90','91','92','93','94','95','96','97','98','99','100','101','102','103','104','105','106','107','113') AND `hide` = 0 AND `status` = 1 ORDER BY sort asc  [ RunTime:0.0020s ]
SQL: SHOW COLUMNS FROM `ecs_users` [ RunTime:0.0020s ]
SQL: SELECT * FROM `ecs_users` WHERE ( user_id=65 ) LIMIT 1   [ RunTime:0.0000s ]
INFO: [ view_parse ] --START--
INFO: [ template_filter ] --START--
INFO: Run Behavior\ContentReplaceBehavior [ RunTime:0.000000s ]
INFO: [ template_filter ] --END-- [ RunTime:0.001000s ]
INFO: [ AdminIndex ] --START--
NOTIC: [2] mysql_get_server_info() [<a href='function.mysql-get-server-info'>function.mysql-get-server-info</a>]: Access denied for user ''@'localhost' (using password: NO) C:\Users\Edric\Desktop\ywy2\App\Addons\SiteStat\SiteStatAddon.class.php 第 43 行.
NOTIC: [2] mysql_get_server_info() [<a href='function.mysql-get-server-info'>function.mysql-get-server-info</a>]: A link to the server could not be established C:\Users\Edric\Desktop\ywy2\App\Addons\SiteStat\SiteStatAddon.class.php 第 43 行.
INFO: [ view_parse ] --START--
INFO: [ template_filter ] --START--
INFO: Run Behavior\ContentReplaceBehavior [ RunTime:0.000000s ]
INFO: [ template_filter ] --END-- [ RunTime:-1.089062s ]
INFO: Run Behavior\ParseTemplateBehavior [ RunTime:0.021001s ]
INFO: [ view_parse ] --END-- [ RunTime:0.021001s ]
INFO: [ view_filter ] --START--
INFO: Run Behavior\WriteHtmlCacheBehavior [ RunTime:0.000000s ]
INFO: [ view_filter ] --END-- [ RunTime:0.000000s ]
INFO: Run Addons\SiteStat\SiteStatAddon [ RunTime:1.092063s ]
INFO: [ AdminIndex ] --END-- [ RunTime:1.092063s ]
INFO: Run Behavior\ParseTemplateBehavior [ RunTime:0.021001s ]
INFO: [ view_parse ] --END-- [ RunTime:0.021001s ]
INFO: [ view_filter ] --START--
INFO: Run Behavior\WriteHtmlCacheBehavior [ RunTime:0.000000s ]
INFO: [ view_filter ] --END-- [ RunTime:0.000000s ]
INFO: [ app_end ] --START--
INFO: Run Behavior\ShowPageTraceBehavior [ RunTime:0.001000s ]
INFO: [ app_end ] --END-- [ RunTime:0.001000s ]

[ 2016-02-03T09:08:44+08:00 ] 127.0.0.1 /index.php?m=Admin&c=Index&a=menu&pid=1
INFO: [ app_init ] --START--
INFO: Run Behavior\BuildLiteBehavior [ RunTime:0.000000s ]
INFO: [ app_init ] --END-- [ RunTime:0.001000s ]
INFO: [ app_begin ] --START--
INFO: Run Behavior\ReadHtmlCacheBehavior [ RunTime:0.001000s ]
INFO: [ app_begin ] --END-- [ RunTime:0.001000s ]
INFO: [ action_begin ] --START--
SQL: SHOW COLUMNS FROM `ecs_hooks` [ RunTime:0.0020s ]
SQL: SELECT `name`,`addons` FROM `ecs_hooks`  [ RunTime:0.0000s ]
SQL: SHOW COLUMNS FROM `ecs_addons` [ RunTime:0.0030s ]
SQL: SELECT `id`,`name` FROM `ecs_addons` WHERE `status` = 1 AND `name` IN ('SiteStat')  [ RunTime:0.0000s ]
INFO: Run Common\Behavior\InitHookBehavior [ RunTime:0.014000s ]
INFO: [ action_begin ] --END-- [ RunTime:0.014000s ]
SQL: SHOW COLUMNS FROM `ecs_auth_group_access` [ RunTime:0.0030s ]
SQL: SELECT `uid`,`group_id`,`title`,`rules` FROM ecs_auth_group_access a INNER JOIN ecs_auth_group g on a.group_id=g.id  WHERE ( a.uid='65' and g.status='1' )  [ RunTime:0.0000s ]
SQL: SHOW COLUMNS FROM `ecs_auth_rule` [ RunTime:0.0030s ]
SQL: SELECT `id`,`pid`,`name`,`title`,`type`,`show_type`,`icon` FROM `ecs_auth_rule` WHERE `id` IN ('1','2','3','4','5','6','7','8','9','10','11','12','13','14','15','16','17','18','19','20','21','22','23','24','25','26','27','28','29','30','31','32','33','34','35','36','37','38','39','40','41','42','43','44','45','46','47','48','49','50','51','52','53','54','55','56','57','58','59','60','61','62','63','64','65','66','67','68','69','70','71','72','73','74','75','76','77','78','79','80','81','82','83','84','85','86','87','88','89','90','91','92','93','94','95','96','97','98','99','100','101','102','103','104','105','106','107','113') AND `hide` = 0 AND `status` = 1 ORDER BY sort asc  [ RunTime:0.0000s ]
INFO: [ view_parse ] --START--
INFO: [ template_filter ] --START--
INFO: Run Behavior\ContentReplaceBehavior [ RunTime:0.000000s ]
INFO: [ template_filter ] --END-- [ RunTime:0.000000s ]
INFO: Run Behavior\ParseTemplateBehavior [ RunTime:0.032002s ]
INFO: [ view_parse ] --END-- [ RunTime:0.032002s ]
INFO: [ view_filter ] --START--
INFO: Run Behavior\WriteHtmlCacheBehavior [ RunTime:0.002000s ]
INFO: [ view_filter ] --END-- [ RunTime:0.002000s ]
INFO: [ app_end ] --START--
INFO: Run Behavior\ShowPageTraceBehavior [ RunTime:0.001000s ]
INFO: [ app_end ] --END-- [ RunTime:0.001000s ]

[ 2016-02-03T09:08:45+08:00 ] 127.0.0.1 /index.php?m=Admin&c=Index&a=menu&pid=93
INFO: [ app_init ] --START--
INFO: Run Behavior\BuildLiteBehavior [ RunTime:0.000000s ]
INFO: [ app_init ] --END-- [ RunTime:0.001000s ]
INFO: [ app_begin ] --START--
INFO: Run Behavior\ReadHtmlCacheBehavior [ RunTime:0.000000s ]
INFO: [ app_begin ] --END-- [ RunTime:0.001000s ]
INFO: [ action_begin ] --START--
SQL: SHOW COLUMNS FROM `ecs_hooks` [ RunTime:0.0020s ]
SQL: SELECT `name`,`addons` FROM `ecs_hooks`  [ RunTime:0.0000s ]
SQL: SHOW COLUMNS FROM `ecs_addons` [ RunTime:0.0010s ]
SQL: SELECT `id`,`name` FROM `ecs_addons` WHERE `status` = 1 AND `name` IN ('SiteStat')  [ RunTime:0.0000s ]
INFO: Run Common\Behavior\InitHookBehavior [ RunTime:0.012001s ]
INFO: [ action_begin ] --END-- [ RunTime:0.012001s ]
SQL: SHOW COLUMNS FROM `ecs_auth_group_access` [ RunTime:0.0020s ]
SQL: SELECT `uid`,`group_id`,`title`,`rules` FROM ecs_auth_group_access a INNER JOIN ecs_auth_group g on a.group_id=g.id  WHERE ( a.uid='65' and g.status='1' )  [ RunTime:0.0010s ]
SQL: SHOW COLUMNS FROM `ecs_auth_rule` [ RunTime:0.0020s ]
SQL: SELECT `id`,`pid`,`name`,`title`,`type`,`show_type`,`icon` FROM `ecs_auth_rule` WHERE `id` IN ('1','2','3','4','5','6','7','8','9','10','11','12','13','14','15','16','17','18','19','20','21','22','23','24','25','26','27','28','29','30','31','32','33','34','35','36','37','38','39','40','41','42','43','44','45','46','47','48','49','50','51','52','53','54','55','56','57','58','59','60','61','62','63','64','65','66','67','68','69','70','71','72','73','74','75','76','77','78','79','80','81','82','83','84','85','86','87','88','89','90','91','92','93','94','95','96','97','98','99','100','101','102','103','104','105','106','107','113') AND `hide` = 0 AND `status` = 1 ORDER BY sort asc  [ RunTime:0.0010s ]
INFO: [ view_parse ] --START--
INFO: [ template_filter ] --START--
INFO: Run Behavior\ContentReplaceBehavior [ RunTime:0.000000s ]
INFO: [ template_filter ] --END-- [ RunTime:0.000000s ]
INFO: Run Behavior\ParseTemplateBehavior [ RunTime:0.007001s ]
INFO: [ view_parse ] --END-- [ RunTime:0.007001s ]
INFO: [ view_filter ] --START--
INFO: Run Behavior\WriteHtmlCacheBehavior [ RunTime:0.000000s ]
INFO: [ view_filter ] --END-- [ RunTime:0.000000s ]
INFO: [ app_end ] --START--
INFO: Run Behavior\ShowPageTraceBehavior [ RunTime:0.001000s ]
INFO: [ app_end ] --END-- [ RunTime:0.001000s ]

[ 2016-02-03T09:08:46+08:00 ] 127.0.0.1 /index.php?m=Admin&c=DepCenter&a=index&_=1454461723289
INFO: [ app_init ] --START--
INFO: Run Behavior\BuildLiteBehavior [ RunTime:0.000000s ]
INFO: [ app_init ] --END-- [ RunTime:0.000000s ]
INFO: [ app_begin ] --START--
INFO: Run Behavior\ReadHtmlCacheBehavior [ RunTime:0.000000s ]
INFO: [ app_begin ] --END-- [ RunTime:0.000000s ]
INFO: [ action_begin ] --START--
SQL: SHOW COLUMNS FROM `ecs_hooks` [ RunTime:0.0020s ]
SQL: SELECT `name`,`addons` FROM `ecs_hooks`  [ RunTime:0.0010s ]
SQL: SHOW COLUMNS FROM `ecs_addons` [ RunTime:0.0010s ]
SQL: SELECT `id`,`name` FROM `ecs_addons` WHERE `status` = 1 AND `name` IN ('SiteStat')  [ RunTime:0.0000s ]
INFO: Run Common\Behavior\InitHookBehavior [ RunTime:0.010001s ]
INFO: [ action_begin ] --END-- [ RunTime:0.010001s ]
SQL: SHOW COLUMNS FROM `ecs_auth_group_access` [ RunTime:0.0020s ]
SQL: SELECT `uid`,`group_id`,`title`,`rules` FROM ecs_auth_group_access a INNER JOIN ecs_auth_group g on a.group_id=g.id  WHERE ( a.uid='65' and g.status='1' )  [ RunTime:0.0000s ]
SQL: SHOW COLUMNS FROM `ecs_auth_rule` [ RunTime:0.0030s ]
SQL: SELECT `condition`,`name` FROM `ecs_auth_rule` WHERE `id` IN ('1','2','3','4','5','6','7','8','9','10','11','12','13','14','15','16','17','18','19','20','21','22','23','24','25','26','27','28','29','30','31','32','33','34','35','36','37','38','39','40','41','42','43','44','45','46','47','48','49','50','51','52','53','54','55','56','57','58','59','60','61','62','63','64','65','66','67','68','69','70','71','72','73','74','75','76','77','78','79','80','81','82','83','84','85','86','87','88','89','90','91','92','93','94','95','96','97','98','99','100','101','102','103','104','105','106','107','113') AND `type` = 1 AND `status` = 1  [ RunTime:0.0000s ]
SQL: SHOW COLUMNS FROM `ecs_users` [ RunTime:0.0020s ]
INFO: [ view_parse ] --START--
INFO: [ template_filter ] --START--
INFO: Run Behavior\ContentReplaceBehavior [ RunTime:0.000000s ]
INFO: [ template_filter ] --END-- [ RunTime:0.000000s ]
INFO: Run Behavior\ParseTemplateBehavior [ RunTime:0.004000s ]
INFO: [ view_parse ] --END-- [ RunTime:0.004000s ]
INFO: [ view_filter ] --START--
INFO: Run Behavior\WriteHtmlCacheBehavior [ RunTime:0.000000s ]
INFO: [ view_filter ] --END-- [ RunTime:0.000000s ]
INFO: [ app_end ] --START--
INFO: Run Behavior\ShowPageTraceBehavior [ RunTime:0.001000s ]
INFO: [ app_end ] --END-- [ RunTime:0.001000s ]

[ 2016-02-03T09:08:46+08:00 ] 127.0.0.1 /index.php?m=Admin&c=DepCenter&a=index
INFO: [ app_init ] --START--
INFO: Run Behavior\BuildLiteBehavior [ RunTime:0.000000s ]
INFO: [ app_init ] --END-- [ RunTime:0.000000s ]
INFO: [ app_begin ] --START--
INFO: Run Behavior\ReadHtmlCacheBehavior [ RunTime:0.001000s ]
INFO: [ app_begin ] --END-- [ RunTime:0.001000s ]
INFO: [ action_begin ] --START--
SQL: SHOW COLUMNS FROM `ecs_hooks` [ RunTime:0.0030s ]
SQL: SELECT `name`,`addons` FROM `ecs_hooks`  [ RunTime:0.0000s ]
SQL: SHOW COLUMNS FROM `ecs_addons` [ RunTime:0.0020s ]
SQL: SELECT `id`,`name` FROM `ecs_addons` WHERE `status` = 1 AND `name` IN ('SiteStat')  [ RunTime:0.0000s ]
INFO: Run Common\Behavior\InitHookBehavior [ RunTime:0.018001s ]
INFO: [ action_begin ] --END-- [ RunTime:0.018001s ]
SQL: SHOW COLUMNS FROM `ecs_auth_group_access` [ RunTime:0.0030s ]
SQL: SELECT `uid`,`group_id`,`title`,`rules` FROM ecs_auth_group_access a INNER JOIN ecs_auth_group g on a.group_id=g.id  WHERE ( a.uid='65' and g.status='1' )  [ RunTime:0.0010s ]
SQL: SHOW COLUMNS FROM `ecs_auth_rule` [ RunTime:0.0030s ]
SQL: SELECT `condition`,`name` FROM `ecs_auth_rule` WHERE `id` IN ('1','2','3','4','5','6','7','8','9','10','11','12','13','14','15','16','17','18','19','20','21','22','23','24','25','26','27','28','29','30','31','32','33','34','35','36','37','38','39','40','41','42','43','44','45','46','47','48','49','50','51','52','53','54','55','56','57','58','59','60','61','62','63','64','65','66','67','68','69','70','71','72','73','74','75','76','77','78','79','80','81','82','83','84','85','86','87','88','89','90','91','92','93','94','95','96','97','98','99','100','101','102','103','104','105','106','107','113') AND `type` = 1 AND `status` = 1  [ RunTime:0.0010s ]
SQL: SHOW COLUMNS FROM `ecs_users` [ RunTime:0.0030s ]
SQL: SELECT COUNT(*) AS tp_count FROM `ecs_users` LIMIT 1   [ RunTime:0.0000s ]
SQL: SELECT * FROM `ecs_users` ORDER BY user_id asc LIMIT 0,20   [ RunTime:0.0010s ]

[ 2016-02-03T09:09:07+08:00 ] 127.0.0.1 /index.php?m=Admin&c=DepCenter&a=index
INFO: [ app_init ] --START--
INFO: Run Behavior\BuildLiteBehavior [ RunTime:0.000000s ]
INFO: [ app_init ] --END-- [ RunTime:0.000000s ]
INFO: [ app_begin ] --START--
INFO: Run Behavior\ReadHtmlCacheBehavior [ RunTime:0.000000s ]
INFO: [ app_begin ] --END-- [ RunTime:0.000000s ]
INFO: [ action_begin ] --START--
SQL: SHOW COLUMNS FROM `ecs_hooks` [ RunTime:0.0070s ]
SQL: SELECT `name`,`addons` FROM `ecs_hooks`  [ RunTime:0.0000s ]
SQL: SHOW COLUMNS FROM `ecs_addons` [ RunTime:0.0040s ]
SQL: SELECT `id`,`name` FROM `ecs_addons` WHERE `status` = 1 AND `name` IN ('SiteStat')  [ RunTime:0.0000s ]
INFO: Run Common\Behavior\InitHookBehavior [ RunTime:0.018001s ]
INFO: [ action_begin ] --END-- [ RunTime:0.018001s ]
SQL: SHOW COLUMNS FROM `ecs_auth_group_access` [ RunTime:0.0020s ]
SQL: SELECT `uid`,`group_id`,`title`,`rules` FROM ecs_auth_group_access a INNER JOIN ecs_auth_group g on a.group_id=g.id  WHERE ( a.uid='65' and g.status='1' )  [ RunTime:0.0000s ]
SQL: SHOW COLUMNS FROM `ecs_auth_rule` [ RunTime:0.0020s ]
SQL: SELECT `condition`,`name` FROM `ecs_auth_rule` WHERE `id` IN ('1','2','3','4','5','6','7','8','9','10','11','12','13','14','15','16','17','18','19','20','21','22','23','24','25','26','27','28','29','30','31','32','33','34','35','36','37','38','39','40','41','42','43','44','45','46','47','48','49','50','51','52','53','54','55','56','57','58','59','60','61','62','63','64','65','66','67','68','69','70','71','72','73','74','75','76','77','78','79','80','81','82','83','84','85','86','87','88','89','90','91','92','93','94','95','96','97','98','99','100','101','102','103','104','105','106','107','113') AND `type` = 1 AND `status` = 1  [ RunTime:0.0000s ]
SQL: SHOW COLUMNS FROM `ecs_users` [ RunTime:0.0040s ]
SQL: SELECT COUNT(*) AS tp_count FROM `ecs_users` LIMIT 1   [ RunTime:0.0000s ]
SQL: SELECT * FROM `ecs_users` ORDER BY user_id asc LIMIT 0,20   [ RunTime:0.0010s ]

[ 2016-02-03T09:09:08+08:00 ] 127.0.0.1 /index.php?m=Admin&c=DepCenter&a=index
INFO: [ app_init ] --START--
INFO: Run Behavior\BuildLiteBehavior [ RunTime:0.000000s ]
INFO: [ app_init ] --END-- [ RunTime:0.000000s ]
INFO: [ app_begin ] --START--
INFO: Run Behavior\ReadHtmlCacheBehavior [ RunTime:0.000000s ]
INFO: [ app_begin ] --END-- [ RunTime:0.000000s ]
INFO: [ action_begin ] --START--
SQL: SHOW COLUMNS FROM `ecs_hooks` [ RunTime:0.0020s ]
SQL: SELECT `name`,`addons` FROM `ecs_hooks`  [ RunTime:0.0000s ]
SQL: SHOW COLUMNS FROM `ecs_addons` [ RunTime:0.0020s ]
SQL: SELECT `id`,`name` FROM `ecs_addons` WHERE `status` = 1 AND `name` IN ('SiteStat')  [ RunTime:0.0010s ]
INFO: Run Common\Behavior\InitHookBehavior [ RunTime:0.010001s ]
INFO: [ action_begin ] --END-- [ RunTime:0.010001s ]
SQL: SHOW COLUMNS FROM `ecs_auth_group_access` [ RunTime:0.0020s ]
SQL: SELECT `uid`,`group_id`,`title`,`rules` FROM ecs_auth_group_access a INNER JOIN ecs_auth_group g on a.group_id=g.id  WHERE ( a.uid='65' and g.status='1' )  [ RunTime:0.0000s ]
SQL: SHOW COLUMNS FROM `ecs_auth_rule` [ RunTime:0.0020s ]
SQL: SELECT `condition`,`name` FROM `ecs_auth_rule` WHERE `id` IN ('1','2','3','4','5','6','7','8','9','10','11','12','13','14','15','16','17','18','19','20','21','22','23','24','25','26','27','28','29','30','31','32','33','34','35','36','37','38','39','40','41','42','43','44','45','46','47','48','49','50','51','52','53','54','55','56','57','58','59','60','61','62','63','64','65','66','67','68','69','70','71','72','73','74','75','76','77','78','79','80','81','82','83','84','85','86','87','88','89','90','91','92','93','94','95','96','97','98','99','100','101','102','103','104','105','106','107','113') AND `type` = 1 AND `status` = 1  [ RunTime:0.0010s ]
SQL: SHOW COLUMNS FROM `ecs_users` [ RunTime:0.0030s ]
SQL: SELECT COUNT(*) AS tp_count FROM `ecs_users` LIMIT 1   [ RunTime:0.0010s ]
SQL: SELECT * FROM `ecs_users` ORDER BY user_id asc LIMIT 0,20   [ RunTime:0.0000s ]

[ 2016-02-03T09:09:09+08:00 ] 127.0.0.1 /index.php?m=Admin&c=DepCenter&a=index
INFO: [ app_init ] --START--
INFO: Run Behavior\BuildLiteBehavior [ RunTime:0.000000s ]
INFO: [ app_init ] --END-- [ RunTime:0.000000s ]
INFO: [ app_begin ] --START--
INFO: Run Behavior\ReadHtmlCacheBehavior [ RunTime:0.001000s ]
INFO: [ app_begin ] --END-- [ RunTime:0.001000s ]
INFO: [ action_begin ] --START--
SQL: SHOW COLUMNS FROM `ecs_hooks` [ RunTime:0.0020s ]
SQL: SELECT `name`,`addons` FROM `ecs_hooks`  [ RunTime:0.0000s ]
SQL: SHOW COLUMNS FROM `ecs_addons` [ RunTime:0.0020s ]
SQL: SELECT `id`,`name` FROM `ecs_addons` WHERE `status` = 1 AND `name` IN ('SiteStat')  [ RunTime:0.0010s ]
INFO: Run Common\Behavior\InitHookBehavior [ RunTime:0.012001s ]
INFO: [ action_begin ] --END-- [ RunTime:0.012001s ]
SQL: SHOW COLUMNS FROM `ecs_auth_group_access` [ RunTime:0.0030s ]
SQL: SELECT `uid`,`group_id`,`title`,`rules` FROM ecs_auth_group_access a INNER JOIN ecs_auth_group g on a.group_id=g.id  WHERE ( a.uid='65' and g.status='1' )  [ RunTime:0.0000s ]
SQL: SHOW COLUMNS FROM `ecs_auth_rule` [ RunTime:0.0020s ]
SQL: SELECT `condition`,`name` FROM `ecs_auth_rule` WHERE `id` IN ('1','2','3','4','5','6','7','8','9','10','11','12','13','14','15','16','17','18','19','20','21','22','23','24','25','26','27','28','29','30','31','32','33','34','35','36','37','38','39','40','41','42','43','44','45','46','47','48','49','50','51','52','53','54','55','56','57','58','59','60','61','62','63','64','65','66','67','68','69','70','71','72','73','74','75','76','77','78','79','80','81','82','83','84','85','86','87','88','89','90','91','92','93','94','95','96','97','98','99','100','101','102','103','104','105','106','107','113') AND `type` = 1 AND `status` = 1  [ RunTime:0.0000s ]
SQL: SHOW COLUMNS FROM `ecs_users` [ RunTime:0.0020s ]
SQL: SELECT COUNT(*) AS tp_count FROM `ecs_users` LIMIT 1   [ RunTime:0.0000s ]
SQL: SELECT * FROM `ecs_users` ORDER BY user_id asc LIMIT 0,20   [ RunTime:0.0000s ]

[ 2016-02-03T09:09:10+08:00 ] 127.0.0.1 /index.php?m=Admin&c=DepCenter&a=index
INFO: [ app_init ] --START--
INFO: Run Behavior\BuildLiteBehavior [ RunTime:0.000000s ]
INFO: [ app_init ] --END-- [ RunTime:0.000000s ]
INFO: [ app_begin ] --START--
INFO: Run Behavior\ReadHtmlCacheBehavior [ RunTime:0.000000s ]
INFO: [ app_begin ] --END-- [ RunTime:0.000000s ]
INFO: [ action_begin ] --START--
SQL: SHOW COLUMNS FROM `ecs_hooks` [ RunTime:0.0040s ]
SQL: SELECT `name`,`addons` FROM `ecs_hooks`  [ RunTime:0.0000s ]
SQL: SHOW COLUMNS FROM `ecs_addons` [ RunTime:0.0030s ]
SQL: SELECT `id`,`name` FROM `ecs_addons` WHERE `status` = 1 AND `name` IN ('SiteStat')  [ RunTime:0.0000s ]
INFO: Run Common\Behavior\InitHookBehavior [ RunTime:0.022001s ]
INFO: [ action_begin ] --END-- [ RunTime:0.022001s ]
SQL: SHOW COLUMNS FROM `ecs_auth_group_access` [ RunTime:0.0020s ]
SQL: SELECT `uid`,`group_id`,`title`,`rules` FROM ecs_auth_group_access a INNER JOIN ecs_auth_group g on a.group_id=g.id  WHERE ( a.uid='65' and g.status='1' )  [ RunTime:0.0000s ]
SQL: SHOW COLUMNS FROM `ecs_auth_rule` [ RunTime:0.0030s ]
SQL: SELECT `condition`,`name` FROM `ecs_auth_rule` WHERE `id` IN ('1','2','3','4','5','6','7','8','9','10','11','12','13','14','15','16','17','18','19','20','21','22','23','24','25','26','27','28','29','30','31','32','33','34','35','36','37','38','39','40','41','42','43','44','45','46','47','48','49','50','51','52','53','54','55','56','57','58','59','60','61','62','63','64','65','66','67','68','69','70','71','72','73','74','75','76','77','78','79','80','81','82','83','84','85','86','87','88','89','90','91','92','93','94','95','96','97','98','99','100','101','102','103','104','105','106','107','113') AND `type` = 1 AND `status` = 1  [ RunTime:0.0010s ]
SQL: SHOW COLUMNS FROM `ecs_users` [ RunTime:0.0030s ]
SQL: SELECT COUNT(*) AS tp_count FROM `ecs_users` LIMIT 1   [ RunTime:0.0000s ]
SQL: SELECT * FROM `ecs_users` ORDER BY user_id asc LIMIT 0,20   [ RunTime:0.0000s ]

[ 2016-02-03T10:32:24+08:00 ] 127.0.0.1 /index.php?m=Admin&c=DepCenter&a=index&_=1454461723290
INFO: [ app_init ] --START--
INFO: Run Behavior\BuildLiteBehavior [ RunTime:0.000000s ]
INFO: [ app_init ] --END-- [ RunTime:0.000000s ]
INFO: [ app_begin ] --START--
INFO: Run Behavior\ReadHtmlCacheBehavior [ RunTime:0.000000s ]
INFO: [ app_begin ] --END-- [ RunTime:0.000000s ]
INFO: [ action_begin ] --START--
SQL: SHOW COLUMNS FROM `ecs_hooks` [ RunTime:0.1410s ]
SQL: SELECT `name`,`addons` FROM `ecs_hooks`  [ RunTime:0.0020s ]
SQL: SHOW COLUMNS FROM `ecs_addons` [ RunTime:0.0180s ]
SQL: SELECT `id`,`name` FROM `ecs_addons` WHERE `status` = 1 AND `name` IN ('SiteStat')  [ RunTime:0.0040s ]
INFO: Run Common\Behavior\InitHookBehavior [ RunTime:0.749043s ]
INFO: [ action_begin ] --END-- [ RunTime:0.749043s ]
SQL: SHOW COLUMNS FROM `ecs_auth_group_access` [ RunTime:0.0560s ]
SQL: SELECT `uid`,`group_id`,`title`,`rules` FROM ecs_auth_group_access a INNER JOIN ecs_auth_group g on a.group_id=g.id  WHERE ( a.uid='65' and g.status='1' )  [ RunTime:0.0340s ]
SQL: SHOW COLUMNS FROM `ecs_auth_rule` [ RunTime:0.0120s ]
SQL: SELECT `condition`,`name` FROM `ecs_auth_rule` WHERE `id` IN ('1','2','3','4','5','6','7','8','9','10','11','12','13','14','15','16','17','18','19','20','21','22','23','24','25','26','27','28','29','30','31','32','33','34','35','36','37','38','39','40','41','42','43','44','45','46','47','48','49','50','51','52','53','54','55','56','57','58','59','60','61','62','63','64','65','66','67','68','69','70','71','72','73','74','75','76','77','78','79','80','81','82','83','84','85','86','87','88','89','90','91','92','93','94','95','96','97','98','99','100','101','102','103','104','105','106','107','113') AND `type` = 1 AND `status` = 1  [ RunTime:0.0200s ]
SQL: SHOW COLUMNS FROM `ecs_users` [ RunTime:0.0400s ]
INFO: [ view_parse ] --START--
INFO: [ template_filter ] --START--
INFO: Run Behavior\ContentReplaceBehavior [ RunTime:0.000000s ]
INFO: [ template_filter ] --END-- [ RunTime:0.000000s ]
INFO: Run Behavior\ParseTemplateBehavior [ RunTime:0.014000s ]
INFO: [ view_parse ] --END-- [ RunTime:0.014000s ]
INFO: [ view_filter ] --START--
INFO: Run Behavior\WriteHtmlCacheBehavior [ RunTime:0.001000s ]
INFO: [ view_filter ] --END-- [ RunTime:0.001000s ]
INFO: [ app_end ] --START--
INFO: Run Behavior\ShowPageTraceBehavior [ RunTime:0.001000s ]
INFO: [ app_end ] --END-- [ RunTime:0.001000s ]

[ 2016-02-03T10:32:25+08:00 ] 127.0.0.1 /index.php?m=Admin&c=DepCenter&a=index
INFO: [ app_init ] --START--
INFO: Run Behavior\BuildLiteBehavior [ RunTime:0.000000s ]
INFO: [ app_init ] --END-- [ RunTime:0.000000s ]
INFO: [ app_begin ] --START--
INFO: Run Behavior\ReadHtmlCacheBehavior [ RunTime:0.001001s ]
INFO: [ app_begin ] --END-- [ RunTime:0.001001s ]
INFO: [ action_begin ] --START--
SQL: SHOW COLUMNS FROM `ecs_hooks` [ RunTime:0.0160s ]
SQL: SELECT `name`,`addons` FROM `ecs_hooks`  [ RunTime:0.0000s ]
SQL: SHOW COLUMNS FROM `ecs_addons` [ RunTime:0.0020s ]
SQL: SELECT `id`,`name` FROM `ecs_addons` WHERE `status` = 1 AND `name` IN ('SiteStat')  [ RunTime:0.0000s ]
INFO: Run Common\Behavior\InitHookBehavior [ RunTime:0.272015s ]
INFO: [ action_begin ] --END-- [ RunTime:0.272015s ]
SQL: SHOW COLUMNS FROM `ecs_auth_group_access` [ RunTime:0.0070s ]
SQL: SELECT `uid`,`group_id`,`title`,`rules` FROM ecs_auth_group_access a INNER JOIN ecs_auth_group g on a.group_id=g.id  WHERE ( a.uid='65' and g.status='1' )  [ RunTime:0.0010s ]
SQL: SHOW COLUMNS FROM `ecs_auth_rule` [ RunTime:0.0090s ]
SQL: SELECT `condition`,`name` FROM `ecs_auth_rule` WHERE `id` IN ('1','2','3','4','5','6','7','8','9','10','11','12','13','14','15','16','17','18','19','20','21','22','23','24','25','26','27','28','29','30','31','32','33','34','35','36','37','38','39','40','41','42','43','44','45','46','47','48','49','50','51','52','53','54','55','56','57','58','59','60','61','62','63','64','65','66','67','68','69','70','71','72','73','74','75','76','77','78','79','80','81','82','83','84','85','86','87','88','89','90','91','92','93','94','95','96','97','98','99','100','101','102','103','104','105','106','107','113') AND `type` = 1 AND `status` = 1  [ RunTime:0.0010s ]
SQL: SHOW COLUMNS FROM `ecs_users` [ RunTime:0.0090s ]
SQL: SELECT COUNT(*) AS tp_count FROM `ecs_users` LIMIT 1   [ RunTime:0.0630s ]
SQL: SELECT * FROM `ecs_users` ORDER BY user_id asc LIMIT 0,20   [ RunTime:0.0100s ]

[ 2016-02-03T10:32:30+08:00 ] 127.0.0.1 /index.php?m=Admin&c=DepCenter&a=index
INFO: [ app_init ] --START--
INFO: Run Behavior\BuildLiteBehavior [ RunTime:0.000000s ]
INFO: [ app_init ] --END-- [ RunTime:0.000000s ]
INFO: [ app_begin ] --START--
INFO: Run Behavior\ReadHtmlCacheBehavior [ RunTime:0.000000s ]
INFO: [ app_begin ] --END-- [ RunTime:0.000000s ]
INFO: [ action_begin ] --START--
SQL: SHOW COLUMNS FROM `ecs_hooks` [ RunTime:0.0020s ]
SQL: SELECT `name`,`addons` FROM `ecs_hooks`  [ RunTime:0.0010s ]
SQL: SHOW COLUMNS FROM `ecs_addons` [ RunTime:0.0020s ]
SQL: SELECT `id`,`name` FROM `ecs_addons` WHERE `status` = 1 AND `name` IN ('SiteStat')  [ RunTime:0.0000s ]
INFO: Run Common\Behavior\InitHookBehavior [ RunTime:0.012001s ]
INFO: [ action_begin ] --END-- [ RunTime:0.013001s ]
SQL: SHOW COLUMNS FROM `ecs_auth_group_access` [ RunTime:0.0030s ]
SQL: SELECT `uid`,`group_id`,`title`,`rules` FROM ecs_auth_group_access a INNER JOIN ecs_auth_group g on a.group_id=g.id  WHERE ( a.uid='65' and g.status='1' )  [ RunTime:0.0000s ]
SQL: SHOW COLUMNS FROM `ecs_auth_rule` [ RunTime:0.0020s ]
SQL: SELECT `condition`,`name` FROM `ecs_auth_rule` WHERE `id` IN ('1','2','3','4','5','6','7','8','9','10','11','12','13','14','15','16','17','18','19','20','21','22','23','24','25','26','27','28','29','30','31','32','33','34','35','36','37','38','39','40','41','42','43','44','45','46','47','48','49','50','51','52','53','54','55','56','57','58','59','60','61','62','63','64','65','66','67','68','69','70','71','72','73','74','75','76','77','78','79','80','81','82','83','84','85','86','87','88','89','90','91','92','93','94','95','96','97','98','99','100','101','102','103','104','105','106','107','113') AND `type` = 1 AND `status` = 1  [ RunTime:0.0000s ]
SQL: SHOW COLUMNS FROM `ecs_users` [ RunTime:0.0140s ]
SQL: SELECT COUNT(*) AS tp_count FROM `ecs_users` LIMIT 1   [ RunTime:0.0000s ]
SQL: SELECT * FROM `ecs_users` ORDER BY user_id asc LIMIT 0,10   [ RunTime:0.0010s ]
NOTIC: [8] Undefined offset: 10 C:\Users\Edric\Desktop\ywy2\App\Admin\Controller\DepCenterController.class.php 第 72 行.
NOTIC: [8] Undefined offset: 11 C:\Users\Edric\Desktop\ywy2\App\Admin\Controller\DepCenterController.class.php 第 72 行.
NOTIC: [8] Undefined offset: 12 C:\Users\Edric\Desktop\ywy2\App\Admin\Controller\DepCenterController.class.php 第 72 行.
NOTIC: [8] Undefined offset: 13 C:\Users\Edric\Desktop\ywy2\App\Admin\Controller\DepCenterController.class.php 第 72 行.

[ 2016-02-03T10:32:33+08:00 ] 127.0.0.1 /index.php?m=Admin&c=DepCenter&a=index
INFO: [ app_init ] --START--
INFO: Run Behavior\BuildLiteBehavior [ RunTime:0.000000s ]
INFO: [ app_init ] --END-- [ RunTime:0.001000s ]
INFO: [ app_begin ] --START--
INFO: Run Behavior\ReadHtmlCacheBehavior [ RunTime:0.000000s ]
INFO: [ app_begin ] --END-- [ RunTime:0.000000s ]
INFO: [ action_begin ] --START--
SQL: SHOW COLUMNS FROM `ecs_hooks` [ RunTime:0.0170s ]
SQL: SELECT `name`,`addons` FROM `ecs_hooks`  [ RunTime:0.0000s ]
SQL: SHOW COLUMNS FROM `ecs_addons` [ RunTime:0.0030s ]
SQL: SELECT `id`,`name` FROM `ecs_addons` WHERE `status` = 1 AND `name` IN ('SiteStat')  [ RunTime:0.0010s ]
INFO: Run Common\Behavior\InitHookBehavior [ RunTime:0.048002s ]
INFO: [ action_begin ] --END-- [ RunTime:0.048002s ]
SQL: SHOW COLUMNS FROM `ecs_auth_group_access` [ RunTime:0.0020s ]
SQL: SELECT `uid`,`group_id`,`title`,`rules` FROM ecs_auth_group_access a INNER JOIN ecs_auth_group g on a.group_id=g.id  WHERE ( a.uid='65' and g.status='1' )  [ RunTime:0.0000s ]
SQL: SHOW COLUMNS FROM `ecs_auth_rule` [ RunTime:0.0030s ]
SQL: SELECT `condition`,`name` FROM `ecs_auth_rule` WHERE `id` IN ('1','2','3','4','5','6','7','8','9','10','11','12','13','14','15','16','17','18','19','20','21','22','23','24','25','26','27','28','29','30','31','32','33','34','35','36','37','38','39','40','41','42','43','44','45','46','47','48','49','50','51','52','53','54','55','56','57','58','59','60','61','62','63','64','65','66','67','68','69','70','71','72','73','74','75','76','77','78','79','80','81','82','83','84','85','86','87','88','89','90','91','92','93','94','95','96','97','98','99','100','101','102','103','104','105','106','107','113') AND `type` = 1 AND `status` = 1  [ RunTime:0.0000s ]
SQL: SHOW COLUMNS FROM `ecs_users` [ RunTime:0.0020s ]
SQL: SELECT COUNT(*) AS tp_count FROM `ecs_users` LIMIT 1   [ RunTime:0.0000s ]
SQL: SELECT * FROM `ecs_users` ORDER BY user_id asc LIMIT 0,50   [ RunTime:0.0000s ]

[ 2016-02-03T10:32:35+08:00 ] 127.0.0.1 /index.php?m=Admin&c=DepCenter&a=index
INFO: [ app_init ] --START--
INFO: Run Behavior\BuildLiteBehavior [ RunTime:0.000000s ]
INFO: [ app_init ] --END-- [ RunTime:0.001000s ]
INFO: [ app_begin ] --START--
INFO: Run Behavior\ReadHtmlCacheBehavior [ RunTime:0.001000s ]
INFO: [ app_begin ] --END-- [ RunTime:0.001000s ]
INFO: [ action_begin ] --START--
SQL: SHOW COLUMNS FROM `ecs_hooks` [ RunTime:0.0030s ]
SQL: SELECT `name`,`addons` FROM `ecs_hooks`  [ RunTime:0.0010s ]
SQL: SHOW COLUMNS FROM `ecs_addons` [ RunTime:0.0030s ]
SQL: SELECT `id`,`name` FROM `ecs_addons` WHERE `status` = 1 AND `name` IN ('SiteStat')  [ RunTime:0.0000s ]
INFO: Run Common\Behavior\InitHookBehavior [ RunTime:0.015001s ]
INFO: [ action_begin ] --END-- [ RunTime:0.015001s ]
SQL: SHOW COLUMNS FROM `ecs_auth_group_access` [ RunTime:0.0030s ]
SQL: SELECT `uid`,`group_id`,`title`,`rules` FROM ecs_auth_group_access a INNER JOIN ecs_auth_group g on a.group_id=g.id  WHERE ( a.uid='65' and g.status='1' )  [ RunTime:0.0000s ]
SQL: SHOW COLUMNS FROM `ecs_auth_rule` [ RunTime:0.0030s ]
SQL: SELECT `condition`,`name` FROM `ecs_auth_rule` WHERE `id` IN ('1','2','3','4','5','6','7','8','9','10','11','12','13','14','15','16','17','18','19','20','21','22','23','24','25','26','27','28','29','30','31','32','33','34','35','36','37','38','39','40','41','42','43','44','45','46','47','48','49','50','51','52','53','54','55','56','57','58','59','60','61','62','63','64','65','66','67','68','69','70','71','72','73','74','75','76','77','78','79','80','81','82','83','84','85','86','87','88','89','90','91','92','93','94','95','96','97','98','99','100','101','102','103','104','105','106','107','113') AND `type` = 1 AND `status` = 1  [ RunTime:0.0010s ]
SQL: SHOW COLUMNS FROM `ecs_users` [ RunTime:0.0030s ]
SQL: SELECT COUNT(*) AS tp_count FROM `ecs_users` LIMIT 1   [ RunTime:0.0000s ]
SQL: SELECT * FROM `ecs_users` ORDER BY user_id asc LIMIT 0,20   [ RunTime:0.0010s ]

[ 2016-02-03T10:32:49+08:00 ] 127.0.0.1 /index.php?m=Admin&c=Index&a=menu&pid=79
INFO: [ app_init ] --START--
INFO: Run Behavior\BuildLiteBehavior [ RunTime:0.000000s ]
INFO: [ app_init ] --END-- [ RunTime:0.000000s ]
INFO: [ app_begin ] --START--
INFO: Run Behavior\ReadHtmlCacheBehavior [ RunTime:0.000000s ]
INFO: [ app_begin ] --END-- [ RunTime:0.001000s ]
INFO: [ action_begin ] --START--
SQL: SHOW COLUMNS FROM `ecs_hooks` [ RunTime:0.0020s ]
SQL: SELECT `name`,`addons` FROM `ecs_hooks`  [ RunTime:0.0000s ]
SQL: SHOW COLUMNS FROM `ecs_addons` [ RunTime:0.0020s ]
SQL: SELECT `id`,`name` FROM `ecs_addons` WHERE `status` = 1 AND `name` IN ('SiteStat')  [ RunTime:0.0010s ]
INFO: Run Common\Behavior\InitHookBehavior [ RunTime:0.021001s ]
INFO: [ action_begin ] --END-- [ RunTime:0.021001s ]
SQL: SHOW COLUMNS FROM `ecs_auth_group_access` [ RunTime:0.0010s ]
SQL: SELECT `uid`,`group_id`,`title`,`rules` FROM ecs_auth_group_access a INNER JOIN ecs_auth_group g on a.group_id=g.id  WHERE ( a.uid='65' and g.status='1' )  [ RunTime:0.0000s ]
SQL: SHOW COLUMNS FROM `ecs_auth_rule` [ RunTime:0.0020s ]
SQL: SELECT `id`,`pid`,`name`,`title`,`type`,`show_type`,`icon` FROM `ecs_auth_rule` WHERE `id` IN ('1','2','3','4','5','6','7','8','9','10','11','12','13','14','15','16','17','18','19','20','21','22','23','24','25','26','27','28','29','30','31','32','33','34','35','36','37','38','39','40','41','42','43','44','45','46','47','48','49','50','51','52','53','54','55','56','57','58','59','60','61','62','63','64','65','66','67','68','69','70','71','72','73','74','75','76','77','78','79','80','81','82','83','84','85','86','87','88','89','90','91','92','93','94','95','96','97','98','99','100','101','102','103','104','105','106','107','113') AND `hide` = 0 AND `status` = 1 ORDER BY sort asc  [ RunTime:0.0110s ]
INFO: [ view_parse ] --START--
INFO: [ template_filter ] --START--
INFO: Run Behavior\ContentReplaceBehavior [ RunTime:0.000000s ]
INFO: [ template_filter ] --END-- [ RunTime:0.000000s ]
INFO: Run Behavior\ParseTemplateBehavior [ RunTime:0.069004s ]
INFO: [ view_parse ] --END-- [ RunTime:0.069004s ]
INFO: [ view_filter ] --START--
INFO: Run Behavior\WriteHtmlCacheBehavior [ RunTime:0.001000s ]
INFO: [ view_filter ] --END-- [ RunTime:0.001000s ]
INFO: [ app_end ] --START--
INFO: Run Behavior\ShowPageTraceBehavior [ RunTime:0.000000s ]
INFO: [ app_end ] --END-- [ RunTime:0.000000s ]

[ 2016-02-03T10:32:50+08:00 ] 127.0.0.1 /index.php?m=Admin&c=UserCenter&a=index&_=1454461723291
INFO: [ app_init ] --START--
INFO: Run Behavior\BuildLiteBehavior [ RunTime:0.000000s ]
INFO: [ app_init ] --END-- [ RunTime:0.000000s ]
INFO: [ app_begin ] --START--
INFO: Run Behavior\ReadHtmlCacheBehavior [ RunTime:0.000000s ]
INFO: [ app_begin ] --END-- [ RunTime:0.000000s ]
INFO: [ action_begin ] --START--
SQL: SHOW COLUMNS FROM `ecs_hooks` [ RunTime:0.0020s ]
SQL: SELECT `name`,`addons` FROM `ecs_hooks`  [ RunTime:0.0000s ]
SQL: SHOW COLUMNS FROM `ecs_addons` [ RunTime:0.0030s ]
SQL: SELECT `id`,`name` FROM `ecs_addons` WHERE `status` = 1 AND `name` IN ('SiteStat')  [ RunTime:0.0000s ]
INFO: Run Common\Behavior\InitHookBehavior [ RunTime:0.022002s ]
INFO: [ action_begin ] --END-- [ RunTime:0.022002s ]
SQL: SHOW COLUMNS FROM `ecs_auth_group_access` [ RunTime:0.0020s ]
SQL: SELECT `uid`,`group_id`,`title`,`rules` FROM ecs_auth_group_access a INNER JOIN ecs_auth_group g on a.group_id=g.id  WHERE ( a.uid='65' and g.status='1' )  [ RunTime:0.0000s ]
SQL: SHOW COLUMNS FROM `ecs_auth_rule` [ RunTime:0.0030s ]
SQL: SELECT `condition`,`name` FROM `ecs_auth_rule` WHERE `id` IN ('1','2','3','4','5','6','7','8','9','10','11','12','13','14','15','16','17','18','19','20','21','22','23','24','25','26','27','28','29','30','31','32','33','34','35','36','37','38','39','40','41','42','43','44','45','46','47','48','49','50','51','52','53','54','55','56','57','58','59','60','61','62','63','64','65','66','67','68','69','70','71','72','73','74','75','76','77','78','79','80','81','82','83','84','85','86','87','88','89','90','91','92','93','94','95','96','97','98','99','100','101','102','103','104','105','106','107','113') AND `type` = 1 AND `status` = 1  [ RunTime:0.0010s ]
SQL: SHOW COLUMNS FROM `ecs_users` [ RunTime:0.0030s ]
SQL: SHOW COLUMNS FROM `ecs_users` [ RunTime:0.0030s ]
SQL: SELECT * FROM `ecs_users` WHERE ( user_id=65 ) LIMIT 1   [ RunTime:0.0010s ]
INFO: [ view_parse ] --START--
INFO: [ template_filter ] --START--
INFO: Run Behavior\ContentReplaceBehavior [ RunTime:0.001000s ]
INFO: [ template_filter ] --END-- [ RunTime:0.001000s ]
INFO: Run Behavior\ParseTemplateBehavior [ RunTime:0.054003s ]
INFO: [ view_parse ] --END-- [ RunTime:0.055003s ]
INFO: [ view_filter ] --START--
INFO: Run Behavior\WriteHtmlCacheBehavior [ RunTime:0.000000s ]
INFO: [ view_filter ] --END-- [ RunTime:0.000000s ]
INFO: [ app_end ] --START--
INFO: Run Behavior\ShowPageTraceBehavior [ RunTime:0.000000s ]
INFO: [ app_end ] --END-- [ RunTime:0.000000s ]

[ 2016-02-03T11:40:07+08:00 ] 127.0.0.1 /index.php?m=Admin&c=Index&a=menu&pid=93
INFO: [ app_init ] --START--
INFO: Run Behavior\BuildLiteBehavior [ RunTime:0.000000s ]
INFO: [ app_init ] --END-- [ RunTime:0.000000s ]
INFO: [ app_begin ] --START--
INFO: Run Behavior\ReadHtmlCacheBehavior [ RunTime:0.001000s ]
INFO: [ app_begin ] --END-- [ RunTime:0.001000s ]
INFO: [ action_begin ] --START--
SQL: SHOW COLUMNS FROM `ecs_hooks` [ RunTime:0.3070s ]
SQL: SELECT `name`,`addons` FROM `ecs_hooks`  [ RunTime:0.0010s ]
SQL: SHOW COLUMNS FROM `ecs_addons` [ RunTime:0.0380s ]
SQL: SELECT `id`,`name` FROM `ecs_addons` WHERE `status` = 1 AND `name` IN ('SiteStat')  [ RunTime:0.0030s ]
INFO: Run Common\Behavior\InitHookBehavior [ RunTime:1.903109s ]
INFO: [ action_begin ] --END-- [ RunTime:1.903109s ]
SQL: SHOW COLUMNS FROM `ecs_auth_group_access` [ RunTime:0.0100s ]
SQL: SELECT `uid`,`group_id`,`title`,`rules` FROM ecs_auth_group_access a INNER JOIN ecs_auth_group g on a.group_id=g.id  WHERE ( a.uid='65' and g.status='1' )  [ RunTime:0.0300s ]
SQL: SHOW COLUMNS FROM `ecs_auth_rule` [ RunTime:0.0190s ]
SQL: SELECT `id`,`pid`,`name`,`title`,`type`,`show_type`,`icon` FROM `ecs_auth_rule` WHERE `id` IN ('1','2','3','4','5','6','7','8','9','10','11','12','13','14','15','16','17','18','19','20','21','22','23','24','25','26','27','28','29','30','31','32','33','34','35','36','37','38','39','40','41','42','43','44','45','46','47','48','49','50','51','52','53','54','55','56','57','58','59','60','61','62','63','64','65','66','67','68','69','70','71','72','73','74','75','76','77','78','79','80','81','82','83','84','85','86','87','88','89','90','91','92','93','94','95','96','97','98','99','100','101','102','103','104','105','106','107','113') AND `hide` = 0 AND `status` = 1 ORDER BY sort asc  [ RunTime:0.1490s ]
INFO: [ view_parse ] --START--
INFO: [ template_filter ] --START--
INFO: Run Behavior\ContentReplaceBehavior [ RunTime:0.000000s ]
INFO: [ template_filter ] --END-- [ RunTime:0.000000s ]
INFO: Run Behavior\ParseTemplateBehavior [ RunTime:0.345020s ]
INFO: [ view_parse ] --END-- [ RunTime:0.345020s ]
INFO: [ view_filter ] --START--
INFO: Run Behavior\WriteHtmlCacheBehavior [ RunTime:0.001000s ]
INFO: [ view_filter ] --END-- [ RunTime:0.001000s ]
INFO: [ app_end ] --START--
INFO: Run Behavior\ShowPageTraceBehavior [ RunTime:0.001000s ]
INFO: [ app_end ] --END-- [ RunTime:0.001000s ]

