[ 2016-01-03T19:24:03+08:00 ] 127.0.0.1 /index.php?m=Admin&c=Public&a=login
INFO: [ app_init ] --START--
INFO: Run Behavior\BuildLiteBehavior [ RunTime:0.000000s ]
INFO: [ app_init ] --END-- [ RunTime:0.000000s ]
INFO: [ app_begin ] --START--
INFO: Run Behavior\ReadHtmlCacheBehavior [ RunTime:0.001000s ]
INFO: [ app_begin ] --END-- [ RunTime:0.001000s ]
INFO: [ action_begin ] --START--
SQL: SHOW COLUMNS FROM `ecs_hooks` [ RunTime:0.0460s ]
SQL: SELECT `name`,`addons` FROM `ecs_hooks`  [ RunTime:0.0010s ]
SQL: SHOW COLUMNS FROM `ecs_addons` [ RunTime:0.0200s ]
SQL: SELECT `id`,`name` FROM `ecs_addons` WHERE `status` = 1 AND `name` IN ('SiteStat')  [ RunTime:0.0010s ]
INFO: Run Common\Behavior\InitHookBehavior [ RunTime:0.082005s ]
INFO: [ action_begin ] --END-- [ RunTime:0.083005s ]
INFO: [ view_parse ] --START--
INFO: [ template_filter ] --START--
INFO: Run Behavior\ContentReplaceBehavior [ RunTime:0.000000s ]
INFO: [ template_filter ] --END-- [ RunTime:0.001000s ]
INFO: Run Behavior\ParseTemplateBehavior [ RunTime:0.015001s ]
INFO: [ view_parse ] --END-- [ RunTime:0.016001s ]
INFO: [ view_filter ] --START--
INFO: Run Behavior\WriteHtmlCacheBehavior [ RunTime:0.000000s ]
INFO: [ view_filter ] --END-- [ RunTime:0.000000s ]
INFO: [ app_end ] --START--
INFO: Run Behavior\ShowPageTraceBehavior [ RunTime:0.001000s ]
INFO: [ app_end ] --END-- [ RunTime:0.001000s ]

[ 2016-01-03T19:24:10+08:00 ] 127.0.0.1 /index.php?m=Admin&c=Public&a=login
INFO: [ app_init ] --START--
INFO: Run Behavior\BuildLiteBehavior [ RunTime:0.001000s ]
INFO: [ app_init ] --END-- [ RunTime:0.001000s ]
INFO: [ app_begin ] --START--
INFO: Run Behavior\ReadHtmlCacheBehavior [ RunTime:0.001000s ]
INFO: [ app_begin ] --END-- [ RunTime:0.001000s ]
INFO: [ action_begin ] --START--
SQL: SHOW COLUMNS FROM `ecs_hooks` [ RunTime:0.0030s ]
SQL: SELECT `name`,`addons` FROM `ecs_hooks`  [ RunTime:0.0010s ]
SQL: SHOW COLUMNS FROM `ecs_addons` [ RunTime:0.0030s ]
SQL: SELECT `id`,`name` FROM `ecs_addons` WHERE `status` = 1 AND `name` IN ('SiteStat')  [ RunTime:0.0000s ]
INFO: Run Common\Behavior\InitHookBehavior [ RunTime:0.030002s ]
INFO: [ action_begin ] --END-- [ RunTime:0.030002s ]
SQL: SHOW COLUMNS FROM `ecs_users` [ RunTime:0.1090s ]
SQL: SELECT * FROM `ecs_users` WHERE `user_name` = 'admin' AND `password` = 'f379eaf3c831b04de153469d1bec345e' AND `role_range` = 1 LIMIT 1   [ RunTime:0.0020s ]
SQL: SHOW COLUMNS FROM `ecs_action` [ RunTime:0.0420s ]
SQL: SELECT * FROM `ecs_action` WHERE `name` = 'Admin_Login' LIMIT 1   [ RunTime:0.0010s ]
ERR: 1146:Table 'xiaojd.ecs_user' doesn't exist
 [ SQL语句 ] : SHOW COLUMNS FROM `ecs_user`
ERR: 1146:Table 'xiaojd.ecs_user' doesn't exist
 [ SQL语句 ] : SHOW COLUMNS FROM `ecs_user`

[ 2016-01-03T19:24:13+08:00 ] 127.0.0.1 /index.php?m=Admin&c=Public&a=login
INFO: [ app_init ] --START--
INFO: Run Behavior\BuildLiteBehavior [ RunTime:0.000000s ]
INFO: [ app_init ] --END-- [ RunTime:0.000000s ]
INFO: [ app_begin ] --START--
INFO: Run Behavior\ReadHtmlCacheBehavior [ RunTime:0.000000s ]
INFO: [ app_begin ] --END-- [ RunTime:0.000000s ]
INFO: [ action_begin ] --START--
SQL: SHOW COLUMNS FROM `ecs_hooks` [ RunTime:0.0030s ]
SQL: SELECT `name`,`addons` FROM `ecs_hooks`  [ RunTime:0.0010s ]
SQL: SHOW COLUMNS FROM `ecs_addons` [ RunTime:0.0020s ]
SQL: SELECT `id`,`name` FROM `ecs_addons` WHERE `status` = 1 AND `name` IN ('SiteStat')  [ RunTime:0.0000s ]
INFO: Run Common\Behavior\InitHookBehavior [ RunTime:0.019001s ]
INFO: [ action_begin ] --END-- [ RunTime:0.019001s ]

[ 2016-01-03T19:24:13+08:00 ] 127.0.0.1 /index.php?m=Admin&c=Index&a=index
INFO: [ app_init ] --START--
INFO: Run Behavior\BuildLiteBehavior [ RunTime:0.000000s ]
INFO: [ app_init ] --END-- [ RunTime:0.001000s ]
INFO: [ app_begin ] --START--
INFO: Run Behavior\ReadHtmlCacheBehavior [ RunTime:0.001000s ]
INFO: [ app_begin ] --END-- [ RunTime:0.001000s ]
INFO: [ action_begin ] --START--
SQL: SHOW COLUMNS FROM `ecs_hooks` [ RunTime:0.0030s ]
SQL: SELECT `name`,`addons` FROM `ecs_hooks`  [ RunTime:0.0000s ]
SQL: SHOW COLUMNS FROM `ecs_addons` [ RunTime:0.0020s ]
SQL: SELECT `id`,`name` FROM `ecs_addons` WHERE `status` = 1 AND `name` IN ('SiteStat')  [ RunTime:0.0000s ]
INFO: Run Common\Behavior\InitHookBehavior [ RunTime:0.016001s ]
INFO: [ action_begin ] --END-- [ RunTime:0.016001s ]
SQL: SHOW COLUMNS FROM `ecs_auth_group_access` [ RunTime:0.0920s ]
SQL: SELECT `uid`,`group_id`,`title`,`rules` FROM ecs_auth_group_access a INNER JOIN ecs_auth_group g on a.group_id=g.id  WHERE ( a.uid='55' and g.status='1' )  [ RunTime:0.0230s ]
SQL: SHOW COLUMNS FROM `ecs_auth_rule` [ RunTime:0.0430s ]
SQL: SELECT `id`,`pid`,`name`,`title`,`type`,`show_type`,`icon` FROM `ecs_auth_rule` WHERE `id` IN ('1','2','3','4','5','6','7','8','9','10','11','12','13','14','15','16','17','18','19','20','21','22','23','24','25','26','27','28','29','30','31','32','33','34','35','36','37','38','39','40','41','42','43','44','45','46','47','48','49','50','51','52','53','54','55','56','57','58','59','60','61','62') AND `hide` = 0 AND `status` = 1 ORDER BY sort asc  [ RunTime:0.0030s ]

[ 2016-01-03T19:24:39+08:00 ] 127.0.0.1 /index.php?m=Admin&c=Index&a=index
INFO: [ app_init ] --START--
INFO: Run Behavior\BuildLiteBehavior [ RunTime:0.000000s ]
INFO: [ app_init ] --END-- [ RunTime:0.001000s ]
INFO: [ app_begin ] --START--
INFO: Run Behavior\ReadHtmlCacheBehavior [ RunTime:0.001000s ]
INFO: [ app_begin ] --END-- [ RunTime:0.001000s ]
INFO: [ action_begin ] --START--
SQL: SHOW COLUMNS FROM `ecs_hooks` [ RunTime:0.0030s ]
SQL: SELECT `name`,`addons` FROM `ecs_hooks`  [ RunTime:0.0000s ]
SQL: SHOW COLUMNS FROM `ecs_addons` [ RunTime:0.0020s ]
SQL: SELECT `id`,`name` FROM `ecs_addons` WHERE `status` = 1 AND `name` IN ('SiteStat')  [ RunTime:0.0000s ]
INFO: Run Common\Behavior\InitHookBehavior [ RunTime:0.028002s ]
INFO: [ action_begin ] --END-- [ RunTime:0.028002s ]
SQL: SHOW COLUMNS FROM `ecs_auth_group_access` [ RunTime:0.0030s ]
SQL: SELECT `uid`,`group_id`,`title`,`rules` FROM ecs_auth_group_access a INNER JOIN ecs_auth_group g on a.group_id=g.id  WHERE ( a.uid='55' and g.status='1' )  [ RunTime:0.0000s ]
SQL: SHOW COLUMNS FROM `ecs_auth_rule` [ RunTime:0.0020s ]
SQL: SELECT `id`,`pid`,`name`,`title`,`type`,`show_type`,`icon` FROM `ecs_auth_rule` WHERE `id` IN ('1','2','3','4','5','6','7','8','9','10','11','12','13','14','15','16','17','18','19','20','21','22','23','24','25','26','27','28','29','30','31','32','33','34','35','36','37','38','39','40','41','42','43','44','45','46','47','48','49','50','51','52','53','54','55','56','57','58','59','60','61','62') AND `hide` = 0 AND `status` = 1 ORDER BY sort asc  [ RunTime:0.0010s ]
SQL: SHOW COLUMNS FROM `ecs_users` [ RunTime:0.0040s ]
SQL: SELECT * FROM `ecs_users` WHERE ( user_id=55 ) LIMIT 1   [ RunTime:0.0010s ]
INFO: [ view_parse ] --START--
INFO: [ template_filter ] --START--
INFO: Run Behavior\ContentReplaceBehavior [ RunTime:0.000000s ]
INFO: [ template_filter ] --END-- [ RunTime:0.000000s ]
NOTIC: [8] Undefined index: nickname D:\yunpan\phpstudy\WWW\ywy\Runtime\Cache\Admin\9df924d9a2d217daa77a359c5bee0c33.php 第 51 行.
NOTIC: [8] Undefined index: username D:\yunpan\phpstudy\WWW\ywy\Runtime\Cache\Admin\9df924d9a2d217daa77a359c5bee0c33.php 第 51 行.
INFO: [ AdminIndex ] --START--
NOTIC: [2] mysql_get_server_info() [<a href='function.mysql-get-server-info'>function.mysql-get-server-info</a>]: Access denied for user ''@'localhost' (using password: NO) D:\yunpan\phpstudy\WWW\ywy\App\Addons\SiteStat\SiteStatAddon.class.php 第 43 行.
NOTIC: [2] mysql_get_server_info() [<a href='function.mysql-get-server-info'>function.mysql-get-server-info</a>]: A link to the server could not be established D:\yunpan\phpstudy\WWW\ywy\App\Addons\SiteStat\SiteStatAddon.class.php 第 43 行.
INFO: [ view_parse ] --START--
INFO: [ template_filter ] --START--
INFO: Run Behavior\ContentReplaceBehavior [ RunTime:0.000000s ]
INFO: [ template_filter ] --END-- [ RunTime:-0.155009s ]
INFO: Run Behavior\ParseTemplateBehavior [ RunTime:0.007000s ]
INFO: [ view_parse ] --END-- [ RunTime:0.007000s ]
INFO: [ view_filter ] --START--
INFO: Run Behavior\WriteHtmlCacheBehavior [ RunTime:0.001000s ]
INFO: [ view_filter ] --END-- [ RunTime:0.001000s ]
INFO: Run Addons\SiteStat\SiteStatAddon [ RunTime:0.123007s ]
INFO: [ AdminIndex ] --END-- [ RunTime:0.124008s ]
NOTIC: [8] Undefined index: user_password D:\yunpan\phpstudy\WWW\ywy\Runtime\Cache\Admin\9df924d9a2d217daa77a359c5bee0c33.php 第 73 行.
INFO: Run Behavior\ParseTemplateBehavior [ RunTime:0.009001s ]
INFO: [ view_parse ] --END-- [ RunTime:0.007000s ]
INFO: [ view_filter ] --START--
INFO: Run Behavior\WriteHtmlCacheBehavior [ RunTime:0.000000s ]
INFO: [ view_filter ] --END-- [ RunTime:-0.001001s ]
INFO: [ app_end ] --START--
INFO: Run Behavior\ShowPageTraceBehavior [ RunTime:0.001000s ]
INFO: [ app_end ] --END-- [ RunTime:0.001000s ]

[ 2016-01-03T19:24:40+08:00 ] 127.0.0.1 /index.php?m=Admin&c=Index&a=menu&pid=1
INFO: [ app_init ] --START--
INFO: Run Behavior\BuildLiteBehavior [ RunTime:0.000000s ]
INFO: [ app_init ] --END-- [ RunTime:0.001000s ]
INFO: [ app_begin ] --START--
INFO: Run Behavior\ReadHtmlCacheBehavior [ RunTime:0.001000s ]
INFO: [ app_begin ] --END-- [ RunTime:0.001000s ]
INFO: [ action_begin ] --START--
SQL: SHOW COLUMNS FROM `ecs_hooks` [ RunTime:0.0040s ]
SQL: SELECT `name`,`addons` FROM `ecs_hooks`  [ RunTime:0.0010s ]
SQL: SHOW COLUMNS FROM `ecs_addons` [ RunTime:0.0030s ]
SQL: SELECT `id`,`name` FROM `ecs_addons` WHERE `status` = 1 AND `name` IN ('SiteStat')  [ RunTime:0.0000s ]
INFO: Run Common\Behavior\InitHookBehavior [ RunTime:0.023001s ]
INFO: [ action_begin ] --END-- [ RunTime:0.023001s ]
SQL: SHOW COLUMNS FROM `ecs_auth_group_access` [ RunTime:0.0040s ]
SQL: SELECT `uid`,`group_id`,`title`,`rules` FROM ecs_auth_group_access a INNER JOIN ecs_auth_group g on a.group_id=g.id  WHERE ( a.uid='55' and g.status='1' )  [ RunTime:0.0000s ]
SQL: SHOW COLUMNS FROM `ecs_auth_rule` [ RunTime:0.0040s ]
SQL: SELECT `id`,`pid`,`name`,`title`,`type`,`show_type`,`icon` FROM `ecs_auth_rule` WHERE `id` IN ('1','2','3','4','5','6','7','8','9','10','11','12','13','14','15','16','17','18','19','20','21','22','23','24','25','26','27','28','29','30','31','32','33','34','35','36','37','38','39','40','41','42','43','44','45','46','47','48','49','50','51','52','53','54','55','56','57','58','59','60','61','62') AND `hide` = 0 AND `status` = 1 ORDER BY sort asc  [ RunTime:0.0010s ]
INFO: [ view_parse ] --START--
INFO: [ template_filter ] --START--
INFO: Run Behavior\ContentReplaceBehavior [ RunTime:0.000000s ]
INFO: [ template_filter ] --END-- [ RunTime:0.001000s ]
INFO: Run Behavior\ParseTemplateBehavior [ RunTime:0.019001s ]
INFO: [ view_parse ] --END-- [ RunTime:0.019001s ]
INFO: [ view_filter ] --START--
INFO: Run Behavior\WriteHtmlCacheBehavior [ RunTime:0.001000s ]
INFO: [ view_filter ] --END-- [ RunTime:0.001000s ]
INFO: [ app_end ] --START--
INFO: Run Behavior\ShowPageTraceBehavior [ RunTime:0.000000s ]
INFO: [ app_end ] --END-- [ RunTime:0.000000s ]

[ 2016-01-03T19:24:55+08:00 ] 127.0.0.1 /index.php?m=Admin&c=Index&a=index
INFO: [ app_init ] --START--
INFO: Run Behavior\BuildLiteBehavior [ RunTime:0.000000s ]
INFO: [ app_init ] --END-- [ RunTime:0.000000s ]
INFO: [ app_begin ] --START--
INFO: Run Behavior\ReadHtmlCacheBehavior [ RunTime:0.000000s ]
INFO: [ app_begin ] --END-- [ RunTime:0.000000s ]
INFO: [ action_begin ] --START--
SQL: SHOW COLUMNS FROM `ecs_hooks` [ RunTime:0.0030s ]
SQL: SELECT `name`,`addons` FROM `ecs_hooks`  [ RunTime:0.0010s ]
SQL: SHOW COLUMNS FROM `ecs_addons` [ RunTime:0.0020s ]
SQL: SELECT `id`,`name` FROM `ecs_addons` WHERE `status` = 1 AND `name` IN ('SiteStat')  [ RunTime:0.0010s ]
INFO: Run Common\Behavior\InitHookBehavior [ RunTime:0.017001s ]
INFO: [ action_begin ] --END-- [ RunTime:0.017001s ]
SQL: SHOW COLUMNS FROM `ecs_auth_group_access` [ RunTime:0.0020s ]
SQL: SELECT `uid`,`group_id`,`title`,`rules` FROM ecs_auth_group_access a INNER JOIN ecs_auth_group g on a.group_id=g.id  WHERE ( a.uid='55' and g.status='1' )  [ RunTime:0.0010s ]
SQL: SHOW COLUMNS FROM `ecs_auth_rule` [ RunTime:0.0020s ]
SQL: SELECT `id`,`pid`,`name`,`title`,`type`,`show_type`,`icon` FROM `ecs_auth_rule` WHERE `id` IN ('1','2','3','4','5','6','7','8','9','10','11','12','13','14','15','16','17','18','19','20','21','22','23','24','25','26','27','28','29','30','31','32','33','34','35','36','37','38','39','40','41','42','43','44','45','46','47','48','49','50','51','52','53','54','55','56','57','58','59','60','61','62') AND `hide` = 0 AND `status` = 1 ORDER BY sort asc  [ RunTime:0.0010s ]
INFO: [ view_parse ] --START--
INFO: [ template_filter ] --START--
INFO: Run Behavior\ContentReplaceBehavior [ RunTime:0.000000s ]
INFO: [ template_filter ] --END-- [ RunTime:0.000000s ]
NOTIC: [8] Undefined index: nickname D:\yunpan\phpstudy\WWW\ywy\Runtime\Cache\Admin\9df924d9a2d217daa77a359c5bee0c33.php 第 51 行.
NOTIC: [8] Undefined index: username D:\yunpan\phpstudy\WWW\ywy\Runtime\Cache\Admin\9df924d9a2d217daa77a359c5bee0c33.php 第 51 行.
INFO: [ AdminIndex ] --START--
NOTIC: [2] mysql_get_server_info() [<a href='function.mysql-get-server-info'>function.mysql-get-server-info</a>]: Access denied for user ''@'localhost' (using password: NO) D:\yunpan\phpstudy\WWW\ywy\App\Addons\SiteStat\SiteStatAddon.class.php 第 43 行.
NOTIC: [2] mysql_get_server_info() [<a href='function.mysql-get-server-info'>function.mysql-get-server-info</a>]: A link to the server could not be established D:\yunpan\phpstudy\WWW\ywy\App\Addons\SiteStat\SiteStatAddon.class.php 第 43 行.
INFO: [ view_parse ] --START--
INFO: [ template_filter ] --START--
INFO: Run Behavior\ContentReplaceBehavior [ RunTime:0.000000s ]
INFO: [ template_filter ] --END-- [ RunTime:-0.009001s ]
INFO: Run Behavior\ParseTemplateBehavior [ RunTime:0.005000s ]
INFO: [ view_parse ] --END-- [ RunTime:0.005000s ]
INFO: [ view_filter ] --START--
INFO: Run Behavior\WriteHtmlCacheBehavior [ RunTime:0.001000s ]
INFO: [ view_filter ] --END-- [ RunTime:0.001000s ]
INFO: Run Addons\SiteStat\SiteStatAddon [ RunTime:0.010001s ]
INFO: [ AdminIndex ] --END-- [ RunTime:0.010001s ]
NOTIC: [8] Undefined variable: list D:\yunpan\phpstudy\WWW\ywy\Runtime\Cache\Admin\9df924d9a2d217daa77a359c5bee0c33.php 第 64 行.
NOTIC: [8] Undefined variable: list D:\yunpan\phpstudy\WWW\ywy\Runtime\Cache\Admin\9df924d9a2d217daa77a359c5bee0c33.php 第 67 行.
NOTIC: [8] Undefined variable: list D:\yunpan\phpstudy\WWW\ywy\Runtime\Cache\Admin\9df924d9a2d217daa77a359c5bee0c33.php 第 70 行.
NOTIC: [8] Undefined variable: list D:\yunpan\phpstudy\WWW\ywy\Runtime\Cache\Admin\9df924d9a2d217daa77a359c5bee0c33.php 第 73 行.
NOTIC: [8] Undefined variable: list D:\yunpan\phpstudy\WWW\ywy\Runtime\Cache\Admin\9df924d9a2d217daa77a359c5bee0c33.php 第 76 行.
NOTIC: [8] Undefined variable: list D:\yunpan\phpstudy\WWW\ywy\Runtime\Cache\Admin\9df924d9a2d217daa77a359c5bee0c33.php 第 79 行.
NOTIC: [8] Undefined variable: list D:\yunpan\phpstudy\WWW\ywy\Runtime\Cache\Admin\9df924d9a2d217daa77a359c5bee0c33.php 第 82 行.
INFO: Run Behavior\ParseTemplateBehavior [ RunTime:0.007000s ]
INFO: [ view_parse ] --END-- [ RunTime:0.005000s ]
INFO: [ view_filter ] --START--
INFO: Run Behavior\WriteHtmlCacheBehavior [ RunTime:0.000000s ]
INFO: [ view_filter ] --END-- [ RunTime:-0.001000s ]
INFO: [ app_end ] --START--
INFO: Run Behavior\ShowPageTraceBehavior [ RunTime:0.001000s ]
INFO: [ app_end ] --END-- [ RunTime:0.001000s ]

[ 2016-01-03T19:24:55+08:00 ] 127.0.0.1 /index.php?m=Admin&c=Index&a=menu&pid=1
INFO: [ app_init ] --START--
INFO: Run Behavior\BuildLiteBehavior [ RunTime:0.000000s ]
INFO: [ app_init ] --END-- [ RunTime:0.000000s ]
INFO: [ app_begin ] --START--
INFO: Run Behavior\ReadHtmlCacheBehavior [ RunTime:0.001000s ]
INFO: [ app_begin ] --END-- [ RunTime:0.001000s ]
INFO: [ action_begin ] --START--
SQL: SHOW COLUMNS FROM `ecs_hooks` [ RunTime:0.0030s ]
SQL: SELECT `name`,`addons` FROM `ecs_hooks`  [ RunTime:0.0010s ]
SQL: SHOW COLUMNS FROM `ecs_addons` [ RunTime:0.0030s ]
SQL: SELECT `id`,`name` FROM `ecs_addons` WHERE `status` = 1 AND `name` IN ('SiteStat')  [ RunTime:0.0000s ]
INFO: Run Common\Behavior\InitHookBehavior [ RunTime:0.020001s ]
INFO: [ action_begin ] --END-- [ RunTime:0.020001s ]
SQL: SHOW COLUMNS FROM `ecs_auth_group_access` [ RunTime:0.0030s ]
SQL: SELECT `uid`,`group_id`,`title`,`rules` FROM ecs_auth_group_access a INNER JOIN ecs_auth_group g on a.group_id=g.id  WHERE ( a.uid='55' and g.status='1' )  [ RunTime:0.0010s ]
SQL: SHOW COLUMNS FROM `ecs_auth_rule` [ RunTime:0.0030s ]
SQL: SELECT `id`,`pid`,`name`,`title`,`type`,`show_type`,`icon` FROM `ecs_auth_rule` WHERE `id` IN ('1','2','3','4','5','6','7','8','9','10','11','12','13','14','15','16','17','18','19','20','21','22','23','24','25','26','27','28','29','30','31','32','33','34','35','36','37','38','39','40','41','42','43','44','45','46','47','48','49','50','51','52','53','54','55','56','57','58','59','60','61','62') AND `hide` = 0 AND `status` = 1 ORDER BY sort asc  [ RunTime:0.0000s ]
INFO: [ view_parse ] --START--
INFO: [ template_filter ] --START--
INFO: Run Behavior\ContentReplaceBehavior [ RunTime:0.000000s ]
INFO: [ template_filter ] --END-- [ RunTime:0.000000s ]
INFO: Run Behavior\ParseTemplateBehavior [ RunTime:0.010000s ]
INFO: [ view_parse ] --END-- [ RunTime:0.010000s ]
INFO: [ view_filter ] --START--
INFO: Run Behavior\WriteHtmlCacheBehavior [ RunTime:0.000000s ]
INFO: [ view_filter ] --END-- [ RunTime:0.000000s ]
INFO: [ app_end ] --START--
INFO: Run Behavior\ShowPageTraceBehavior [ RunTime:0.001000s ]
INFO: [ app_end ] --END-- [ RunTime:0.001000s ]

[ 2016-01-03T19:25:28+08:00 ] 127.0.0.1 /index.php?m=Admin&c=Index&a=index
INFO: [ app_init ] --START--
INFO: Run Behavior\BuildLiteBehavior [ RunTime:0.000000s ]
INFO: [ app_init ] --END-- [ RunTime:0.000000s ]
INFO: [ app_begin ] --START--
INFO: Run Behavior\ReadHtmlCacheBehavior [ RunTime:0.001000s ]
INFO: [ app_begin ] --END-- [ RunTime:0.001000s ]
INFO: [ action_begin ] --START--
SQL: SHOW COLUMNS FROM `ecs_hooks` [ RunTime:0.0020s ]
SQL: SELECT `name`,`addons` FROM `ecs_hooks`  [ RunTime:0.0000s ]
SQL: SHOW COLUMNS FROM `ecs_addons` [ RunTime:0.0040s ]
SQL: SELECT `id`,`name` FROM `ecs_addons` WHERE `status` = 1 AND `name` IN ('SiteStat')  [ RunTime:0.0000s ]
INFO: Run Common\Behavior\InitHookBehavior [ RunTime:0.019001s ]
INFO: [ action_begin ] --END-- [ RunTime:0.019001s ]
SQL: SHOW COLUMNS FROM `ecs_auth_group_access` [ RunTime:0.0030s ]
SQL: SELECT `uid`,`group_id`,`title`,`rules` FROM ecs_auth_group_access a INNER JOIN ecs_auth_group g on a.group_id=g.id  WHERE ( a.uid='55' and g.status='1' )  [ RunTime:0.0010s ]
SQL: SHOW COLUMNS FROM `ecs_auth_rule` [ RunTime:0.0030s ]
SQL: SELECT `id`,`pid`,`name`,`title`,`type`,`show_type`,`icon` FROM `ecs_auth_rule` WHERE `id` IN ('1','2','3','4','5','6','7','8','9','10','11','12','13','14','15','16','17','18','19','20','21','22','23','24','25','26','27','28','29','30','31','32','33','34','35','36','37','38','39','40','41','42','43','44','45','46','47','48','49','50','51','52','53','54','55','56','57','58','59','60','61','62') AND `hide` = 0 AND `status` = 1 ORDER BY sort asc  [ RunTime:0.0010s ]
INFO: [ view_parse ] --START--
INFO: [ template_filter ] --START--
INFO: Run Behavior\ContentReplaceBehavior [ RunTime:0.000000s ]
INFO: [ template_filter ] --END-- [ RunTime:0.000000s ]
NOTIC: [8] Undefined index: nickname D:\yunpan\phpstudy\WWW\ywy\Runtime\Cache\Admin\9df924d9a2d217daa77a359c5bee0c33.php 第 51 行.
NOTIC: [8] Undefined index: username D:\yunpan\phpstudy\WWW\ywy\Runtime\Cache\Admin\9df924d9a2d217daa77a359c5bee0c33.php 第 51 行.
INFO: [ AdminIndex ] --START--
NOTIC: [2] mysql_get_server_info() [<a href='function.mysql-get-server-info'>function.mysql-get-server-info</a>]: Access denied for user ''@'localhost' (using password: NO) D:\yunpan\phpstudy\WWW\ywy\App\Addons\SiteStat\SiteStatAddon.class.php 第 43 行.
NOTIC: [2] mysql_get_server_info() [<a href='function.mysql-get-server-info'>function.mysql-get-server-info</a>]: A link to the server could not be established D:\yunpan\phpstudy\WWW\ywy\App\Addons\SiteStat\SiteStatAddon.class.php 第 43 行.
INFO: [ view_parse ] --START--
INFO: [ template_filter ] --START--
INFO: Run Behavior\ContentReplaceBehavior [ RunTime:0.000000s ]
INFO: [ template_filter ] --END-- [ RunTime:-0.007001s ]
INFO: Run Behavior\ParseTemplateBehavior [ RunTime:0.002000s ]
INFO: [ view_parse ] --END-- [ RunTime:0.002000s ]
INFO: [ view_filter ] --START--
INFO: Run Behavior\WriteHtmlCacheBehavior [ RunTime:0.001000s ]
INFO: [ view_filter ] --END-- [ RunTime:0.001000s ]
INFO: Run Addons\SiteStat\SiteStatAddon [ RunTime:0.007001s ]
INFO: [ AdminIndex ] --END-- [ RunTime:0.007001s ]
NOTIC: [8] Undefined variable: list D:\yunpan\phpstudy\WWW\ywy\Runtime\Cache\Admin\9df924d9a2d217daa77a359c5bee0c33.php 第 64 行.
NOTIC: [8] Undefined variable: list D:\yunpan\phpstudy\WWW\ywy\Runtime\Cache\Admin\9df924d9a2d217daa77a359c5bee0c33.php 第 67 行.
NOTIC: [8] Undefined variable: list D:\yunpan\phpstudy\WWW\ywy\Runtime\Cache\Admin\9df924d9a2d217daa77a359c5bee0c33.php 第 70 行.
NOTIC: [8] Undefined variable: list D:\yunpan\phpstudy\WWW\ywy\Runtime\Cache\Admin\9df924d9a2d217daa77a359c5bee0c33.php 第 73 行.
NOTIC: [8] Undefined variable: list D:\yunpan\phpstudy\WWW\ywy\Runtime\Cache\Admin\9df924d9a2d217daa77a359c5bee0c33.php 第 76 行.
NOTIC: [8] Undefined variable: list D:\yunpan\phpstudy\WWW\ywy\Runtime\Cache\Admin\9df924d9a2d217daa77a359c5bee0c33.php 第 79 行.
NOTIC: [8] Undefined variable: list D:\yunpan\phpstudy\WWW\ywy\Runtime\Cache\Admin\9df924d9a2d217daa77a359c5bee0c33.php 第 82 行.
INFO: Run Behavior\ParseTemplateBehavior [ RunTime:0.004000s ]
INFO: [ view_parse ] --END-- [ RunTime:0.002000s ]
INFO: [ view_filter ] --START--
INFO: Run Behavior\WriteHtmlCacheBehavior [ RunTime:0.000000s ]
INFO: [ view_filter ] --END-- [ RunTime:-0.001000s ]
INFO: [ app_end ] --START--
INFO: Run Behavior\ShowPageTraceBehavior [ RunTime:0.001000s ]
INFO: [ app_end ] --END-- [ RunTime:0.001000s ]

[ 2016-01-03T19:25:29+08:00 ] 127.0.0.1 /index.php?m=Admin&c=Index&a=menu&pid=1
INFO: [ app_init ] --START--
INFO: Run Behavior\BuildLiteBehavior [ RunTime:0.001001s ]
INFO: [ app_init ] --END-- [ RunTime:0.001001s ]
INFO: [ app_begin ] --START--
INFO: Run Behavior\ReadHtmlCacheBehavior [ RunTime:0.000000s ]
INFO: [ app_begin ] --END-- [ RunTime:0.000000s ]
INFO: [ action_begin ] --START--
SQL: SHOW COLUMNS FROM `ecs_hooks` [ RunTime:0.0030s ]
SQL: SELECT `name`,`addons` FROM `ecs_hooks`  [ RunTime:0.0000s ]
SQL: SHOW COLUMNS FROM `ecs_addons` [ RunTime:0.0020s ]
SQL: SELECT `id`,`name` FROM `ecs_addons` WHERE `status` = 1 AND `name` IN ('SiteStat')  [ RunTime:0.0000s ]
INFO: Run Common\Behavior\InitHookBehavior [ RunTime:0.017001s ]
INFO: [ action_begin ] --END-- [ RunTime:0.017001s ]
SQL: SHOW COLUMNS FROM `ecs_auth_group_access` [ RunTime:0.0040s ]
SQL: SELECT `uid`,`group_id`,`title`,`rules` FROM ecs_auth_group_access a INNER JOIN ecs_auth_group g on a.group_id=g.id  WHERE ( a.uid='55' and g.status='1' )  [ RunTime:0.0000s ]
SQL: SHOW COLUMNS FROM `ecs_auth_rule` [ RunTime:0.0030s ]
SQL: SELECT `id`,`pid`,`name`,`title`,`type`,`show_type`,`icon` FROM `ecs_auth_rule` WHERE `id` IN ('1','2','3','4','5','6','7','8','9','10','11','12','13','14','15','16','17','18','19','20','21','22','23','24','25','26','27','28','29','30','31','32','33','34','35','36','37','38','39','40','41','42','43','44','45','46','47','48','49','50','51','52','53','54','55','56','57','58','59','60','61','62') AND `hide` = 0 AND `status` = 1 ORDER BY sort asc  [ RunTime:0.0010s ]
INFO: [ view_parse ] --START--
INFO: [ template_filter ] --START--
INFO: Run Behavior\ContentReplaceBehavior [ RunTime:0.000000s ]
INFO: [ template_filter ] --END-- [ RunTime:0.000000s ]
INFO: Run Behavior\ParseTemplateBehavior [ RunTime:0.008001s ]
INFO: [ view_parse ] --END-- [ RunTime:0.008001s ]
INFO: [ view_filter ] --START--
INFO: Run Behavior\WriteHtmlCacheBehavior [ RunTime:0.000000s ]
INFO: [ view_filter ] --END-- [ RunTime:0.000000s ]
INFO: [ app_end ] --START--
INFO: Run Behavior\ShowPageTraceBehavior [ RunTime:0.001000s ]
INFO: [ app_end ] --END-- [ RunTime:0.001000s ]

[ 2016-01-03T19:25:33+08:00 ] 127.0.0.1 /index.php?m=Admin&c=Index&a=index
INFO: [ app_init ] --START--
INFO: Run Behavior\BuildLiteBehavior [ RunTime:0.000000s ]
INFO: [ app_init ] --END-- [ RunTime:0.001001s ]
INFO: [ app_begin ] --START--
INFO: Run Behavior\ReadHtmlCacheBehavior [ RunTime:0.001000s ]
INFO: [ app_begin ] --END-- [ RunTime:0.001000s ]
INFO: [ action_begin ] --START--
SQL: SHOW COLUMNS FROM `ecs_hooks` [ RunTime:0.0020s ]
SQL: SELECT `name`,`addons` FROM `ecs_hooks`  [ RunTime:0.0000s ]
SQL: SHOW COLUMNS FROM `ecs_addons` [ RunTime:0.0030s ]
SQL: SELECT `id`,`name` FROM `ecs_addons` WHERE `status` = 1 AND `name` IN ('SiteStat')  [ RunTime:0.0010s ]
INFO: Run Common\Behavior\InitHookBehavior [ RunTime:0.025001s ]
INFO: [ action_begin ] --END-- [ RunTime:0.025001s ]
SQL: SHOW COLUMNS FROM `ecs_auth_group_access` [ RunTime:0.0020s ]
SQL: SELECT `uid`,`group_id`,`title`,`rules` FROM ecs_auth_group_access a INNER JOIN ecs_auth_group g on a.group_id=g.id  WHERE ( a.uid='55' and g.status='1' )  [ RunTime:0.0000s ]
SQL: SHOW COLUMNS FROM `ecs_auth_rule` [ RunTime:0.0040s ]
SQL: SELECT `id`,`pid`,`name`,`title`,`type`,`show_type`,`icon` FROM `ecs_auth_rule` WHERE `id` IN ('1','2','3','4','5','6','7','8','9','10','11','12','13','14','15','16','17','18','19','20','21','22','23','24','25','26','27','28','29','30','31','32','33','34','35','36','37','38','39','40','41','42','43','44','45','46','47','48','49','50','51','52','53','54','55','56','57','58','59','60','61','62') AND `hide` = 0 AND `status` = 1 ORDER BY sort asc  [ RunTime:0.0010s ]
INFO: [ view_parse ] --START--
INFO: [ template_filter ] --START--
INFO: Run Behavior\ContentReplaceBehavior [ RunTime:0.000000s ]
INFO: [ template_filter ] --END-- [ RunTime:0.000000s ]
NOTIC: [8] Undefined index: nickname D:\yunpan\phpstudy\WWW\ywy\Runtime\Cache\Admin\9df924d9a2d217daa77a359c5bee0c33.php 第 51 行.
NOTIC: [8] Undefined index: username D:\yunpan\phpstudy\WWW\ywy\Runtime\Cache\Admin\9df924d9a2d217daa77a359c5bee0c33.php 第 51 行.
INFO: [ AdminIndex ] --START--
NOTIC: [2] mysql_get_server_info() [<a href='function.mysql-get-server-info'>function.mysql-get-server-info</a>]: Access denied for user ''@'localhost' (using password: NO) D:\yunpan\phpstudy\WWW\ywy\App\Addons\SiteStat\SiteStatAddon.class.php 第 43 行.
NOTIC: [2] mysql_get_server_info() [<a href='function.mysql-get-server-info'>function.mysql-get-server-info</a>]: A link to the server could not be established D:\yunpan\phpstudy\WWW\ywy\App\Addons\SiteStat\SiteStatAddon.class.php 第 43 行.
INFO: [ view_parse ] --START--
INFO: [ template_filter ] --START--
INFO: Run Behavior\ContentReplaceBehavior [ RunTime:0.001000s ]
INFO: [ template_filter ] --END-- [ RunTime:-0.018001s ]
INFO: Run Behavior\ParseTemplateBehavior [ RunTime:0.005000s ]
INFO: [ view_parse ] --END-- [ RunTime:0.005000s ]
INFO: [ view_filter ] --START--
INFO: Run Behavior\WriteHtmlCacheBehavior [ RunTime:0.000000s ]
INFO: [ view_filter ] --END-- [ RunTime:0.000000s ]
INFO: Run Addons\SiteStat\SiteStatAddon [ RunTime:0.018001s ]
INFO: [ AdminIndex ] --END-- [ RunTime:0.018001s ]
NOTIC: [8] Undefined variable: list D:\yunpan\phpstudy\WWW\ywy\Runtime\Cache\Admin\9df924d9a2d217daa77a359c5bee0c33.php 第 64 行.
NOTIC: [8] Undefined variable: list D:\yunpan\phpstudy\WWW\ywy\Runtime\Cache\Admin\9df924d9a2d217daa77a359c5bee0c33.php 第 67 行.
NOTIC: [8] Undefined variable: list D:\yunpan\phpstudy\WWW\ywy\Runtime\Cache\Admin\9df924d9a2d217daa77a359c5bee0c33.php 第 70 行.
NOTIC: [8] Undefined variable: list D:\yunpan\phpstudy\WWW\ywy\Runtime\Cache\Admin\9df924d9a2d217daa77a359c5bee0c33.php 第 73 行.
NOTIC: [8] Undefined variable: list D:\yunpan\phpstudy\WWW\ywy\Runtime\Cache\Admin\9df924d9a2d217daa77a359c5bee0c33.php 第 76 行.
NOTIC: [8] Undefined variable: list D:\yunpan\phpstudy\WWW\ywy\Runtime\Cache\Admin\9df924d9a2d217daa77a359c5bee0c33.php 第 79 行.
NOTIC: [8] Undefined variable: list D:\yunpan\phpstudy\WWW\ywy\Runtime\Cache\Admin\9df924d9a2d217daa77a359c5bee0c33.php 第 82 行.
INFO: Run Behavior\ParseTemplateBehavior [ RunTime:0.006000s ]
INFO: [ view_parse ] --END-- [ RunTime:0.005000s ]
INFO: [ view_filter ] --START--
INFO: Run Behavior\WriteHtmlCacheBehavior [ RunTime:0.000000s ]
INFO: [ view_filter ] --END-- [ RunTime:-0.001000s ]
INFO: [ app_end ] --START--
INFO: Run Behavior\ShowPageTraceBehavior [ RunTime:0.001001s ]
INFO: [ app_end ] --END-- [ RunTime:0.001001s ]

[ 2016-01-03T19:25:33+08:00 ] 127.0.0.1 /index.php?m=Admin&c=Index&a=menu&pid=1
INFO: [ app_init ] --START--
INFO: Run Behavior\BuildLiteBehavior [ RunTime:0.000000s ]
INFO: [ app_init ] --END-- [ RunTime:0.000000s ]
INFO: [ app_begin ] --START--
INFO: Run Behavior\ReadHtmlCacheBehavior [ RunTime:0.001001s ]
INFO: [ app_begin ] --END-- [ RunTime:0.001001s ]
INFO: [ action_begin ] --START--
SQL: SHOW COLUMNS FROM `ecs_hooks` [ RunTime:0.0030s ]
SQL: SELECT `name`,`addons` FROM `ecs_hooks`  [ RunTime:0.0010s ]
SQL: SHOW COLUMNS FROM `ecs_addons` [ RunTime:0.0030s ]
SQL: SELECT `id`,`name` FROM `ecs_addons` WHERE `status` = 1 AND `name` IN ('SiteStat')  [ RunTime:0.0010s ]
INFO: Run Common\Behavior\InitHookBehavior [ RunTime:0.019001s ]
INFO: [ action_begin ] --END-- [ RunTime:0.019001s ]
SQL: SHOW COLUMNS FROM `ecs_auth_group_access` [ RunTime:0.0030s ]
SQL: SELECT `uid`,`group_id`,`title`,`rules` FROM ecs_auth_group_access a INNER JOIN ecs_auth_group g on a.group_id=g.id  WHERE ( a.uid='55' and g.status='1' )  [ RunTime:0.0000s ]
SQL: SHOW COLUMNS FROM `ecs_auth_rule` [ RunTime:0.0030s ]
SQL: SELECT `id`,`pid`,`name`,`title`,`type`,`show_type`,`icon` FROM `ecs_auth_rule` WHERE `id` IN ('1','2','3','4','5','6','7','8','9','10','11','12','13','14','15','16','17','18','19','20','21','22','23','24','25','26','27','28','29','30','31','32','33','34','35','36','37','38','39','40','41','42','43','44','45','46','47','48','49','50','51','52','53','54','55','56','57','58','59','60','61','62') AND `hide` = 0 AND `status` = 1 ORDER BY sort asc  [ RunTime:0.0010s ]
INFO: [ view_parse ] --START--
INFO: [ template_filter ] --START--
INFO: Run Behavior\ContentReplaceBehavior [ RunTime:0.000000s ]
INFO: [ template_filter ] --END-- [ RunTime:0.001000s ]
INFO: Run Behavior\ParseTemplateBehavior [ RunTime:0.008000s ]
INFO: [ view_parse ] --END-- [ RunTime:0.009000s ]
INFO: [ view_filter ] --START--
INFO: Run Behavior\WriteHtmlCacheBehavior [ RunTime:0.001000s ]
INFO: [ view_filter ] --END-- [ RunTime:0.001000s ]
INFO: [ app_end ] --START--
INFO: Run Behavior\ShowPageTraceBehavior [ RunTime:0.001000s ]
INFO: [ app_end ] --END-- [ RunTime:0.001000s ]

[ 2016-01-03T19:25:48+08:00 ] 127.0.0.1 /index.php?m=Admin&c=Index&a=index
INFO: [ app_init ] --START--
INFO: Run Behavior\BuildLiteBehavior [ RunTime:0.000000s ]
INFO: [ app_init ] --END-- [ RunTime:0.000000s ]
INFO: [ app_begin ] --START--
INFO: Run Behavior\ReadHtmlCacheBehavior [ RunTime:0.001000s ]
INFO: [ app_begin ] --END-- [ RunTime:0.001000s ]
INFO: [ action_begin ] --START--
SQL: SHOW COLUMNS FROM `ecs_hooks` [ RunTime:0.0020s ]
SQL: SELECT `name`,`addons` FROM `ecs_hooks`  [ RunTime:0.0000s ]
SQL: SHOW COLUMNS FROM `ecs_addons` [ RunTime:0.0030s ]
SQL: SELECT `id`,`name` FROM `ecs_addons` WHERE `status` = 1 AND `name` IN ('SiteStat')  [ RunTime:0.0010s ]
INFO: Run Common\Behavior\InitHookBehavior [ RunTime:0.015001s ]
INFO: [ action_begin ] --END-- [ RunTime:0.015001s ]
SQL: SHOW COLUMNS FROM `ecs_auth_group_access` [ RunTime:0.0030s ]
SQL: SELECT `uid`,`group_id`,`title`,`rules` FROM ecs_auth_group_access a INNER JOIN ecs_auth_group g on a.group_id=g.id  WHERE ( a.uid='55' and g.status='1' )  [ RunTime:0.0000s ]
SQL: SHOW COLUMNS FROM `ecs_auth_rule` [ RunTime:0.0030s ]
SQL: SELECT `id`,`pid`,`name`,`title`,`type`,`show_type`,`icon` FROM `ecs_auth_rule` WHERE `id` IN ('1','2','3','4','5','6','7','8','9','10','11','12','13','14','15','16','17','18','19','20','21','22','23','24','25','26','27','28','29','30','31','32','33','34','35','36','37','38','39','40','41','42','43','44','45','46','47','48','49','50','51','52','53','54','55','56','57','58','59','60','61','62') AND `hide` = 0 AND `status` = 1 ORDER BY sort asc  [ RunTime:0.0000s ]
INFO: [ view_parse ] --START--
INFO: [ template_filter ] --START--
INFO: Run Behavior\ContentReplaceBehavior [ RunTime:0.000000s ]
INFO: [ template_filter ] --END-- [ RunTime:0.000000s ]
NOTIC: [8] Undefined index: nickname D:\yunpan\phpstudy\WWW\ywy\Runtime\Cache\Admin\9df924d9a2d217daa77a359c5bee0c33.php 第 51 行.
NOTIC: [8] Undefined index: username D:\yunpan\phpstudy\WWW\ywy\Runtime\Cache\Admin\9df924d9a2d217daa77a359c5bee0c33.php 第 51 行.
INFO: [ AdminIndex ] --START--
NOTIC: [2] mysql_get_server_info() [<a href='function.mysql-get-server-info'>function.mysql-get-server-info</a>]: Access denied for user ''@'localhost' (using password: NO) D:\yunpan\phpstudy\WWW\ywy\App\Addons\SiteStat\SiteStatAddon.class.php 第 43 行.
NOTIC: [2] mysql_get_server_info() [<a href='function.mysql-get-server-info'>function.mysql-get-server-info</a>]: A link to the server could not be established D:\yunpan\phpstudy\WWW\ywy\App\Addons\SiteStat\SiteStatAddon.class.php 第 43 行.
INFO: [ view_parse ] --START--
INFO: [ template_filter ] --START--
INFO: Run Behavior\ContentReplaceBehavior [ RunTime:0.000000s ]
INFO: [ template_filter ] --END-- [ RunTime:-0.007000s ]
INFO: Run Behavior\ParseTemplateBehavior [ RunTime:0.003000s ]
INFO: [ view_parse ] --END-- [ RunTime:0.003000s ]
INFO: [ view_filter ] --START--
INFO: Run Behavior\WriteHtmlCacheBehavior [ RunTime:0.001000s ]
INFO: [ view_filter ] --END-- [ RunTime:0.001000s ]
INFO: Run Addons\SiteStat\SiteStatAddon [ RunTime:0.007000s ]
INFO: [ AdminIndex ] --END-- [ RunTime:0.007000s ]
NOTIC: [8] Undefined variable: list D:\yunpan\phpstudy\WWW\ywy\Runtime\Cache\Admin\9df924d9a2d217daa77a359c5bee0c33.php 第 64 行.
NOTIC: [8] Undefined variable: list D:\yunpan\phpstudy\WWW\ywy\Runtime\Cache\Admin\9df924d9a2d217daa77a359c5bee0c33.php 第 67 行.
NOTIC: [8] Undefined variable: list D:\yunpan\phpstudy\WWW\ywy\Runtime\Cache\Admin\9df924d9a2d217daa77a359c5bee0c33.php 第 70 行.
NOTIC: [8] Undefined variable: list D:\yunpan\phpstudy\WWW\ywy\Runtime\Cache\Admin\9df924d9a2d217daa77a359c5bee0c33.php 第 73 行.
NOTIC: [8] Undefined variable: list D:\yunpan\phpstudy\WWW\ywy\Runtime\Cache\Admin\9df924d9a2d217daa77a359c5bee0c33.php 第 76 行.
NOTIC: [8] Undefined variable: list D:\yunpan\phpstudy\WWW\ywy\Runtime\Cache\Admin\9df924d9a2d217daa77a359c5bee0c33.php 第 79 行.
NOTIC: [8] Undefined variable: list D:\yunpan\phpstudy\WWW\ywy\Runtime\Cache\Admin\9df924d9a2d217daa77a359c5bee0c33.php 第 82 行.
INFO: Run Behavior\ParseTemplateBehavior [ RunTime:0.004000s ]
INFO: [ view_parse ] --END-- [ RunTime:0.003000s ]
INFO: [ view_filter ] --START--
INFO: Run Behavior\WriteHtmlCacheBehavior [ RunTime:0.000000s ]
INFO: [ view_filter ] --END-- [ RunTime:0.000000s ]
INFO: [ app_end ] --START--
INFO: Run Behavior\ShowPageTraceBehavior [ RunTime:0.001000s ]
INFO: [ app_end ] --END-- [ RunTime:0.001000s ]

[ 2016-01-03T19:25:48+08:00 ] 127.0.0.1 /index.php?m=Admin&c=Index&a=menu&pid=1
INFO: [ app_init ] --START--
INFO: Run Behavior\BuildLiteBehavior [ RunTime:0.000000s ]
INFO: [ app_init ] --END-- [ RunTime:0.001000s ]
INFO: [ app_begin ] --START--
INFO: Run Behavior\ReadHtmlCacheBehavior [ RunTime:0.001000s ]
INFO: [ app_begin ] --END-- [ RunTime:0.001000s ]
INFO: [ action_begin ] --START--
SQL: SHOW COLUMNS FROM `ecs_hooks` [ RunTime:0.0030s ]
SQL: SELECT `name`,`addons` FROM `ecs_hooks`  [ RunTime:0.0000s ]
SQL: SHOW COLUMNS FROM `ecs_addons` [ RunTime:0.0030s ]
SQL: SELECT `id`,`name` FROM `ecs_addons` WHERE `status` = 1 AND `name` IN ('SiteStat')  [ RunTime:0.0010s ]
INFO: Run Common\Behavior\InitHookBehavior [ RunTime:0.048003s ]
INFO: [ action_begin ] --END-- [ RunTime:0.048003s ]
SQL: SHOW COLUMNS FROM `ecs_auth_group_access` [ RunTime:0.0030s ]
SQL: SELECT `uid`,`group_id`,`title`,`rules` FROM ecs_auth_group_access a INNER JOIN ecs_auth_group g on a.group_id=g.id  WHERE ( a.uid='55' and g.status='1' )  [ RunTime:0.0010s ]
SQL: SHOW COLUMNS FROM `ecs_auth_rule` [ RunTime:0.0030s ]
SQL: SELECT `id`,`pid`,`name`,`title`,`type`,`show_type`,`icon` FROM `ecs_auth_rule` WHERE `id` IN ('1','2','3','4','5','6','7','8','9','10','11','12','13','14','15','16','17','18','19','20','21','22','23','24','25','26','27','28','29','30','31','32','33','34','35','36','37','38','39','40','41','42','43','44','45','46','47','48','49','50','51','52','53','54','55','56','57','58','59','60','61','62') AND `hide` = 0 AND `status` = 1 ORDER BY sort asc  [ RunTime:0.0000s ]
INFO: [ view_parse ] --START--
INFO: [ template_filter ] --START--
INFO: Run Behavior\ContentReplaceBehavior [ RunTime:0.000000s ]
INFO: [ template_filter ] --END-- [ RunTime:0.000000s ]
INFO: Run Behavior\ParseTemplateBehavior [ RunTime:0.008000s ]
INFO: [ view_parse ] --END-- [ RunTime:0.008000s ]
INFO: [ view_filter ] --START--
INFO: Run Behavior\WriteHtmlCacheBehavior [ RunTime:0.001000s ]
INFO: [ view_filter ] --END-- [ RunTime:0.001000s ]
INFO: [ app_end ] --START--
INFO: Run Behavior\ShowPageTraceBehavior [ RunTime:0.001000s ]
INFO: [ app_end ] --END-- [ RunTime:0.001000s ]

[ 2016-01-03T20:34:09+08:00 ] 127.0.0.1 /index.php?m=Admin&c=Index&a=index
INFO: [ app_init ] --START--
INFO: Run Behavior\BuildLiteBehavior [ RunTime:0.000000s ]
INFO: [ app_init ] --END-- [ RunTime:0.000000s ]
INFO: [ app_begin ] --START--
INFO: Run Behavior\ReadHtmlCacheBehavior [ RunTime:0.000000s ]
INFO: [ app_begin ] --END-- [ RunTime:0.001000s ]
INFO: [ action_begin ] --START--
SQL: SHOW COLUMNS FROM `ecs_hooks` [ RunTime:0.0030s ]
SQL: SELECT `name`,`addons` FROM `ecs_hooks`  [ RunTime:0.0000s ]
SQL: SHOW COLUMNS FROM `ecs_addons` [ RunTime:0.0040s ]
SQL: SELECT `id`,`name` FROM `ecs_addons` WHERE `status` = 1 AND `name` IN ('SiteStat')  [ RunTime:0.0010s ]
INFO: Run Common\Behavior\InitHookBehavior [ RunTime:0.021001s ]
INFO: [ action_begin ] --END-- [ RunTime:0.021001s ]

[ 2016-01-03T20:34:09+08:00 ] 127.0.0.1 /index.php?m=Admin&c=Public&a=login
INFO: [ app_init ] --START--
INFO: Run Behavior\BuildLiteBehavior [ RunTime:0.000000s ]
INFO: [ app_init ] --END-- [ RunTime:0.000000s ]
INFO: [ app_begin ] --START--
INFO: Run Behavior\ReadHtmlCacheBehavior [ RunTime:0.000000s ]
INFO: [ app_begin ] --END-- [ RunTime:0.000000s ]
INFO: [ action_begin ] --START--
SQL: SHOW COLUMNS FROM `ecs_hooks` [ RunTime:0.0040s ]
SQL: SELECT `name`,`addons` FROM `ecs_hooks`  [ RunTime:0.0000s ]
SQL: SHOW COLUMNS FROM `ecs_addons` [ RunTime:0.0030s ]
SQL: SELECT `id`,`name` FROM `ecs_addons` WHERE `status` = 1 AND `name` IN ('SiteStat')  [ RunTime:0.0000s ]
INFO: Run Common\Behavior\InitHookBehavior [ RunTime:0.018001s ]
INFO: [ action_begin ] --END-- [ RunTime:0.019001s ]
INFO: [ view_parse ] --START--
INFO: [ template_filter ] --START--
INFO: Run Behavior\ContentReplaceBehavior [ RunTime:0.001000s ]
INFO: [ template_filter ] --END-- [ RunTime:0.001000s ]
INFO: Run Behavior\ParseTemplateBehavior [ RunTime:0.011001s ]
INFO: [ view_parse ] --END-- [ RunTime:0.011001s ]
INFO: [ view_filter ] --START--
INFO: Run Behavior\WriteHtmlCacheBehavior [ RunTime:0.001000s ]
INFO: [ view_filter ] --END-- [ RunTime:0.001000s ]
INFO: [ app_end ] --START--
INFO: Run Behavior\ShowPageTraceBehavior [ RunTime:0.001000s ]
INFO: [ app_end ] --END-- [ RunTime:0.001000s ]

[ 2016-01-03T20:34:19+08:00 ] 127.0.0.1 /index.php?m=Admin&c=Public&a=login
INFO: [ app_init ] --START--
INFO: Run Behavior\BuildLiteBehavior [ RunTime:0.000000s ]
INFO: [ app_init ] --END-- [ RunTime:0.001000s ]
INFO: [ app_begin ] --START--
INFO: Run Behavior\ReadHtmlCacheBehavior [ RunTime:0.000000s ]
INFO: [ app_begin ] --END-- [ RunTime:0.000000s ]
INFO: [ action_begin ] --START--
SQL: SHOW COLUMNS FROM `ecs_hooks` [ RunTime:0.0030s ]
SQL: SELECT `name`,`addons` FROM `ecs_hooks`  [ RunTime:0.0000s ]
SQL: SHOW COLUMNS FROM `ecs_addons` [ RunTime:0.0040s ]
SQL: SELECT `id`,`name` FROM `ecs_addons` WHERE `status` = 1 AND `name` IN ('SiteStat')  [ RunTime:0.0000s ]
INFO: Run Common\Behavior\InitHookBehavior [ RunTime:0.019001s ]
INFO: [ action_begin ] --END-- [ RunTime:0.020001s ]
SQL: SHOW COLUMNS FROM `ecs_users` [ RunTime:0.0040s ]
SQL: SELECT * FROM `ecs_users` WHERE `user_name` = 'admin' AND `password` = 'd41d8cd98f00b204e9800998ecf8427e' AND `role_range` = 1 LIMIT 1   [ RunTime:0.0010s ]
INFO: [ view_parse ] --START--
INFO: [ template_filter ] --START--
INFO: Run Behavior\ContentReplaceBehavior [ RunTime:0.000000s ]
INFO: [ template_filter ] --END-- [ RunTime:0.000000s ]
INFO: Run Behavior\ParseTemplateBehavior [ RunTime:0.007001s ]
INFO: [ view_parse ] --END-- [ RunTime:0.007001s ]
INFO: [ view_filter ] --START--
INFO: Run Behavior\WriteHtmlCacheBehavior [ RunTime:0.001000s ]
INFO: [ view_filter ] --END-- [ RunTime:0.001000s ]

[ 2016-01-03T20:34:22+08:00 ] 127.0.0.1 /index.php?m=Admin&c=Public&a=login
INFO: [ app_init ] --START--
INFO: Run Behavior\BuildLiteBehavior [ RunTime:0.000000s ]
INFO: [ app_init ] --END-- [ RunTime:0.001001s ]
INFO: [ app_begin ] --START--
INFO: Run Behavior\ReadHtmlCacheBehavior [ RunTime:0.001000s ]
INFO: [ app_begin ] --END-- [ RunTime:0.001000s ]
INFO: [ action_begin ] --START--
SQL: SHOW COLUMNS FROM `ecs_hooks` [ RunTime:0.0040s ]
SQL: SELECT `name`,`addons` FROM `ecs_hooks`  [ RunTime:0.0000s ]
SQL: SHOW COLUMNS FROM `ecs_addons` [ RunTime:0.0030s ]
SQL: SELECT `id`,`name` FROM `ecs_addons` WHERE `status` = 1 AND `name` IN ('SiteStat')  [ RunTime:0.0000s ]
INFO: Run Common\Behavior\InitHookBehavior [ RunTime:0.019001s ]
INFO: [ action_begin ] --END-- [ RunTime:0.019001s ]
INFO: [ view_parse ] --START--
INFO: [ template_filter ] --START--
INFO: Run Behavior\ContentReplaceBehavior [ RunTime:0.000000s ]
INFO: [ template_filter ] --END-- [ RunTime:0.000000s ]
INFO: Run Behavior\ParseTemplateBehavior [ RunTime:0.008000s ]
INFO: [ view_parse ] --END-- [ RunTime:0.009000s ]
INFO: [ view_filter ] --START--
INFO: Run Behavior\WriteHtmlCacheBehavior [ RunTime:0.001001s ]
INFO: [ view_filter ] --END-- [ RunTime:0.001001s ]
INFO: [ app_end ] --START--
INFO: Run Behavior\ShowPageTraceBehavior [ RunTime:0.000000s ]
INFO: [ app_end ] --END-- [ RunTime:0.000000s ]

[ 2016-01-03T20:34:29+08:00 ] 127.0.0.1 /index.php?m=Admin&c=Public&a=login
INFO: [ app_init ] --START--
INFO: Run Behavior\BuildLiteBehavior [ RunTime:0.000000s ]
INFO: [ app_init ] --END-- [ RunTime:0.001000s ]
INFO: [ app_begin ] --START--
INFO: Run Behavior\ReadHtmlCacheBehavior [ RunTime:0.001000s ]
INFO: [ app_begin ] --END-- [ RunTime:0.001000s ]
INFO: [ action_begin ] --START--
SQL: SHOW COLUMNS FROM `ecs_hooks` [ RunTime:0.0040s ]
SQL: SELECT `name`,`addons` FROM `ecs_hooks`  [ RunTime:0.0000s ]
SQL: SHOW COLUMNS FROM `ecs_addons` [ RunTime:0.0040s ]
SQL: SELECT `id`,`name` FROM `ecs_addons` WHERE `status` = 1 AND `name` IN ('SiteStat')  [ RunTime:0.0000s ]
INFO: Run Common\Behavior\InitHookBehavior [ RunTime:0.023001s ]
INFO: [ action_begin ] --END-- [ RunTime:0.023001s ]
SQL: SHOW COLUMNS FROM `ecs_users` [ RunTime:0.0050s ]
SQL: SELECT * FROM `ecs_users` WHERE `user_name` = 'admin' AND `password` = 'd41d8cd98f00b204e9800998ecf8427e' AND `role_range` = 1 LIMIT 1   [ RunTime:0.0000s ]
INFO: [ view_parse ] --START--
INFO: [ template_filter ] --START--
INFO: Run Behavior\ContentReplaceBehavior [ RunTime:0.000000s ]
INFO: [ template_filter ] --END-- [ RunTime:0.000000s ]
INFO: Run Behavior\ParseTemplateBehavior [ RunTime:0.005000s ]
INFO: [ view_parse ] --END-- [ RunTime:0.005000s ]
INFO: [ view_filter ] --START--
INFO: Run Behavior\WriteHtmlCacheBehavior [ RunTime:0.001000s ]
INFO: [ view_filter ] --END-- [ RunTime:0.001000s ]

[ 2016-01-03T20:34:32+08:00 ] 127.0.0.1 /index.php?m=Admin&c=Public&a=login
INFO: [ app_init ] --START--
INFO: Run Behavior\BuildLiteBehavior [ RunTime:0.000000s ]
INFO: [ app_init ] --END-- [ RunTime:0.000000s ]
INFO: [ app_begin ] --START--
INFO: Run Behavior\ReadHtmlCacheBehavior [ RunTime:0.000000s ]
INFO: [ app_begin ] --END-- [ RunTime:0.001000s ]
INFO: [ action_begin ] --START--
SQL: SHOW COLUMNS FROM `ecs_hooks` [ RunTime:0.0040s ]
SQL: SELECT `name`,`addons` FROM `ecs_hooks`  [ RunTime:0.0010s ]
SQL: SHOW COLUMNS FROM `ecs_addons` [ RunTime:0.0040s ]
SQL: SELECT `id`,`name` FROM `ecs_addons` WHERE `status` = 1 AND `name` IN ('SiteStat')  [ RunTime:0.0000s ]
INFO: Run Common\Behavior\InitHookBehavior [ RunTime:0.018001s ]
INFO: [ action_begin ] --END-- [ RunTime:0.018001s ]
INFO: [ view_parse ] --START--
INFO: [ template_filter ] --START--
INFO: Run Behavior\ContentReplaceBehavior [ RunTime:0.000000s ]
INFO: [ template_filter ] --END-- [ RunTime:0.000000s ]
INFO: Run Behavior\ParseTemplateBehavior [ RunTime:0.006000s ]
INFO: [ view_parse ] --END-- [ RunTime:0.006000s ]
INFO: [ view_filter ] --START--
INFO: Run Behavior\WriteHtmlCacheBehavior [ RunTime:0.000000s ]
INFO: [ view_filter ] --END-- [ RunTime:0.000000s ]
INFO: [ app_end ] --START--
INFO: Run Behavior\ShowPageTraceBehavior [ RunTime:0.001000s ]
INFO: [ app_end ] --END-- [ RunTime:0.002000s ]

[ 2016-01-03T20:34:56+08:00 ] 127.0.0.1 /index.php?m=Admin&c=Public&a=login
INFO: [ app_init ] --START--
INFO: Run Behavior\BuildLiteBehavior [ RunTime:0.000000s ]
INFO: [ app_init ] --END-- [ RunTime:0.001000s ]
INFO: [ app_begin ] --START--
INFO: Run Behavior\ReadHtmlCacheBehavior [ RunTime:0.000000s ]
INFO: [ app_begin ] --END-- [ RunTime:0.000000s ]
INFO: [ action_begin ] --START--
SQL: SHOW COLUMNS FROM `ecs_hooks` [ RunTime:0.0030s ]
SQL: SELECT `name`,`addons` FROM `ecs_hooks`  [ RunTime:0.0000s ]
SQL: SHOW COLUMNS FROM `ecs_addons` [ RunTime:0.0030s ]
SQL: SELECT `id`,`name` FROM `ecs_addons` WHERE `status` = 1 AND `name` IN ('SiteStat')  [ RunTime:0.0000s ]
INFO: Run Common\Behavior\InitHookBehavior [ RunTime:0.021001s ]
INFO: [ action_begin ] --END-- [ RunTime:0.021001s ]
SQL: SHOW COLUMNS FROM `ecs_users` [ RunTime:0.0060s ]
SQL: SELECT * FROM `ecs_users` WHERE `user_name` = 'admin' AND `password` = 'f379eaf3c831b04de153469d1bec345e' AND `role_range` = 1 LIMIT 1   [ RunTime:0.0000s ]
SQL: SHOW COLUMNS FROM `ecs_action` [ RunTime:0.0040s ]
SQL: SELECT * FROM `ecs_action` WHERE `name` = 'Admin_Login' LIMIT 1   [ RunTime:0.0010s ]
ERR: 1146:Table 'xiaojd.ecs_user' doesn't exist
 [ SQL语句 ] : SHOW COLUMNS FROM `ecs_user`
ERR: 1146:Table 'xiaojd.ecs_user' doesn't exist
 [ SQL语句 ] : SHOW COLUMNS FROM `ecs_user`

[ 2016-01-03T20:35:00+08:00 ] 127.0.0.1 /index.php?m=Admin&c=Public&a=login
INFO: [ app_init ] --START--
INFO: Run Behavior\BuildLiteBehavior [ RunTime:0.000000s ]
INFO: [ app_init ] --END-- [ RunTime:0.000000s ]
INFO: [ app_begin ] --START--
INFO: Run Behavior\ReadHtmlCacheBehavior [ RunTime:0.000000s ]
INFO: [ app_begin ] --END-- [ RunTime:0.000000s ]
INFO: [ action_begin ] --START--
SQL: SHOW COLUMNS FROM `ecs_hooks` [ RunTime:0.0020s ]
SQL: SELECT `name`,`addons` FROM `ecs_hooks`  [ RunTime:0.0010s ]
SQL: SHOW COLUMNS FROM `ecs_addons` [ RunTime:0.0030s ]
SQL: SELECT `id`,`name` FROM `ecs_addons` WHERE `status` = 1 AND `name` IN ('SiteStat')  [ RunTime:0.0000s ]
INFO: Run Common\Behavior\InitHookBehavior [ RunTime:0.018001s ]
INFO: [ action_begin ] --END-- [ RunTime:0.018001s ]

[ 2016-01-03T20:35:00+08:00 ] 127.0.0.1 /index.php?m=Admin&c=Index&a=index
INFO: [ app_init ] --START--
INFO: Run Behavior\BuildLiteBehavior [ RunTime:0.000000s ]
INFO: [ app_init ] --END-- [ RunTime:0.000000s ]
INFO: [ app_begin ] --START--
INFO: Run Behavior\ReadHtmlCacheBehavior [ RunTime:0.001000s ]
INFO: [ app_begin ] --END-- [ RunTime:0.001000s ]
INFO: [ action_begin ] --START--
SQL: SHOW COLUMNS FROM `ecs_hooks` [ RunTime:0.0030s ]
SQL: SELECT `name`,`addons` FROM `ecs_hooks`  [ RunTime:0.0000s ]
SQL: SHOW COLUMNS FROM `ecs_addons` [ RunTime:0.0030s ]
SQL: SELECT `id`,`name` FROM `ecs_addons` WHERE `status` = 1 AND `name` IN ('SiteStat')  [ RunTime:0.0000s ]
INFO: Run Common\Behavior\InitHookBehavior [ RunTime:0.027002s ]
INFO: [ action_begin ] --END-- [ RunTime:0.027002s ]
SQL: SHOW COLUMNS FROM `ecs_auth_group_access` [ RunTime:0.0040s ]
SQL: SELECT `uid`,`group_id`,`title`,`rules` FROM ecs_auth_group_access a INNER JOIN ecs_auth_group g on a.group_id=g.id  WHERE ( a.uid='55' and g.status='1' )  [ RunTime:0.0000s ]
SQL: SHOW COLUMNS FROM `ecs_auth_rule` [ RunTime:0.0040s ]
SQL: SELECT `id`,`pid`,`name`,`title`,`type`,`show_type`,`icon` FROM `ecs_auth_rule` WHERE `id` IN ('1','2','3','4','5','6','7','8','9','10','11','12','13','14','15','16','17','18','19','20','21','22','23','24','25','26','27','28','29','30','31','32','33','34','35','36','37','38','39','40','41','42','43','44','45','46','47','48','49','50','51','52','53','54','55','56','57','58','59','60','61','62') AND `hide` = 0 AND `status` = 1 ORDER BY sort asc  [ RunTime:0.0010s ]
INFO: [ AdminIndex ] --START--
NOTIC: [2] mysql_get_server_info() [<a href='function.mysql-get-server-info'>function.mysql-get-server-info</a>]: Access denied for user ''@'localhost' (using password: NO) D:\yunpan\phpstudy\WWW\ywy\App\Addons\SiteStat\SiteStatAddon.class.php 第 43 行.
NOTIC: [2] mysql_get_server_info() [<a href='function.mysql-get-server-info'>function.mysql-get-server-info</a>]: A link to the server could not be established D:\yunpan\phpstudy\WWW\ywy\App\Addons\SiteStat\SiteStatAddon.class.php 第 43 行.
INFO: [ view_parse ] --START--
INFO: [ template_filter ] --START--
INFO: Run Behavior\ContentReplaceBehavior [ RunTime:0.000000s ]
INFO: [ template_filter ] --END-- [ RunTime:0.000000s ]
INFO: Run Behavior\ParseTemplateBehavior [ RunTime:0.006000s ]
INFO: [ view_parse ] --END-- [ RunTime:0.006000s ]
INFO: [ view_filter ] --START--
INFO: Run Behavior\WriteHtmlCacheBehavior [ RunTime:0.001000s ]
INFO: [ view_filter ] --END-- [ RunTime:0.001000s ]
INFO: Run Addons\SiteStat\SiteStatAddon [ RunTime:0.013001s ]
INFO: [ AdminIndex ] --END-- [ RunTime:0.013001s ]
INFO: [ view_parse ] --START--
INFO: [ template_filter ] --START--
INFO: Run Behavior\ContentReplaceBehavior [ RunTime:0.000000s ]
INFO: [ template_filter ] --END-- [ RunTime:-0.006000s ]
NOTIC: [8] Undefined index: nickname D:\yunpan\phpstudy\WWW\ywy\Runtime\Cache\Admin\9df924d9a2d217daa77a359c5bee0c33.php 第 51 行.
NOTIC: [8] Undefined index: username D:\yunpan\phpstudy\WWW\ywy\Runtime\Cache\Admin\9df924d9a2d217daa77a359c5bee0c33.php 第 51 行.
INFO: [ AdminIndex ] --START--
NOTIC: [2] mysql_get_server_info() [<a href='function.mysql-get-server-info'>function.mysql-get-server-info</a>]: Access denied for user ''@'localhost' (using password: NO) D:\yunpan\phpstudy\WWW\ywy\App\Addons\SiteStat\SiteStatAddon.class.php 第 43 行.
NOTIC: [2] mysql_get_server_info() [<a href='function.mysql-get-server-info'>function.mysql-get-server-info</a>]: A link to the server could not be established D:\yunpan\phpstudy\WWW\ywy\App\Addons\SiteStat\SiteStatAddon.class.php 第 43 行.
INFO: [ view_parse ] --START--
INFO: [ template_filter ] --START--
INFO: Run Behavior\ContentReplaceBehavior [ RunTime:0.000000s ]
INFO: [ template_filter ] --END-- [ RunTime:-0.014001s ]
INFO: Run Behavior\ParseTemplateBehavior [ RunTime:0.004000s ]
INFO: [ view_parse ] --END-- [ RunTime:-0.011001s ]
INFO: [ view_filter ] --START--
INFO: Run Behavior\WriteHtmlCacheBehavior [ RunTime:0.000000s ]
INFO: [ view_filter ] --END-- [ RunTime:-0.014001s ]
INFO: Run Addons\SiteStat\SiteStatAddon [ RunTime:0.007001s ]
INFO: [ AdminIndex ] --END-- [ RunTime:-0.007000s ]
NOTIC: [8] Undefined variable: list D:\yunpan\phpstudy\WWW\ywy\Runtime\Cache\Admin\9df924d9a2d217daa77a359c5bee0c33.php 第 64 行.
NOTIC: [8] Undefined variable: list D:\yunpan\phpstudy\WWW\ywy\Runtime\Cache\Admin\9df924d9a2d217daa77a359c5bee0c33.php 第 67 行.
NOTIC: [8] Undefined variable: list D:\yunpan\phpstudy\WWW\ywy\Runtime\Cache\Admin\9df924d9a2d217daa77a359c5bee0c33.php 第 70 行.
NOTIC: [8] Undefined variable: list D:\yunpan\phpstudy\WWW\ywy\Runtime\Cache\Admin\9df924d9a2d217daa77a359c5bee0c33.php 第 73 行.
NOTIC: [8] Undefined variable: list D:\yunpan\phpstudy\WWW\ywy\Runtime\Cache\Admin\9df924d9a2d217daa77a359c5bee0c33.php 第 76 行.
NOTIC: [8] Undefined variable: list D:\yunpan\phpstudy\WWW\ywy\Runtime\Cache\Admin\9df924d9a2d217daa77a359c5bee0c33.php 第 79 行.
NOTIC: [8] Undefined variable: list D:\yunpan\phpstudy\WWW\ywy\Runtime\Cache\Admin\9df924d9a2d217daa77a359c5bee0c33.php 第 82 行.
INFO: Run Behavior\ParseTemplateBehavior [ RunTime:0.004000s ]
INFO: [ view_parse ] --END-- [ RunTime:-0.011001s ]
INFO: [ view_filter ] --START--
INFO: Run Behavior\WriteHtmlCacheBehavior [ RunTime:0.000000s ]
INFO: [ view_filter ] --END-- [ RunTime:-0.014001s ]
INFO: [ app_end ] --START--
INFO: Run Behavior\ShowPageTraceBehavior [ RunTime:0.002000s ]
INFO: [ app_end ] --END-- [ RunTime:0.002000s ]

[ 2016-01-03T20:35:00+08:00 ] 127.0.0.1 /index.php?m=Admin&c=Index&a=menu&pid=1
INFO: [ app_init ] --START--
INFO: Run Behavior\BuildLiteBehavior [ RunTime:0.000000s ]
INFO: [ app_init ] --END-- [ RunTime:0.001000s ]
INFO: [ app_begin ] --START--
INFO: Run Behavior\ReadHtmlCacheBehavior [ RunTime:0.000000s ]
INFO: [ app_begin ] --END-- [ RunTime:0.001000s ]
INFO: [ action_begin ] --START--
SQL: SHOW COLUMNS FROM `ecs_hooks` [ RunTime:0.0040s ]
SQL: SELECT `name`,`addons` FROM `ecs_hooks`  [ RunTime:0.0000s ]
SQL: SHOW COLUMNS FROM `ecs_addons` [ RunTime:0.0040s ]
SQL: SELECT `id`,`name` FROM `ecs_addons` WHERE `status` = 1 AND `name` IN ('SiteStat')  [ RunTime:0.0000s ]
INFO: Run Common\Behavior\InitHookBehavior [ RunTime:0.020001s ]
INFO: [ action_begin ] --END-- [ RunTime:0.020001s ]
SQL: SHOW COLUMNS FROM `ecs_auth_group_access` [ RunTime:0.0030s ]
SQL: SELECT `uid`,`group_id`,`title`,`rules` FROM ecs_auth_group_access a INNER JOIN ecs_auth_group g on a.group_id=g.id  WHERE ( a.uid='55' and g.status='1' )  [ RunTime:0.0010s ]
SQL: SHOW COLUMNS FROM `ecs_auth_rule` [ RunTime:0.0050s ]
SQL: SELECT `id`,`pid`,`name`,`title`,`type`,`show_type`,`icon` FROM `ecs_auth_rule` WHERE `id` IN ('1','2','3','4','5','6','7','8','9','10','11','12','13','14','15','16','17','18','19','20','21','22','23','24','25','26','27','28','29','30','31','32','33','34','35','36','37','38','39','40','41','42','43','44','45','46','47','48','49','50','51','52','53','54','55','56','57','58','59','60','61','62') AND `hide` = 0 AND `status` = 1 ORDER BY sort asc  [ RunTime:0.0010s ]
INFO: [ view_parse ] --START--
INFO: [ template_filter ] --START--
INFO: Run Behavior\ContentReplaceBehavior [ RunTime:0.000000s ]
INFO: [ template_filter ] --END-- [ RunTime:0.000000s ]
INFO: Run Behavior\ParseTemplateBehavior [ RunTime:0.010001s ]
INFO: [ view_parse ] --END-- [ RunTime:0.010001s ]
INFO: [ view_filter ] --START--
INFO: Run Behavior\WriteHtmlCacheBehavior [ RunTime:0.001000s ]
INFO: [ view_filter ] --END-- [ RunTime:0.001000s ]
INFO: [ app_end ] --START--
INFO: Run Behavior\ShowPageTraceBehavior [ RunTime:0.001000s ]
INFO: [ app_end ] --END-- [ RunTime:0.001000s ]

[ 2016-01-03T20:35:44+08:00 ] 127.0.0.1 /index.php?m=Admin&c=Index&a=index
INFO: [ app_init ] --START--
INFO: Run Behavior\BuildLiteBehavior [ RunTime:0.000000s ]
INFO: [ app_init ] --END-- [ RunTime:0.000000s ]
INFO: [ app_begin ] --START--
INFO: Run Behavior\ReadHtmlCacheBehavior [ RunTime:0.002000s ]
INFO: [ app_begin ] --END-- [ RunTime:0.002000s ]
INFO: [ action_begin ] --START--
SQL: SHOW COLUMNS FROM `ecs_hooks` [ RunTime:0.0030s ]
SQL: SELECT `name`,`addons` FROM `ecs_hooks`  [ RunTime:0.0000s ]
SQL: SHOW COLUMNS FROM `ecs_addons` [ RunTime:0.0030s ]
SQL: SELECT `id`,`name` FROM `ecs_addons` WHERE `status` = 1 AND `name` IN ('SiteStat')  [ RunTime:0.0000s ]
INFO: Run Common\Behavior\InitHookBehavior [ RunTime:0.021001s ]
INFO: [ action_begin ] --END-- [ RunTime:0.021001s ]
SQL: SHOW COLUMNS FROM `ecs_auth_group_access` [ RunTime:0.0030s ]
SQL: SELECT `uid`,`group_id`,`title`,`rules` FROM ecs_auth_group_access a INNER JOIN ecs_auth_group g on a.group_id=g.id  WHERE ( a.uid='55' and g.status='1' )  [ RunTime:0.0000s ]
SQL: SHOW COLUMNS FROM `ecs_auth_rule` [ RunTime:0.0030s ]
SQL: SELECT `id`,`pid`,`name`,`title`,`type`,`show_type`,`icon` FROM `ecs_auth_rule` WHERE `id` IN ('1','2','3','4','5','6','7','8','9','10','11','12','13','14','15','16','17','18','19','20','21','22','23','24','25','26','27','28','29','30','31','32','33','34','35','36','37','38','39','40','41','42','43','44','45','46','47','48','49','50','51','52','53','54','55','56','57','58','59','60','61','62') AND `hide` = 0 AND `status` = 1 ORDER BY sort asc  [ RunTime:0.0010s ]
INFO: [ AdminIndex ] --START--
NOTIC: [2] mysql_get_server_info() [<a href='function.mysql-get-server-info'>function.mysql-get-server-info</a>]: Access denied for user ''@'localhost' (using password: NO) D:\yunpan\phpstudy\WWW\ywy\App\Addons\SiteStat\SiteStatAddon.class.php 第 43 行.
NOTIC: [2] mysql_get_server_info() [<a href='function.mysql-get-server-info'>function.mysql-get-server-info</a>]: A link to the server could not be established D:\yunpan\phpstudy\WWW\ywy\App\Addons\SiteStat\SiteStatAddon.class.php 第 43 行.
INFO: [ view_parse ] --START--
INFO: [ template_filter ] --START--
INFO: Run Behavior\ContentReplaceBehavior [ RunTime:0.000000s ]
INFO: [ template_filter ] --END-- [ RunTime:0.000000s ]
INFO: Run Behavior\ParseTemplateBehavior [ RunTime:0.008000s ]
INFO: [ view_parse ] --END-- [ RunTime:0.008000s ]
INFO: [ view_filter ] --START--
INFO: Run Behavior\WriteHtmlCacheBehavior [ RunTime:0.001000s ]
INFO: [ view_filter ] --END-- [ RunTime:0.001000s ]
INFO: Run Addons\SiteStat\SiteStatAddon [ RunTime:0.023001s ]
INFO: [ AdminIndex ] --END-- [ RunTime:0.023001s ]

