[ 2016-02-17T14:40:49+08:00 ] 127.0.0.1 /
INFO: [ app_init ] --START--
INFO: Run Behavior\BuildLiteBehavior [ RunTime:0.000000s ]
INFO: [ app_init ] --END-- [ RunTime:0.000500s ]
INFO: [ app_begin ] --START--
INFO: Run Behavior\ReadHtmlCacheBehavior [ RunTime:0.000500s ]
INFO: [ app_begin ] --END-- [ RunTime:0.000500s ]
INFO: [ action_begin ] --START--
SQL: SHOW COLUMNS FROM `ecs_hooks` [ RunTime:0.0895s ]
SQL: SELECT `name`,`addons` FROM `ecs_hooks`  [ RunTime:0.0000s ]
SQL: SHOW COLUMNS FROM `ecs_addons` [ RunTime:0.1265s ]
SQL: SELECT `id`,`name` FROM `ecs_addons` WHERE `status` = 1 AND `name` IN ('SiteStat')  [ RunTime:0.0005s ]
INFO: Run Common\Behavior\InitHookBehavior [ RunTime:0.230030s ]
INFO: [ action_begin ] --END-- [ RunTime:0.230030s ]

[ 2016-02-17T14:40:50+08:00 ] 127.0.0.1 /
INFO: [ app_init ] --START--
INFO: Run Behavior\BuildLiteBehavior [ RunTime:0.000000s ]
INFO: [ app_init ] --END-- [ RunTime:0.000501s ]
INFO: [ app_begin ] --START--
INFO: Run Behavior\ReadHtmlCacheBehavior [ RunTime:0.000500s ]
INFO: [ app_begin ] --END-- [ RunTime:0.000500s ]
INFO: [ action_begin ] --START--
SQL: SHOW COLUMNS FROM `ecs_hooks` [ RunTime:0.0020s ]
SQL: SELECT `name`,`addons` FROM `ecs_hooks`  [ RunTime:0.0005s ]
SQL: SHOW COLUMNS FROM `ecs_addons` [ RunTime:0.0025s ]
SQL: SELECT `id`,`name` FROM `ecs_addons` WHERE `status` = 1 AND `name` IN ('SiteStat')  [ RunTime:0.0000s ]
INFO: Run Common\Behavior\InitHookBehavior [ RunTime:0.024003s ]
INFO: [ action_begin ] --END-- [ RunTime:0.024503s ]

[ 2016-02-17T14:40:53+08:00 ] 127.0.0.1 /index.php?m=Admin&c=Public&a=login
INFO: [ app_init ] --START--
INFO: Run Behavior\BuildLiteBehavior [ RunTime:0.000000s ]
INFO: [ app_init ] --END-- [ RunTime:0.000500s ]
INFO: [ app_begin ] --START--
INFO: Run Behavior\ReadHtmlCacheBehavior [ RunTime:0.000500s ]
INFO: [ app_begin ] --END-- [ RunTime:0.001000s ]
INFO: [ action_begin ] --START--
SQL: SHOW COLUMNS FROM `ecs_hooks` [ RunTime:0.0035s ]
SQL: SELECT `name`,`addons` FROM `ecs_hooks`  [ RunTime:0.0000s ]
SQL: SHOW COLUMNS FROM `ecs_addons` [ RunTime:0.0035s ]
SQL: SELECT `id`,`name` FROM `ecs_addons` WHERE `status` = 1 AND `name` IN ('SiteStat')  [ RunTime:0.0005s ]
INFO: Run Common\Behavior\InitHookBehavior [ RunTime:0.017502s ]
INFO: [ action_begin ] --END-- [ RunTime:0.017502s ]
INFO: [ view_parse ] --START--
INFO: [ template_filter ] --START--
INFO: Run Behavior\ContentReplaceBehavior [ RunTime:0.000000s ]
INFO: [ template_filter ] --END-- [ RunTime:0.000000s ]
INFO: Run Behavior\ParseTemplateBehavior [ RunTime:0.068509s ]
INFO: [ view_parse ] --END-- [ RunTime:0.068509s ]
INFO: [ view_filter ] --START--
INFO: Run Behavior\WriteHtmlCacheBehavior [ RunTime:0.000500s ]
INFO: [ view_filter ] --END-- [ RunTime:0.000500s ]
INFO: [ app_end ] --START--
INFO: Run Behavior\ShowPageTraceBehavior [ RunTime:0.000500s ]
INFO: [ app_end ] --END-- [ RunTime:0.000500s ]

[ 2016-02-17T14:41:05+08:00 ] 127.0.0.1 /index.php?m=Admin&c=Public&a=login
INFO: [ app_init ] --START--
INFO: Run Behavior\BuildLiteBehavior [ RunTime:0.000500s ]
INFO: [ app_init ] --END-- [ RunTime:0.000500s ]
INFO: [ app_begin ] --START--
INFO: Run Behavior\ReadHtmlCacheBehavior [ RunTime:0.000500s ]
INFO: [ app_begin ] --END-- [ RunTime:0.000500s ]
INFO: [ action_begin ] --START--
SQL: SHOW COLUMNS FROM `ecs_hooks` [ RunTime:0.0030s ]
SQL: SELECT `name`,`addons` FROM `ecs_hooks`  [ RunTime:0.0005s ]
SQL: SHOW COLUMNS FROM `ecs_addons` [ RunTime:0.0025s ]
SQL: SELECT `id`,`name` FROM `ecs_addons` WHERE `status` = 1 AND `name` IN ('SiteStat')  [ RunTime:0.0000s ]
INFO: Run Common\Behavior\InitHookBehavior [ RunTime:0.022503s ]
INFO: [ action_begin ] --END-- [ RunTime:0.022503s ]
SQL: SHOW COLUMNS FROM `ecs_users` [ RunTime:0.2150s ]
SQL: SELECT * FROM `ecs_users` WHERE `user_name` = 'admin' AND `password` = 'e99a18c428cb38d5f260853678922e03' LIMIT 1   [ RunTime:0.3700s ]
SQL: UPDATE `ecs_users` SET `last_login`='1455691264' WHERE ( user_id=65 ) [ RunTime:0.1840s ]
SQL: SHOW COLUMNS FROM `ecs_action` [ RunTime:0.0190s ]
SQL: SELECT * FROM `ecs_action` WHERE `name` = 'Admin_Login' LIMIT 1   [ RunTime:0.0005s ]
NOTIC: [2] call_user_func() expects parameter 1 to be a valid callback, function 'get_nickname' not found or invalid function name C:\Users\Edric\Desktop\ywy2\App\Common\Common\function.php 第 159 行.
NOTIC: [2] call_user_func() expects parameter 1 to be a valid callback, function 'time_format' not found or invalid function name C:\Users\Edric\Desktop\ywy2\App\Common\Common\function.php 第 159 行.
SQL: SHOW COLUMNS FROM `ecs_action_log` [ RunTime:0.0480s ]
SQL: INSERT INTO `ecs_action_log` (`action_id`,`user_id`,`action_ip`,`model`,`record_id`,`create_time`,`remark`) VALUES ('1','65','127.0.0.1','Users','65','1455691264','在登录了后台') [ RunTime:0.1045s ]
INFO: [ view_parse ] --START--
INFO: [ template_filter ] --START--
INFO: Run Behavior\ContentReplaceBehavior [ RunTime:0.000000s ]
INFO: [ template_filter ] --END-- [ RunTime:0.000000s ]
INFO: Run Behavior\ParseTemplateBehavior [ RunTime:0.036005s ]
INFO: [ view_parse ] --END-- [ RunTime:0.036005s ]
INFO: [ view_filter ] --START--
INFO: Run Behavior\WriteHtmlCacheBehavior [ RunTime:0.000500s ]
INFO: [ view_filter ] --END-- [ RunTime:0.000500s ]
INFO: [ app_end ] --START--
INFO: Run Behavior\ShowPageTraceBehavior [ RunTime:0.001000s ]
INFO: [ app_end ] --END-- [ RunTime:0.001000s ]

[ 2016-02-17T14:41:09+08:00 ] 127.0.0.1 /index.php?m=Admin&c=Index&a=index
INFO: [ app_init ] --START--
INFO: Run Behavior\BuildLiteBehavior [ RunTime:0.000000s ]
INFO: [ app_init ] --END-- [ RunTime:0.000500s ]
INFO: [ app_begin ] --START--
INFO: Run Behavior\ReadHtmlCacheBehavior [ RunTime:0.000500s ]
INFO: [ app_begin ] --END-- [ RunTime:0.000500s ]
INFO: [ action_begin ] --START--
SQL: SHOW COLUMNS FROM `ecs_hooks` [ RunTime:0.0025s ]
SQL: SELECT `name`,`addons` FROM `ecs_hooks`  [ RunTime:0.0000s ]
SQL: SHOW COLUMNS FROM `ecs_addons` [ RunTime:0.0020s ]
SQL: SELECT `id`,`name` FROM `ecs_addons` WHERE `status` = 1 AND `name` IN ('SiteStat')  [ RunTime:0.0000s ]
INFO: Run Common\Behavior\InitHookBehavior [ RunTime:0.012502s ]
INFO: [ action_begin ] --END-- [ RunTime:0.012502s ]
SQL: SHOW COLUMNS FROM `ecs_auth_group_access` [ RunTime:0.0720s ]
SQL: SELECT `uid`,`group_id`,`title`,`rules` FROM ecs_auth_group_access a INNER JOIN ecs_auth_group g on a.group_id=g.id  WHERE ( a.uid='65' and g.status='1' )  [ RunTime:0.2440s ]
SQL: SHOW COLUMNS FROM `ecs_auth_rule` [ RunTime:0.2210s ]
SQL: SELECT `id`,`pid`,`name`,`title`,`type`,`show_type`,`icon` FROM `ecs_auth_rule` WHERE `id` IN ('1','2','3','4','5','6','7','8','9','10','11','12','13','14','15','16','17','18','19','20','21','22','23','24','25','26','27','28','29','30','31','32','33','34','35','36','37','38','39','40','41','42','43','44','45','46','47','48','49','50','51','52','53','54','55','56','57','58','59','60','61','62','63','64','65','66','67','68','69','70','71','72','73','74','75','76','77','78','79','80','81','82','83','84','85','86','87','88','89','90','91','92','93','94','95','96','97','98','99','100','101','102','103','104','105','106','107','113') AND `hide` = 0 AND `status` = 1 ORDER BY sort asc  [ RunTime:0.3986s ]
SQL: SHOW COLUMNS FROM `ecs_users` [ RunTime:0.0120s ]
SQL: SELECT * FROM `ecs_users` WHERE ( user_id=65 ) LIMIT 1   [ RunTime:0.0010s ]
INFO: [ view_parse ] --START--
INFO: [ template_filter ] --START--
INFO: Run Behavior\ContentReplaceBehavior [ RunTime:0.000501s ]
INFO: [ template_filter ] --END-- [ RunTime:0.000501s ]
INFO: [ AdminIndex ] --START--
NOTIC: [2] mysql_get_server_info() [<a href='function.mysql-get-server-info'>function.mysql-get-server-info</a>]: Access denied for user ''@'localhost' (using password: NO) C:\Users\Edric\Desktop\ywy2\App\Addons\SiteStat\SiteStatAddon.class.php 第 43 行.
NOTIC: [2] mysql_get_server_info() [<a href='function.mysql-get-server-info'>function.mysql-get-server-info</a>]: A link to the server could not be established C:\Users\Edric\Desktop\ywy2\App\Addons\SiteStat\SiteStatAddon.class.php 第 43 行.
INFO: [ view_parse ] --START--
INFO: [ template_filter ] --START--
INFO: Run Behavior\ContentReplaceBehavior [ RunTime:0.000000s ]
INFO: [ template_filter ] --END-- [ RunTime:-1.358172s ]
INFO: Run Behavior\ParseTemplateBehavior [ RunTime:0.020003s ]
INFO: [ view_parse ] --END-- [ RunTime:0.020003s ]
INFO: [ view_filter ] --START--
INFO: Run Behavior\WriteHtmlCacheBehavior [ RunTime:0.000000s ]
INFO: [ view_filter ] --END-- [ RunTime:0.000500s ]
INFO: Run Addons\SiteStat\SiteStatAddon [ RunTime:1.347171s ]
INFO: [ AdminIndex ] --END-- [ RunTime:1.347671s ]
INFO: Run Behavior\ParseTemplateBehavior [ RunTime:0.020503s ]
INFO: [ view_parse ] --END-- [ RunTime:0.020003s ]
INFO: [ view_filter ] --START--
INFO: Run Behavior\WriteHtmlCacheBehavior [ RunTime:0.000000s ]
INFO: [ view_filter ] --END-- [ RunTime:0.000000s ]
INFO: [ app_end ] --START--
INFO: Run Behavior\ShowPageTraceBehavior [ RunTime:0.000500s ]
INFO: [ app_end ] --END-- [ RunTime:0.000500s ]

[ 2016-02-17T14:41:15+08:00 ] 127.0.0.1 /index.php?m=Admin&c=Index&a=menu&pid=1
INFO: [ app_init ] --START--
INFO: Run Behavior\BuildLiteBehavior [ RunTime:0.000000s ]
INFO: [ app_init ] --END-- [ RunTime:0.000501s ]
INFO: [ app_begin ] --START--
INFO: Run Behavior\ReadHtmlCacheBehavior [ RunTime:0.000500s ]
INFO: [ app_begin ] --END-- [ RunTime:0.000500s ]
INFO: [ action_begin ] --START--
SQL: SHOW COLUMNS FROM `ecs_hooks` [ RunTime:0.0030s ]
SQL: SELECT `name`,`addons` FROM `ecs_hooks`  [ RunTime:0.0005s ]
SQL: SHOW COLUMNS FROM `ecs_addons` [ RunTime:0.0030s ]
SQL: SELECT `id`,`name` FROM `ecs_addons` WHERE `status` = 1 AND `name` IN ('SiteStat')  [ RunTime:0.0005s ]
INFO: Run Common\Behavior\InitHookBehavior [ RunTime:0.016502s ]
INFO: [ action_begin ] --END-- [ RunTime:0.016502s ]
SQL: SHOW COLUMNS FROM `ecs_auth_group_access` [ RunTime:0.0030s ]
SQL: SELECT `uid`,`group_id`,`title`,`rules` FROM ecs_auth_group_access a INNER JOIN ecs_auth_group g on a.group_id=g.id  WHERE ( a.uid='65' and g.status='1' )  [ RunTime:0.0000s ]
SQL: SHOW COLUMNS FROM `ecs_auth_rule` [ RunTime:0.0030s ]
SQL: SELECT `id`,`pid`,`name`,`title`,`type`,`show_type`,`icon` FROM `ecs_auth_rule` WHERE `id` IN ('1','2','3','4','5','6','7','8','9','10','11','12','13','14','15','16','17','18','19','20','21','22','23','24','25','26','27','28','29','30','31','32','33','34','35','36','37','38','39','40','41','42','43','44','45','46','47','48','49','50','51','52','53','54','55','56','57','58','59','60','61','62','63','64','65','66','67','68','69','70','71','72','73','74','75','76','77','78','79','80','81','82','83','84','85','86','87','88','89','90','91','92','93','94','95','96','97','98','99','100','101','102','103','104','105','106','107','113') AND `hide` = 0 AND `status` = 1 ORDER BY sort asc  [ RunTime:0.0010s ]
INFO: [ view_parse ] --START--
INFO: [ template_filter ] --START--
INFO: Run Behavior\ContentReplaceBehavior [ RunTime:0.000000s ]
INFO: [ template_filter ] --END-- [ RunTime:0.000000s ]
INFO: Run Behavior\ParseTemplateBehavior [ RunTime:0.059507s ]
INFO: [ view_parse ] --END-- [ RunTime:0.059507s ]
INFO: [ view_filter ] --START--
INFO: Run Behavior\WriteHtmlCacheBehavior [ RunTime:0.000500s ]
INFO: [ view_filter ] --END-- [ RunTime:0.000500s ]
INFO: [ app_end ] --START--
INFO: Run Behavior\ShowPageTraceBehavior [ RunTime:0.000500s ]
INFO: [ app_end ] --END-- [ RunTime:0.000500s ]

[ 2016-02-17T14:41:17+08:00 ] 127.0.0.1 /index.php?m=Admin&c=Index&a=menu&pid=93
INFO: [ app_init ] --START--
INFO: Run Behavior\BuildLiteBehavior [ RunTime:0.000501s ]
INFO: [ app_init ] --END-- [ RunTime:0.000501s ]
INFO: [ app_begin ] --START--
INFO: Run Behavior\ReadHtmlCacheBehavior [ RunTime:0.000500s ]
INFO: [ app_begin ] --END-- [ RunTime:0.000500s ]
INFO: [ action_begin ] --START--
SQL: SHOW COLUMNS FROM `ecs_hooks` [ RunTime:0.0030s ]
SQL: SELECT `name`,`addons` FROM `ecs_hooks`  [ RunTime:0.0005s ]
SQL: SHOW COLUMNS FROM `ecs_addons` [ RunTime:0.0030s ]
SQL: SELECT `id`,`name` FROM `ecs_addons` WHERE `status` = 1 AND `name` IN ('SiteStat')  [ RunTime:0.0005s ]
INFO: Run Common\Behavior\InitHookBehavior [ RunTime:0.017502s ]
INFO: [ action_begin ] --END-- [ RunTime:0.017502s ]
SQL: SHOW COLUMNS FROM `ecs_auth_group_access` [ RunTime:0.0030s ]
SQL: SELECT `uid`,`group_id`,`title`,`rules` FROM ecs_auth_group_access a INNER JOIN ecs_auth_group g on a.group_id=g.id  WHERE ( a.uid='65' and g.status='1' )  [ RunTime:0.0005s ]
SQL: SHOW COLUMNS FROM `ecs_auth_rule` [ RunTime:0.0030s ]
SQL: SELECT `id`,`pid`,`name`,`title`,`type`,`show_type`,`icon` FROM `ecs_auth_rule` WHERE `id` IN ('1','2','3','4','5','6','7','8','9','10','11','12','13','14','15','16','17','18','19','20','21','22','23','24','25','26','27','28','29','30','31','32','33','34','35','36','37','38','39','40','41','42','43','44','45','46','47','48','49','50','51','52','53','54','55','56','57','58','59','60','61','62','63','64','65','66','67','68','69','70','71','72','73','74','75','76','77','78','79','80','81','82','83','84','85','86','87','88','89','90','91','92','93','94','95','96','97','98','99','100','101','102','103','104','105','106','107','113') AND `hide` = 0 AND `status` = 1 ORDER BY sort asc  [ RunTime:0.0005s ]
INFO: [ view_parse ] --START--
INFO: [ template_filter ] --START--
INFO: Run Behavior\ContentReplaceBehavior [ RunTime:0.000500s ]
INFO: [ template_filter ] --END-- [ RunTime:0.000500s ]
INFO: Run Behavior\ParseTemplateBehavior [ RunTime:0.009001s ]
INFO: [ view_parse ] --END-- [ RunTime:0.009001s ]
INFO: [ view_filter ] --START--
INFO: Run Behavior\WriteHtmlCacheBehavior [ RunTime:0.000500s ]
INFO: [ view_filter ] --END-- [ RunTime:0.000500s ]
INFO: [ app_end ] --START--
INFO: Run Behavior\ShowPageTraceBehavior [ RunTime:0.000500s ]
INFO: [ app_end ] --END-- [ RunTime:0.000500s ]

[ 2016-02-17T14:41:18+08:00 ] 127.0.0.1 /index.php?m=Admin&c=DepCenter&a=index&_=1455691269506
INFO: [ app_init ] --START--
INFO: Run Behavior\BuildLiteBehavior [ RunTime:0.000000s ]
INFO: [ app_init ] --END-- [ RunTime:0.001000s ]
INFO: [ app_begin ] --START--
INFO: Run Behavior\ReadHtmlCacheBehavior [ RunTime:0.002000s ]
INFO: [ app_begin ] --END-- [ RunTime:0.002500s ]
INFO: [ action_begin ] --START--
SQL: SHOW COLUMNS FROM `ecs_hooks` [ RunTime:0.0035s ]
SQL: SELECT `name`,`addons` FROM `ecs_hooks`  [ RunTime:0.0010s ]
SQL: SHOW COLUMNS FROM `ecs_addons` [ RunTime:0.0025s ]
SQL: SELECT `id`,`name` FROM `ecs_addons` WHERE `status` = 1 AND `name` IN ('SiteStat')  [ RunTime:0.0005s ]
INFO: Run Common\Behavior\InitHookBehavior [ RunTime:0.020503s ]
INFO: [ action_begin ] --END-- [ RunTime:0.020503s ]
SQL: SHOW COLUMNS FROM `ecs_auth_group_access` [ RunTime:0.0020s ]
SQL: SELECT `uid`,`group_id`,`title`,`rules` FROM ecs_auth_group_access a INNER JOIN ecs_auth_group g on a.group_id=g.id  WHERE ( a.uid='65' and g.status='1' )  [ RunTime:0.0000s ]
SQL: SHOW COLUMNS FROM `ecs_auth_rule` [ RunTime:0.0025s ]
SQL: SELECT `condition`,`name` FROM `ecs_auth_rule` WHERE `id` IN ('1','2','3','4','5','6','7','8','9','10','11','12','13','14','15','16','17','18','19','20','21','22','23','24','25','26','27','28','29','30','31','32','33','34','35','36','37','38','39','40','41','42','43','44','45','46','47','48','49','50','51','52','53','54','55','56','57','58','59','60','61','62','63','64','65','66','67','68','69','70','71','72','73','74','75','76','77','78','79','80','81','82','83','84','85','86','87','88','89','90','91','92','93','94','95','96','97','98','99','100','101','102','103','104','105','106','107','113') AND `type` = 1 AND `status` = 1  [ RunTime:0.0010s ]
SQL: SHOW COLUMNS FROM `ecs_users` [ RunTime:0.0035s ]
INFO: [ view_parse ] --START--
INFO: [ template_filter ] --START--
INFO: Run Behavior\ContentReplaceBehavior [ RunTime:0.000000s ]
INFO: [ template_filter ] --END-- [ RunTime:0.000000s ]
INFO: Run Behavior\ParseTemplateBehavior [ RunTime:0.036005s ]
INFO: [ view_parse ] --END-- [ RunTime:0.036005s ]
INFO: [ view_filter ] --START--
INFO: Run Behavior\WriteHtmlCacheBehavior [ RunTime:0.000500s ]
INFO: [ view_filter ] --END-- [ RunTime:0.000500s ]
INFO: [ app_end ] --START--
INFO: Run Behavior\ShowPageTraceBehavior [ RunTime:0.000500s ]
INFO: [ app_end ] --END-- [ RunTime:0.000500s ]

[ 2016-02-17T14:41:18+08:00 ] 127.0.0.1 /index.php?m=Admin&c=DepCenter&a=index
INFO: [ app_init ] --START--
INFO: Run Behavior\BuildLiteBehavior [ RunTime:0.000000s ]
INFO: [ app_init ] --END-- [ RunTime:0.000000s ]
INFO: [ app_begin ] --START--
INFO: Run Behavior\ReadHtmlCacheBehavior [ RunTime:0.000500s ]
INFO: [ app_begin ] --END-- [ RunTime:0.000500s ]
INFO: [ action_begin ] --START--
SQL: SHOW COLUMNS FROM `ecs_hooks` [ RunTime:0.0030s ]
SQL: SELECT `name`,`addons` FROM `ecs_hooks`  [ RunTime:0.0005s ]
SQL: SHOW COLUMNS FROM `ecs_addons` [ RunTime:0.0030s ]
SQL: SELECT `id`,`name` FROM `ecs_addons` WHERE `status` = 1 AND `name` IN ('SiteStat')  [ RunTime:0.0005s ]
INFO: Run Common\Behavior\InitHookBehavior [ RunTime:0.016502s ]
INFO: [ action_begin ] --END-- [ RunTime:0.017002s ]
SQL: SHOW COLUMNS FROM `ecs_auth_group_access` [ RunTime:0.0030s ]
SQL: SELECT `uid`,`group_id`,`title`,`rules` FROM ecs_auth_group_access a INNER JOIN ecs_auth_group g on a.group_id=g.id  WHERE ( a.uid='65' and g.status='1' )  [ RunTime:0.0005s ]
SQL: SHOW COLUMNS FROM `ecs_auth_rule` [ RunTime:0.0030s ]
SQL: SELECT `condition`,`name` FROM `ecs_auth_rule` WHERE `id` IN ('1','2','3','4','5','6','7','8','9','10','11','12','13','14','15','16','17','18','19','20','21','22','23','24','25','26','27','28','29','30','31','32','33','34','35','36','37','38','39','40','41','42','43','44','45','46','47','48','49','50','51','52','53','54','55','56','57','58','59','60','61','62','63','64','65','66','67','68','69','70','71','72','73','74','75','76','77','78','79','80','81','82','83','84','85','86','87','88','89','90','91','92','93','94','95','96','97','98','99','100','101','102','103','104','105','106','107','113') AND `type` = 1 AND `status` = 1  [ RunTime:0.0005s ]
SQL: SHOW COLUMNS FROM `ecs_users` [ RunTime:0.0035s ]
SQL: SELECT COUNT(*) AS tp_count FROM `ecs_users` LIMIT 1   [ RunTime:0.0365s ]
SQL: SELECT * FROM `ecs_users` ORDER BY user_id asc LIMIT 0,20   [ RunTime:0.0010s ]

[ 2016-02-17T14:41:22+08:00 ] 127.0.0.1 /index.php?m=Admin&c=DepCenter&a=index&_=1455691269507
INFO: [ app_init ] --START--
INFO: Run Behavior\BuildLiteBehavior [ RunTime:0.000000s ]
INFO: [ app_init ] --END-- [ RunTime:0.000000s ]
INFO: [ app_begin ] --START--
INFO: Run Behavior\ReadHtmlCacheBehavior [ RunTime:0.000000s ]
INFO: [ app_begin ] --END-- [ RunTime:0.000500s ]
INFO: [ action_begin ] --START--
SQL: SHOW COLUMNS FROM `ecs_hooks` [ RunTime:0.0030s ]
SQL: SELECT `name`,`addons` FROM `ecs_hooks`  [ RunTime:0.0000s ]
SQL: SHOW COLUMNS FROM `ecs_addons` [ RunTime:0.0025s ]
SQL: SELECT `id`,`name` FROM `ecs_addons` WHERE `status` = 1 AND `name` IN ('SiteStat')  [ RunTime:0.0000s ]
INFO: Run Common\Behavior\InitHookBehavior [ RunTime:0.023003s ]
INFO: [ action_begin ] --END-- [ RunTime:0.023003s ]
SQL: SHOW COLUMNS FROM `ecs_auth_group_access` [ RunTime:0.0025s ]
SQL: SELECT `uid`,`group_id`,`title`,`rules` FROM ecs_auth_group_access a INNER JOIN ecs_auth_group g on a.group_id=g.id  WHERE ( a.uid='65' and g.status='1' )  [ RunTime:0.0005s ]
SQL: SHOW COLUMNS FROM `ecs_auth_rule` [ RunTime:0.0035s ]
SQL: SELECT `condition`,`name` FROM `ecs_auth_rule` WHERE `id` IN ('1','2','3','4','5','6','7','8','9','10','11','12','13','14','15','16','17','18','19','20','21','22','23','24','25','26','27','28','29','30','31','32','33','34','35','36','37','38','39','40','41','42','43','44','45','46','47','48','49','50','51','52','53','54','55','56','57','58','59','60','61','62','63','64','65','66','67','68','69','70','71','72','73','74','75','76','77','78','79','80','81','82','83','84','85','86','87','88','89','90','91','92','93','94','95','96','97','98','99','100','101','102','103','104','105','106','107','113') AND `type` = 1 AND `status` = 1  [ RunTime:0.0005s ]
SQL: SHOW COLUMNS FROM `ecs_users` [ RunTime:0.0035s ]
INFO: [ view_parse ] --START--
INFO: [ template_filter ] --START--
INFO: Run Behavior\ContentReplaceBehavior [ RunTime:0.000000s ]
INFO: [ template_filter ] --END-- [ RunTime:0.000000s ]
INFO: Run Behavior\ParseTemplateBehavior [ RunTime:0.005501s ]
INFO: [ view_parse ] --END-- [ RunTime:0.005501s ]
INFO: [ view_filter ] --START--
INFO: Run Behavior\WriteHtmlCacheBehavior [ RunTime:0.000500s ]
INFO: [ view_filter ] --END-- [ RunTime:0.000500s ]
INFO: [ app_end ] --START--
INFO: Run Behavior\ShowPageTraceBehavior [ RunTime:0.000500s ]
INFO: [ app_end ] --END-- [ RunTime:0.000500s ]

[ 2016-02-17T14:41:22+08:00 ] 127.0.0.1 /index.php?m=Admin&c=DepCenter&a=index
INFO: [ app_init ] --START--
INFO: Run Behavior\BuildLiteBehavior [ RunTime:0.000000s ]
INFO: [ app_init ] --END-- [ RunTime:0.000500s ]
INFO: [ app_begin ] --START--
INFO: Run Behavior\ReadHtmlCacheBehavior [ RunTime:0.000500s ]
INFO: [ app_begin ] --END-- [ RunTime:0.000500s ]
INFO: [ action_begin ] --START--
SQL: SHOW COLUMNS FROM `ecs_hooks` [ RunTime:0.0035s ]
SQL: SELECT `name`,`addons` FROM `ecs_hooks`  [ RunTime:0.0005s ]
SQL: SHOW COLUMNS FROM `ecs_addons` [ RunTime:0.0040s ]
SQL: SELECT `id`,`name` FROM `ecs_addons` WHERE `status` = 1 AND `name` IN ('SiteStat')  [ RunTime:0.0005s ]
INFO: Run Common\Behavior\InitHookBehavior [ RunTime:0.019002s ]
INFO: [ action_begin ] --END-- [ RunTime:0.019002s ]
SQL: SHOW COLUMNS FROM `ecs_auth_group_access` [ RunTime:0.0035s ]
SQL: SELECT `uid`,`group_id`,`title`,`rules` FROM ecs_auth_group_access a INNER JOIN ecs_auth_group g on a.group_id=g.id  WHERE ( a.uid='65' and g.status='1' )  [ RunTime:0.0005s ]
SQL: SHOW COLUMNS FROM `ecs_auth_rule` [ RunTime:0.0035s ]
SQL: SELECT `condition`,`name` FROM `ecs_auth_rule` WHERE `id` IN ('1','2','3','4','5','6','7','8','9','10','11','12','13','14','15','16','17','18','19','20','21','22','23','24','25','26','27','28','29','30','31','32','33','34','35','36','37','38','39','40','41','42','43','44','45','46','47','48','49','50','51','52','53','54','55','56','57','58','59','60','61','62','63','64','65','66','67','68','69','70','71','72','73','74','75','76','77','78','79','80','81','82','83','84','85','86','87','88','89','90','91','92','93','94','95','96','97','98','99','100','101','102','103','104','105','106','107','113') AND `type` = 1 AND `status` = 1  [ RunTime:0.0005s ]
SQL: SHOW COLUMNS FROM `ecs_users` [ RunTime:0.0045s ]
SQL: SELECT COUNT(*) AS tp_count FROM `ecs_users` LIMIT 1   [ RunTime:0.0005s ]
SQL: SELECT * FROM `ecs_users` ORDER BY user_id asc LIMIT 0,20   [ RunTime:0.0005s ]

[ 2016-02-17T16:44:48+08:00 ] 127.0.0.1 /index.php?m=Admin&c=DepCenter&a=index&_=1455691269508
INFO: [ app_init ] --START--
INFO: Run Behavior\BuildLiteBehavior [ RunTime:0.000000s ]
INFO: [ app_init ] --END-- [ RunTime:0.001000s ]
INFO: [ app_begin ] --START--
INFO: Run Behavior\ReadHtmlCacheBehavior [ RunTime:0.000000s ]
INFO: [ app_begin ] --END-- [ RunTime:0.000000s ]
INFO: [ action_begin ] --START--
SQL: SHOW COLUMNS FROM `ecs_hooks` [ RunTime:0.0220s ]
SQL: SELECT `name`,`addons` FROM `ecs_hooks`  [ RunTime:0.0000s ]
SQL: SHOW COLUMNS FROM `ecs_addons` [ RunTime:0.0090s ]
SQL: SELECT `id`,`name` FROM `ecs_addons` WHERE `status` = 1 AND `name` IN ('SiteStat')  [ RunTime:0.0000s ]
INFO: Run Common\Behavior\InitHookBehavior [ RunTime:0.041002s ]
INFO: [ action_begin ] --END-- [ RunTime:0.041002s ]
SQL: SHOW COLUMNS FROM `ecs_auth_group_access` [ RunTime:0.0050s ]
SQL: SELECT `uid`,`group_id`,`title`,`rules` FROM ecs_auth_group_access a INNER JOIN ecs_auth_group g on a.group_id=g.id  WHERE ( a.uid='65' and g.status='1' )  [ RunTime:0.0100s ]
SQL: SHOW COLUMNS FROM `ecs_auth_rule` [ RunTime:0.0050s ]
SQL: SELECT `condition`,`name` FROM `ecs_auth_rule` WHERE `id` IN ('1','2','3','4','5','6','7','8','9','10','11','12','13','14','15','16','17','18','19','20','21','22','23','24','25','26','27','28','29','30','31','32','33','34','35','36','37','38','39','40','41','42','43','44','45','46','47','48','49','50','51','52','53','54','55','56','57','58','59','60','61','62','63','64','65','66','67','68','69','70','71','72','73','74','75','76','77','78','79','80','81','82','83','84','85','86','87','88','89','90','91','92','93','94','95','96','97','98','99','100','101','102','103','104','105','106','107','113') AND `type` = 1 AND `status` = 1  [ RunTime:0.0060s ]
SQL: SHOW COLUMNS FROM `ecs_users` [ RunTime:0.0070s ]
INFO: [ view_parse ] --START--
INFO: [ template_filter ] --START--
INFO: Run Behavior\ContentReplaceBehavior [ RunTime:0.000000s ]
INFO: [ template_filter ] --END-- [ RunTime:0.000000s ]
INFO: Run Behavior\ParseTemplateBehavior [ RunTime:0.030002s ]
INFO: [ view_parse ] --END-- [ RunTime:0.031002s ]
INFO: [ view_filter ] --START--
INFO: Run Behavior\WriteHtmlCacheBehavior [ RunTime:0.000000s ]
INFO: [ view_filter ] --END-- [ RunTime:0.000000s ]
INFO: [ app_end ] --START--
INFO: Run Behavior\ShowPageTraceBehavior [ RunTime:0.000000s ]
INFO: [ app_end ] --END-- [ RunTime:0.000000s ]

[ 2016-02-17T16:44:48+08:00 ] 127.0.0.1 /index.php?m=Admin&c=DepCenter&a=index
INFO: [ app_init ] --START--
INFO: Run Behavior\BuildLiteBehavior [ RunTime:0.000000s ]
INFO: [ app_init ] --END-- [ RunTime:0.001000s ]
INFO: [ app_begin ] --START--
INFO: Run Behavior\ReadHtmlCacheBehavior [ RunTime:0.001000s ]
INFO: [ app_begin ] --END-- [ RunTime:0.001000s ]
INFO: [ action_begin ] --START--
SQL: SHOW COLUMNS FROM `ecs_hooks` [ RunTime:0.0030s ]
SQL: SELECT `name`,`addons` FROM `ecs_hooks`  [ RunTime:0.0000s ]
SQL: SHOW COLUMNS FROM `ecs_addons` [ RunTime:0.0030s ]
SQL: SELECT `id`,`name` FROM `ecs_addons` WHERE `status` = 1 AND `name` IN ('SiteStat')  [ RunTime:0.0000s ]
INFO: Run Common\Behavior\InitHookBehavior [ RunTime:0.093006s ]
INFO: [ action_begin ] --END-- [ RunTime:0.093006s ]
SQL: SHOW COLUMNS FROM `ecs_auth_group_access` [ RunTime:0.0020s ]
SQL: SELECT `uid`,`group_id`,`title`,`rules` FROM ecs_auth_group_access a INNER JOIN ecs_auth_group g on a.group_id=g.id  WHERE ( a.uid='65' and g.status='1' )  [ RunTime:0.0000s ]
SQL: SHOW COLUMNS FROM `ecs_auth_rule` [ RunTime:0.0020s ]
SQL: SELECT `condition`,`name` FROM `ecs_auth_rule` WHERE `id` IN ('1','2','3','4','5','6','7','8','9','10','11','12','13','14','15','16','17','18','19','20','21','22','23','24','25','26','27','28','29','30','31','32','33','34','35','36','37','38','39','40','41','42','43','44','45','46','47','48','49','50','51','52','53','54','55','56','57','58','59','60','61','62','63','64','65','66','67','68','69','70','71','72','73','74','75','76','77','78','79','80','81','82','83','84','85','86','87','88','89','90','91','92','93','94','95','96','97','98','99','100','101','102','103','104','105','106','107','113') AND `type` = 1 AND `status` = 1  [ RunTime:0.0000s ]
SQL: SHOW COLUMNS FROM `ecs_users` [ RunTime:0.0030s ]
SQL: SELECT COUNT(*) AS tp_count FROM `ecs_users` LIMIT 1   [ RunTime:0.0000s ]
SQL: SELECT * FROM `ecs_users` ORDER BY user_id asc LIMIT 0,20   [ RunTime:0.0010s ]

[ 2016-02-17T17:20:09+08:00 ] 127.0.0.1 /index.php?m=Admin&c=DepCenter&a=index
INFO: [ app_init ] --START--
INFO: Run Behavior\BuildLiteBehavior [ RunTime:0.000000s ]
INFO: [ app_init ] --END-- [ RunTime:0.000000s ]
INFO: [ app_begin ] --START--
INFO: Run Behavior\ReadHtmlCacheBehavior [ RunTime:0.000000s ]
INFO: [ app_begin ] --END-- [ RunTime:0.000000s ]
INFO: [ action_begin ] --START--
SQL: SHOW COLUMNS FROM `ecs_hooks` [ RunTime:0.0030s ]
SQL: SELECT `name`,`addons` FROM `ecs_hooks`  [ RunTime:0.0000s ]
SQL: SHOW COLUMNS FROM `ecs_addons` [ RunTime:0.0020s ]
SQL: SELECT `id`,`name` FROM `ecs_addons` WHERE `status` = 1 AND `name` IN ('SiteStat')  [ RunTime:0.0000s ]
INFO: Run Common\Behavior\InitHookBehavior [ RunTime:0.015000s ]
INFO: [ action_begin ] --END-- [ RunTime:0.015000s ]
SQL: SHOW COLUMNS FROM `ecs_auth_group_access` [ RunTime:0.0100s ]
SQL: SELECT `uid`,`group_id`,`title`,`rules` FROM ecs_auth_group_access a INNER JOIN ecs_auth_group g on a.group_id=g.id  WHERE ( a.uid='65' and g.status='1' )  [ RunTime:0.0010s ]
SQL: SHOW COLUMNS FROM `ecs_auth_rule` [ RunTime:0.0030s ]
SQL: SELECT `condition`,`name` FROM `ecs_auth_rule` WHERE `id` IN ('1','2','3','4','5','6','7','8','9','10','11','12','13','14','15','16','17','18','19','20','21','22','23','24','25','26','27','28','29','30','31','32','33','34','35','36','37','38','39','40','41','42','43','44','45','46','47','48','49','50','51','52','53','54','55','56','57','58','59','60','61','62','63','64','65','66','67','68','69','70','71','72','73','74','75','76','77','78','79','80','81','82','83','84','85','86','87','88','89','90','91','92','93','94','95','96','97','98','99','100','101','102','103','104','105','106','107','113') AND `type` = 1 AND `status` = 1  [ RunTime:0.0010s ]
SQL: SHOW COLUMNS FROM `ecs_users` [ RunTime:0.0090s ]
SQL: SELECT COUNT(*) AS tp_count FROM `ecs_users` LIMIT 1   [ RunTime:0.0000s ]
SQL: SELECT * FROM `ecs_users` ORDER BY user_id asc LIMIT 0,20   [ RunTime:0.0000s ]

[ 2016-02-17T17:20:09+08:00 ] 127.0.0.1 /index.php?m=Admin&c=DepCenter&a=index
INFO: [ app_init ] --START--
INFO: Run Behavior\BuildLiteBehavior [ RunTime:0.000000s ]
INFO: [ app_init ] --END-- [ RunTime:0.001000s ]
INFO: [ app_begin ] --START--
INFO: Run Behavior\ReadHtmlCacheBehavior [ RunTime:0.001000s ]
INFO: [ app_begin ] --END-- [ RunTime:0.001000s ]
INFO: [ action_begin ] --START--
SQL: SHOW COLUMNS FROM `ecs_hooks` [ RunTime:0.0040s ]
SQL: SELECT `name`,`addons` FROM `ecs_hooks`  [ RunTime:0.0000s ]
SQL: SHOW COLUMNS FROM `ecs_addons` [ RunTime:0.0030s ]
SQL: SELECT `id`,`name` FROM `ecs_addons` WHERE `status` = 1 AND `name` IN ('SiteStat')  [ RunTime:0.0000s ]
INFO: Run Common\Behavior\InitHookBehavior [ RunTime:0.024002s ]
INFO: [ action_begin ] --END-- [ RunTime:0.024002s ]
SQL: SHOW COLUMNS FROM `ecs_auth_group_access` [ RunTime:0.0020s ]
SQL: SELECT `uid`,`group_id`,`title`,`rules` FROM ecs_auth_group_access a INNER JOIN ecs_auth_group g on a.group_id=g.id  WHERE ( a.uid='65' and g.status='1' )  [ RunTime:0.0010s ]
SQL: SHOW COLUMNS FROM `ecs_auth_rule` [ RunTime:0.0030s ]
SQL: SELECT `condition`,`name` FROM `ecs_auth_rule` WHERE `id` IN ('1','2','3','4','5','6','7','8','9','10','11','12','13','14','15','16','17','18','19','20','21','22','23','24','25','26','27','28','29','30','31','32','33','34','35','36','37','38','39','40','41','42','43','44','45','46','47','48','49','50','51','52','53','54','55','56','57','58','59','60','61','62','63','64','65','66','67','68','69','70','71','72','73','74','75','76','77','78','79','80','81','82','83','84','85','86','87','88','89','90','91','92','93','94','95','96','97','98','99','100','101','102','103','104','105','106','107','113') AND `type` = 1 AND `status` = 1  [ RunTime:0.0070s ]
SQL: SHOW COLUMNS FROM `ecs_users` [ RunTime:0.0030s ]
SQL: SELECT COUNT(*) AS tp_count FROM `ecs_users` LIMIT 1   [ RunTime:0.0000s ]
SQL: SELECT * FROM `ecs_users` ORDER BY user_id asc LIMIT 0,20   [ RunTime:0.0010s ]

[ 2016-02-17T17:20:11+08:00 ] 127.0.0.1 /index.php?m=Admin&c=DepCenter&a=index
INFO: [ app_init ] --START--
INFO: Run Behavior\BuildLiteBehavior [ RunTime:0.000000s ]
INFO: [ app_init ] --END-- [ RunTime:0.001000s ]
INFO: [ app_begin ] --START--
INFO: Run Behavior\ReadHtmlCacheBehavior [ RunTime:0.001000s ]
INFO: [ app_begin ] --END-- [ RunTime:0.001000s ]
INFO: [ action_begin ] --START--
SQL: SHOW COLUMNS FROM `ecs_hooks` [ RunTime:0.0070s ]
SQL: SELECT `name`,`addons` FROM `ecs_hooks`  [ RunTime:0.0000s ]
SQL: SHOW COLUMNS FROM `ecs_addons` [ RunTime:0.0050s ]
SQL: SELECT `id`,`name` FROM `ecs_addons` WHERE `status` = 1 AND `name` IN ('SiteStat')  [ RunTime:0.0000s ]
INFO: Run Common\Behavior\InitHookBehavior [ RunTime:0.034002s ]
INFO: [ action_begin ] --END-- [ RunTime:0.034002s ]
SQL: SHOW COLUMNS FROM `ecs_auth_group_access` [ RunTime:0.0030s ]
SQL: SELECT `uid`,`group_id`,`title`,`rules` FROM ecs_auth_group_access a INNER JOIN ecs_auth_group g on a.group_id=g.id  WHERE ( a.uid='65' and g.status='1' )  [ RunTime:0.0010s ]
SQL: SHOW COLUMNS FROM `ecs_auth_rule` [ RunTime:0.0030s ]
SQL: SELECT `condition`,`name` FROM `ecs_auth_rule` WHERE `id` IN ('1','2','3','4','5','6','7','8','9','10','11','12','13','14','15','16','17','18','19','20','21','22','23','24','25','26','27','28','29','30','31','32','33','34','35','36','37','38','39','40','41','42','43','44','45','46','47','48','49','50','51','52','53','54','55','56','57','58','59','60','61','62','63','64','65','66','67','68','69','70','71','72','73','74','75','76','77','78','79','80','81','82','83','84','85','86','87','88','89','90','91','92','93','94','95','96','97','98','99','100','101','102','103','104','105','106','107','113') AND `type` = 1 AND `status` = 1  [ RunTime:0.0010s ]
SQL: SHOW COLUMNS FROM `ecs_users` [ RunTime:0.0230s ]
SQL: SELECT COUNT(*) AS tp_count FROM `ecs_users` LIMIT 1   [ RunTime:0.0010s ]
SQL: SELECT * FROM `ecs_users` ORDER BY user_id asc LIMIT 0,20   [ RunTime:0.0010s ]

[ 2016-02-17T17:20:12+08:00 ] 127.0.0.1 /index.php?m=Admin&c=DepCenter&a=index
INFO: [ app_init ] --START--
INFO: Run Behavior\BuildLiteBehavior [ RunTime:0.000000s ]
INFO: [ app_init ] --END-- [ RunTime:0.002000s ]
INFO: [ app_begin ] --START--
INFO: Run Behavior\ReadHtmlCacheBehavior [ RunTime:0.000000s ]
INFO: [ app_begin ] --END-- [ RunTime:0.000000s ]
INFO: [ action_begin ] --START--
SQL: SHOW COLUMNS FROM `ecs_hooks` [ RunTime:0.0020s ]
SQL: SELECT `name`,`addons` FROM `ecs_hooks`  [ RunTime:0.0000s ]
SQL: SHOW COLUMNS FROM `ecs_addons` [ RunTime:0.0030s ]
SQL: SELECT `id`,`name` FROM `ecs_addons` WHERE `status` = 1 AND `name` IN ('SiteStat')  [ RunTime:0.0000s ]
INFO: Run Common\Behavior\InitHookBehavior [ RunTime:0.022001s ]
INFO: [ action_begin ] --END-- [ RunTime:0.022001s ]
SQL: SHOW COLUMNS FROM `ecs_auth_group_access` [ RunTime:0.0030s ]
SQL: SELECT `uid`,`group_id`,`title`,`rules` FROM ecs_auth_group_access a INNER JOIN ecs_auth_group g on a.group_id=g.id  WHERE ( a.uid='65' and g.status='1' )  [ RunTime:0.0010s ]
SQL: SHOW COLUMNS FROM `ecs_auth_rule` [ RunTime:0.0030s ]
SQL: SELECT `condition`,`name` FROM `ecs_auth_rule` WHERE `id` IN ('1','2','3','4','5','6','7','8','9','10','11','12','13','14','15','16','17','18','19','20','21','22','23','24','25','26','27','28','29','30','31','32','33','34','35','36','37','38','39','40','41','42','43','44','45','46','47','48','49','50','51','52','53','54','55','56','57','58','59','60','61','62','63','64','65','66','67','68','69','70','71','72','73','74','75','76','77','78','79','80','81','82','83','84','85','86','87','88','89','90','91','92','93','94','95','96','97','98','99','100','101','102','103','104','105','106','107','113') AND `type` = 1 AND `status` = 1  [ RunTime:0.0000s ]
SQL: SHOW COLUMNS FROM `ecs_users` [ RunTime:0.0030s ]
SQL: SELECT COUNT(*) AS tp_count FROM `ecs_users` LIMIT 1   [ RunTime:0.0010s ]
SQL: SELECT * FROM `ecs_users` ORDER BY user_id asc LIMIT 0,20   [ RunTime:0.0000s ]

[ 2016-02-17T17:20:14+08:00 ] 127.0.0.1 /index.php?m=Admin&c=DepCenter&a=index
INFO: [ app_init ] --START--
INFO: Run Behavior\BuildLiteBehavior [ RunTime:0.000000s ]
INFO: [ app_init ] --END-- [ RunTime:0.001001s ]
INFO: [ app_begin ] --START--
INFO: Run Behavior\ReadHtmlCacheBehavior [ RunTime:0.001000s ]
INFO: [ app_begin ] --END-- [ RunTime:0.001000s ]
INFO: [ action_begin ] --START--
SQL: SHOW COLUMNS FROM `ecs_hooks` [ RunTime:0.0030s ]
SQL: SELECT `name`,`addons` FROM `ecs_hooks`  [ RunTime:0.0000s ]
SQL: SHOW COLUMNS FROM `ecs_addons` [ RunTime:0.0030s ]
SQL: SELECT `id`,`name` FROM `ecs_addons` WHERE `status` = 1 AND `name` IN ('SiteStat')  [ RunTime:0.0000s ]
INFO: Run Common\Behavior\InitHookBehavior [ RunTime:0.013000s ]
INFO: [ action_begin ] --END-- [ RunTime:0.013000s ]
SQL: SHOW COLUMNS FROM `ecs_auth_group_access` [ RunTime:0.0020s ]
SQL: SELECT `uid`,`group_id`,`title`,`rules` FROM ecs_auth_group_access a INNER JOIN ecs_auth_group g on a.group_id=g.id  WHERE ( a.uid='65' and g.status='1' )  [ RunTime:0.0010s ]
SQL: SHOW COLUMNS FROM `ecs_auth_rule` [ RunTime:0.0030s ]
SQL: SELECT `condition`,`name` FROM `ecs_auth_rule` WHERE `id` IN ('1','2','3','4','5','6','7','8','9','10','11','12','13','14','15','16','17','18','19','20','21','22','23','24','25','26','27','28','29','30','31','32','33','34','35','36','37','38','39','40','41','42','43','44','45','46','47','48','49','50','51','52','53','54','55','56','57','58','59','60','61','62','63','64','65','66','67','68','69','70','71','72','73','74','75','76','77','78','79','80','81','82','83','84','85','86','87','88','89','90','91','92','93','94','95','96','97','98','99','100','101','102','103','104','105','106','107','113') AND `type` = 1 AND `status` = 1  [ RunTime:0.0010s ]
SQL: SHOW COLUMNS FROM `ecs_users` [ RunTime:0.0060s ]
SQL: SELECT COUNT(*) AS tp_count FROM `ecs_users` LIMIT 1   [ RunTime:0.0000s ]
SQL: SELECT * FROM `ecs_users` ORDER BY user_id asc LIMIT 0,20   [ RunTime:0.0000s ]

[ 2016-02-17T17:20:15+08:00 ] 127.0.0.1 /index.php?m=Admin&c=DepCenter&a=index
INFO: [ app_init ] --START--
INFO: Run Behavior\BuildLiteBehavior [ RunTime:0.000000s ]
INFO: [ app_init ] --END-- [ RunTime:0.001000s ]
INFO: [ app_begin ] --START--
INFO: Run Behavior\ReadHtmlCacheBehavior [ RunTime:0.001000s ]
INFO: [ app_begin ] --END-- [ RunTime:0.001000s ]
INFO: [ action_begin ] --START--
SQL: SHOW COLUMNS FROM `ecs_hooks` [ RunTime:0.0210s ]
SQL: SELECT `name`,`addons` FROM `ecs_hooks`  [ RunTime:0.0000s ]
SQL: SHOW COLUMNS FROM `ecs_addons` [ RunTime:0.0040s ]
SQL: SELECT `id`,`name` FROM `ecs_addons` WHERE `status` = 1 AND `name` IN ('SiteStat')  [ RunTime:0.0000s ]
INFO: Run Common\Behavior\InitHookBehavior [ RunTime:0.042002s ]
INFO: [ action_begin ] --END-- [ RunTime:0.042002s ]
SQL: SHOW COLUMNS FROM `ecs_auth_group_access` [ RunTime:0.0030s ]
SQL: SELECT `uid`,`group_id`,`title`,`rules` FROM ecs_auth_group_access a INNER JOIN ecs_auth_group g on a.group_id=g.id  WHERE ( a.uid='65' and g.status='1' )  [ RunTime:0.0000s ]
SQL: SHOW COLUMNS FROM `ecs_auth_rule` [ RunTime:0.0030s ]
SQL: SELECT `condition`,`name` FROM `ecs_auth_rule` WHERE `id` IN ('1','2','3','4','5','6','7','8','9','10','11','12','13','14','15','16','17','18','19','20','21','22','23','24','25','26','27','28','29','30','31','32','33','34','35','36','37','38','39','40','41','42','43','44','45','46','47','48','49','50','51','52','53','54','55','56','57','58','59','60','61','62','63','64','65','66','67','68','69','70','71','72','73','74','75','76','77','78','79','80','81','82','83','84','85','86','87','88','89','90','91','92','93','94','95','96','97','98','99','100','101','102','103','104','105','106','107','113') AND `type` = 1 AND `status` = 1  [ RunTime:0.0000s ]
SQL: SHOW COLUMNS FROM `ecs_users` [ RunTime:0.0030s ]
SQL: SELECT COUNT(*) AS tp_count FROM `ecs_users` LIMIT 1   [ RunTime:0.0010s ]
SQL: SELECT * FROM `ecs_users` ORDER BY user_id asc LIMIT 0,20   [ RunTime:0.0000s ]

[ 2016-02-17T17:20:33+08:00 ] 127.0.0.1 /index.php?m=Admin&c=DepCenter&a=index
INFO: [ app_init ] --START--
INFO: Run Behavior\BuildLiteBehavior [ RunTime:0.000000s ]
INFO: [ app_init ] --END-- [ RunTime:0.001000s ]
INFO: [ app_begin ] --START--
INFO: Run Behavior\ReadHtmlCacheBehavior [ RunTime:0.001000s ]
INFO: [ app_begin ] --END-- [ RunTime:0.001000s ]
INFO: [ action_begin ] --START--
SQL: SHOW COLUMNS FROM `ecs_hooks` [ RunTime:0.0030s ]
SQL: SELECT `name`,`addons` FROM `ecs_hooks`  [ RunTime:0.0000s ]
SQL: SHOW COLUMNS FROM `ecs_addons` [ RunTime:0.0030s ]
SQL: SELECT `id`,`name` FROM `ecs_addons` WHERE `status` = 1 AND `name` IN ('SiteStat')  [ RunTime:0.0000s ]
INFO: Run Common\Behavior\InitHookBehavior [ RunTime:0.019001s ]
INFO: [ action_begin ] --END-- [ RunTime:0.019001s ]
SQL: SHOW COLUMNS FROM `ecs_auth_group_access` [ RunTime:0.0030s ]
SQL: SELECT `uid`,`group_id`,`title`,`rules` FROM ecs_auth_group_access a INNER JOIN ecs_auth_group g on a.group_id=g.id  WHERE ( a.uid='65' and g.status='1' )  [ RunTime:0.0000s ]
SQL: SHOW COLUMNS FROM `ecs_auth_rule` [ RunTime:0.0030s ]
SQL: SELECT `condition`,`name` FROM `ecs_auth_rule` WHERE `id` IN ('1','2','3','4','5','6','7','8','9','10','11','12','13','14','15','16','17','18','19','20','21','22','23','24','25','26','27','28','29','30','31','32','33','34','35','36','37','38','39','40','41','42','43','44','45','46','47','48','49','50','51','52','53','54','55','56','57','58','59','60','61','62','63','64','65','66','67','68','69','70','71','72','73','74','75','76','77','78','79','80','81','82','83','84','85','86','87','88','89','90','91','92','93','94','95','96','97','98','99','100','101','102','103','104','105','106','107','113') AND `type` = 1 AND `status` = 1  [ RunTime:0.0000s ]
SQL: SHOW COLUMNS FROM `ecs_users` [ RunTime:0.0030s ]
SQL: SELECT COUNT(*) AS tp_count FROM `ecs_users` WHERE ( reg_time between 1455698640 and 1455698640 ) LIMIT 1   [ RunTime:0.0800s ]
SQL: SELECT * FROM `ecs_users` WHERE ( reg_time between 1455698640 and 1455698640 )  [ RunTime:0.0010s ]

[ 2016-02-17T17:20:37+08:00 ] 127.0.0.1 /index.php?m=Admin&c=DepCenter&a=index
INFO: [ app_init ] --START--
INFO: Run Behavior\BuildLiteBehavior [ RunTime:0.000000s ]
INFO: [ app_init ] --END-- [ RunTime:0.000000s ]
INFO: [ app_begin ] --START--
INFO: Run Behavior\ReadHtmlCacheBehavior [ RunTime:0.000000s ]
INFO: [ app_begin ] --END-- [ RunTime:0.000000s ]
INFO: [ action_begin ] --START--
SQL: SHOW COLUMNS FROM `ecs_hooks` [ RunTime:0.0020s ]
SQL: SELECT `name`,`addons` FROM `ecs_hooks`  [ RunTime:0.0000s ]
SQL: SHOW COLUMNS FROM `ecs_addons` [ RunTime:0.0020s ]
SQL: SELECT `id`,`name` FROM `ecs_addons` WHERE `status` = 1 AND `name` IN ('SiteStat')  [ RunTime:0.0000s ]
INFO: Run Common\Behavior\InitHookBehavior [ RunTime:0.023001s ]
INFO: [ action_begin ] --END-- [ RunTime:0.023001s ]
SQL: SHOW COLUMNS FROM `ecs_auth_group_access` [ RunTime:0.0030s ]
SQL: SELECT `uid`,`group_id`,`title`,`rules` FROM ecs_auth_group_access a INNER JOIN ecs_auth_group g on a.group_id=g.id  WHERE ( a.uid='65' and g.status='1' )  [ RunTime:0.0000s ]
SQL: SHOW COLUMNS FROM `ecs_auth_rule` [ RunTime:0.0030s ]
SQL: SELECT `condition`,`name` FROM `ecs_auth_rule` WHERE `id` IN ('1','2','3','4','5','6','7','8','9','10','11','12','13','14','15','16','17','18','19','20','21','22','23','24','25','26','27','28','29','30','31','32','33','34','35','36','37','38','39','40','41','42','43','44','45','46','47','48','49','50','51','52','53','54','55','56','57','58','59','60','61','62','63','64','65','66','67','68','69','70','71','72','73','74','75','76','77','78','79','80','81','82','83','84','85','86','87','88','89','90','91','92','93','94','95','96','97','98','99','100','101','102','103','104','105','106','107','113') AND `type` = 1 AND `status` = 1  [ RunTime:0.0010s ]
SQL: SHOW COLUMNS FROM `ecs_users` [ RunTime:0.0040s ]
SQL: SELECT COUNT(*) AS tp_count FROM `ecs_users` WHERE ( reg_time between 1455698640 and 1455698640 ) LIMIT 1   [ RunTime:0.0010s ]
SQL: SELECT * FROM `ecs_users` WHERE ( reg_time between 1455698640 and 1455698640 )  [ RunTime:0.0000s ]

[ 2016-02-17T17:20:38+08:00 ] 127.0.0.1 /index.php?m=Admin&c=DepCenter&a=index
INFO: [ app_init ] --START--
INFO: Run Behavior\BuildLiteBehavior [ RunTime:0.000000s ]
INFO: [ app_init ] --END-- [ RunTime:0.000000s ]
INFO: [ app_begin ] --START--
INFO: Run Behavior\ReadHtmlCacheBehavior [ RunTime:0.000000s ]
INFO: [ app_begin ] --END-- [ RunTime:0.000000s ]
INFO: [ action_begin ] --START--
SQL: SHOW COLUMNS FROM `ecs_hooks` [ RunTime:0.0040s ]
SQL: SELECT `name`,`addons` FROM `ecs_hooks`  [ RunTime:0.0010s ]
SQL: SHOW COLUMNS FROM `ecs_addons` [ RunTime:0.0030s ]
SQL: SELECT `id`,`name` FROM `ecs_addons` WHERE `status` = 1 AND `name` IN ('SiteStat')  [ RunTime:0.0000s ]
INFO: Run Common\Behavior\InitHookBehavior [ RunTime:0.015001s ]
INFO: [ action_begin ] --END-- [ RunTime:0.015001s ]
SQL: SHOW COLUMNS FROM `ecs_auth_group_access` [ RunTime:0.0040s ]
SQL: SELECT `uid`,`group_id`,`title`,`rules` FROM ecs_auth_group_access a INNER JOIN ecs_auth_group g on a.group_id=g.id  WHERE ( a.uid='65' and g.status='1' )  [ RunTime:0.0000s ]
SQL: SHOW COLUMNS FROM `ecs_auth_rule` [ RunTime:0.0030s ]
SQL: SELECT `condition`,`name` FROM `ecs_auth_rule` WHERE `id` IN ('1','2','3','4','5','6','7','8','9','10','11','12','13','14','15','16','17','18','19','20','21','22','23','24','25','26','27','28','29','30','31','32','33','34','35','36','37','38','39','40','41','42','43','44','45','46','47','48','49','50','51','52','53','54','55','56','57','58','59','60','61','62','63','64','65','66','67','68','69','70','71','72','73','74','75','76','77','78','79','80','81','82','83','84','85','86','87','88','89','90','91','92','93','94','95','96','97','98','99','100','101','102','103','104','105','106','107','113') AND `type` = 1 AND `status` = 1  [ RunTime:0.0000s ]
SQL: SHOW COLUMNS FROM `ecs_users` [ RunTime:0.0030s ]
SQL: SELECT COUNT(*) AS tp_count FROM `ecs_users` WHERE ( reg_time between 1455698640 and 1455698640 ) LIMIT 1   [ RunTime:0.0000s ]
SQL: SELECT * FROM `ecs_users` WHERE ( reg_time between 1455698640 and 1455698640 )  [ RunTime:0.0000s ]

[ 2016-02-17T17:20:46+08:00 ] 127.0.0.1 /index.php?m=Admin&c=DepCenter&a=index
INFO: [ app_init ] --START--
INFO: Run Behavior\BuildLiteBehavior [ RunTime:0.000000s ]
INFO: [ app_init ] --END-- [ RunTime:0.001000s ]
INFO: [ app_begin ] --START--
INFO: Run Behavior\ReadHtmlCacheBehavior [ RunTime:0.001001s ]
INFO: [ app_begin ] --END-- [ RunTime:0.001001s ]
INFO: [ action_begin ] --START--
SQL: SHOW COLUMNS FROM `ecs_hooks` [ RunTime:0.0040s ]
SQL: SELECT `name`,`addons` FROM `ecs_hooks`  [ RunTime:0.0010s ]
SQL: SHOW COLUMNS FROM `ecs_addons` [ RunTime:0.0040s ]
SQL: SELECT `id`,`name` FROM `ecs_addons` WHERE `status` = 1 AND `name` IN ('SiteStat')  [ RunTime:0.0000s ]
INFO: Run Common\Behavior\InitHookBehavior [ RunTime:0.016001s ]
INFO: [ action_begin ] --END-- [ RunTime:0.016001s ]
SQL: SHOW COLUMNS FROM `ecs_auth_group_access` [ RunTime:0.0030s ]
SQL: SELECT `uid`,`group_id`,`title`,`rules` FROM ecs_auth_group_access a INNER JOIN ecs_auth_group g on a.group_id=g.id  WHERE ( a.uid='65' and g.status='1' )  [ RunTime:0.0000s ]
SQL: SHOW COLUMNS FROM `ecs_auth_rule` [ RunTime:0.0040s ]
SQL: SELECT `condition`,`name` FROM `ecs_auth_rule` WHERE `id` IN ('1','2','3','4','5','6','7','8','9','10','11','12','13','14','15','16','17','18','19','20','21','22','23','24','25','26','27','28','29','30','31','32','33','34','35','36','37','38','39','40','41','42','43','44','45','46','47','48','49','50','51','52','53','54','55','56','57','58','59','60','61','62','63','64','65','66','67','68','69','70','71','72','73','74','75','76','77','78','79','80','81','82','83','84','85','86','87','88','89','90','91','92','93','94','95','96','97','98','99','100','101','102','103','104','105','106','107','113') AND `type` = 1 AND `status` = 1  [ RunTime:0.0010s ]
SQL: SHOW COLUMNS FROM `ecs_users` [ RunTime:0.0040s ]
SQL: SELECT COUNT(*) AS tp_count FROM `ecs_users` WHERE ( reg_time between 1450169040 and 1455698640 ) LIMIT 1   [ RunTime:0.0000s ]
SQL: SELECT * FROM `ecs_users` WHERE ( reg_time between 1450169040 and 1455698640 )  [ RunTime:0.0010s ]

[ 2016-02-17T17:20:49+08:00 ] 127.0.0.1 /index.php?m=Admin&c=DepCenter&a=index
INFO: [ app_init ] --START--
INFO: Run Behavior\BuildLiteBehavior [ RunTime:0.000000s ]
INFO: [ app_init ] --END-- [ RunTime:0.000000s ]
INFO: [ app_begin ] --START--
INFO: Run Behavior\ReadHtmlCacheBehavior [ RunTime:0.000000s ]
INFO: [ app_begin ] --END-- [ RunTime:0.000000s ]
INFO: [ action_begin ] --START--
SQL: SHOW COLUMNS FROM `ecs_hooks` [ RunTime:0.0030s ]
SQL: SELECT `name`,`addons` FROM `ecs_hooks`  [ RunTime:0.0000s ]
SQL: SHOW COLUMNS FROM `ecs_addons` [ RunTime:0.0030s ]
SQL: SELECT `id`,`name` FROM `ecs_addons` WHERE `status` = 1 AND `name` IN ('SiteStat')  [ RunTime:0.0010s ]
INFO: Run Common\Behavior\InitHookBehavior [ RunTime:0.024001s ]
INFO: [ action_begin ] --END-- [ RunTime:0.024001s ]
SQL: SHOW COLUMNS FROM `ecs_auth_group_access` [ RunTime:0.0040s ]
SQL: SELECT `uid`,`group_id`,`title`,`rules` FROM ecs_auth_group_access a INNER JOIN ecs_auth_group g on a.group_id=g.id  WHERE ( a.uid='65' and g.status='1' )  [ RunTime:0.0000s ]
SQL: SHOW COLUMNS FROM `ecs_auth_rule` [ RunTime:0.0030s ]
SQL: SELECT `condition`,`name` FROM `ecs_auth_rule` WHERE `id` IN ('1','2','3','4','5','6','7','8','9','10','11','12','13','14','15','16','17','18','19','20','21','22','23','24','25','26','27','28','29','30','31','32','33','34','35','36','37','38','39','40','41','42','43','44','45','46','47','48','49','50','51','52','53','54','55','56','57','58','59','60','61','62','63','64','65','66','67','68','69','70','71','72','73','74','75','76','77','78','79','80','81','82','83','84','85','86','87','88','89','90','91','92','93','94','95','96','97','98','99','100','101','102','103','104','105','106','107','113') AND `type` = 1 AND `status` = 1  [ RunTime:0.0010s ]
SQL: SHOW COLUMNS FROM `ecs_users` [ RunTime:0.0040s ]
SQL: SELECT COUNT(*) AS tp_count FROM `ecs_users` WHERE ( reg_time between 1450169040 and 1455698640 ) LIMIT 1   [ RunTime:0.0000s ]
SQL: SELECT * FROM `ecs_users` WHERE ( reg_time between 1450169040 and 1455698640 )  [ RunTime:0.0000s ]

[ 2016-02-17T17:20:50+08:00 ] 127.0.0.1 /index.php?m=Admin&c=DepCenter&a=index
INFO: [ app_init ] --START--
INFO: Run Behavior\BuildLiteBehavior [ RunTime:0.000000s ]
INFO: [ app_init ] --END-- [ RunTime:0.000000s ]
INFO: [ app_begin ] --START--
INFO: Run Behavior\ReadHtmlCacheBehavior [ RunTime:0.000000s ]
INFO: [ app_begin ] --END-- [ RunTime:0.000000s ]
INFO: [ action_begin ] --START--
SQL: SHOW COLUMNS FROM `ecs_hooks` [ RunTime:0.0050s ]
SQL: SELECT `name`,`addons` FROM `ecs_hooks`  [ RunTime:0.0000s ]
SQL: SHOW COLUMNS FROM `ecs_addons` [ RunTime:0.0040s ]
SQL: SELECT `id`,`name` FROM `ecs_addons` WHERE `status` = 1 AND `name` IN ('SiteStat')  [ RunTime:0.0010s ]
INFO: Run Common\Behavior\InitHookBehavior [ RunTime:0.028002s ]
INFO: [ action_begin ] --END-- [ RunTime:0.028002s ]
SQL: SHOW COLUMNS FROM `ecs_auth_group_access` [ RunTime:0.0040s ]
SQL: SELECT `uid`,`group_id`,`title`,`rules` FROM ecs_auth_group_access a INNER JOIN ecs_auth_group g on a.group_id=g.id  WHERE ( a.uid='65' and g.status='1' )  [ RunTime:0.0010s ]
SQL: SHOW COLUMNS FROM `ecs_auth_rule` [ RunTime:0.0030s ]
SQL: SELECT `condition`,`name` FROM `ecs_auth_rule` WHERE `id` IN ('1','2','3','4','5','6','7','8','9','10','11','12','13','14','15','16','17','18','19','20','21','22','23','24','25','26','27','28','29','30','31','32','33','34','35','36','37','38','39','40','41','42','43','44','45','46','47','48','49','50','51','52','53','54','55','56','57','58','59','60','61','62','63','64','65','66','67','68','69','70','71','72','73','74','75','76','77','78','79','80','81','82','83','84','85','86','87','88','89','90','91','92','93','94','95','96','97','98','99','100','101','102','103','104','105','106','107','113') AND `type` = 1 AND `status` = 1  [ RunTime:0.0000s ]
SQL: SHOW COLUMNS FROM `ecs_users` [ RunTime:0.0050s ]
SQL: SELECT COUNT(*) AS tp_count FROM `ecs_users` LIMIT 1   [ RunTime:0.0010s ]
SQL: SELECT * FROM `ecs_users` ORDER BY user_id asc LIMIT 0,20   [ RunTime:0.0000s ]

[ 2016-02-17T17:30:13+08:00 ] 127.0.0.1 /index.php?m=Admin&c=DepCenter&a=index
INFO: [ app_init ] --START--
INFO: Run Behavior\BuildLiteBehavior [ RunTime:0.001000s ]
INFO: [ app_init ] --END-- [ RunTime:0.001000s ]
INFO: [ app_begin ] --START--
INFO: Run Behavior\ReadHtmlCacheBehavior [ RunTime:0.000000s ]
INFO: [ app_begin ] --END-- [ RunTime:0.000000s ]
INFO: [ action_begin ] --START--
SQL: SHOW COLUMNS FROM `ecs_hooks` [ RunTime:0.0040s ]
SQL: SELECT `name`,`addons` FROM `ecs_hooks`  [ RunTime:0.0000s ]
SQL: SHOW COLUMNS FROM `ecs_addons` [ RunTime:0.0030s ]
SQL: SELECT `id`,`name` FROM `ecs_addons` WHERE `status` = 1 AND `name` IN ('SiteStat')  [ RunTime:0.0010s ]
INFO: Run Common\Behavior\InitHookBehavior [ RunTime:0.017001s ]
INFO: [ action_begin ] --END-- [ RunTime:0.017001s ]
SQL: SHOW COLUMNS FROM `ecs_auth_group_access` [ RunTime:0.0030s ]
SQL: SELECT `uid`,`group_id`,`title`,`rules` FROM ecs_auth_group_access a INNER JOIN ecs_auth_group g on a.group_id=g.id  WHERE ( a.uid='65' and g.status='1' )  [ RunTime:0.0000s ]
SQL: SHOW COLUMNS FROM `ecs_auth_rule` [ RunTime:0.0040s ]
SQL: SELECT `condition`,`name` FROM `ecs_auth_rule` WHERE `id` IN ('1','2','3','4','5','6','7','8','9','10','11','12','13','14','15','16','17','18','19','20','21','22','23','24','25','26','27','28','29','30','31','32','33','34','35','36','37','38','39','40','41','42','43','44','45','46','47','48','49','50','51','52','53','54','55','56','57','58','59','60','61','62','63','64','65','66','67','68','69','70','71','72','73','74','75','76','77','78','79','80','81','82','83','84','85','86','87','88','89','90','91','92','93','94','95','96','97','98','99','100','101','102','103','104','105','106','107','113') AND `type` = 1 AND `status` = 1  [ RunTime:0.0010s ]
SQL: SHOW COLUMNS FROM `ecs_users` [ RunTime:0.0030s ]
SQL: SELECT COUNT(*) AS tp_count FROM `ecs_users` LIMIT 1   [ RunTime:0.0000s ]
SQL: SELECT * FROM `ecs_users` ORDER BY user_id asc LIMIT 0,50   [ RunTime:0.0000s ]

